FileSize                       : 69632
IsLogFull                      : False
LastAccessTime                 : 3/31/2023 2:17:11 PM
LastWriteTime                  : 3/31/2023 2:17:11 PM
OldestRecordNumber             : 0
RecordCount                    : 0
LogName                        : Microsoft-Windows-User-Loader/Operational
LogType                        : Operational
LogIsolation                   : Application
IsEnabled                      : True
IsClassicLog                   : False
SecurityDescriptor             : O:BAG:SYD:(A;;0x2;;;S-1-15-2-1)(A;;0x2;;;S-1-15-3-1024-3153509613-960666767-3724611135-2725662640-12138253-543910227-1950414635-4190290187)(A;;0xf0007;;;SY)(A;;0x7;;;BA)(A;;0x7;;;SO)(A;;0x3;;;IU)(A;;0x3;;;SU)(A;;0x3;;;S-1-5-3)(A;;0x3;;;S-1-5-33)(A;;0x1;;;S-1-5-32-573)
LogFilePath                    : %SystemRoot%\System32\Winevt\Logs\Microsoft-Windows-User-Loader%4Operational.evtx
MaximumSizeInBytes             : 1052672
LogMode                        : Circular
OwningProviderName             : Microsoft-Windows-User-Loader
ProviderNames                  : {Microsoft-Windows-User-Loader}
ProviderLevel                  : 
ProviderKeywords               : 
ProviderBufferSize             : 64
ProviderMinimumNumberOfBuffers : 0
ProviderMaximumNumberOfBuffers : 64
ProviderLatency                : 1000
ProviderControlGuid            : 

FileSize                       : 1118208
IsLogFull                      : False
LastAccessTime                 : 3/31/2023 2:17:11 PM
LastWriteTime                  : 3/15/2023 8:30:04 PM
OldestRecordNumber             : 1
RecordCount                    : 564
LogName                        : Microsoft-Windows-User Profile Service/Operational
LogType                        : Operational
LogIsolation                   : Application
IsEnabled                      : True
IsClassicLog                   : False
SecurityDescriptor             : O:BAG:SYD:(A;;0x2;;;S-1-15-2-1)(A;;0x2;;;S-1-15-3-1024-3153509613-960666767-3724611135-2725662640-12138253-543910227-1950414635-4190290187)(A;;0xf0007;;;SY)(A;;0x7;;;BA)(A;;0x7;;;SO)(A;;0x3;;;IU)(A;;0x3;;;SU)(A;;0x3;;;S-1-5-3)(A;;0x3;;;S-1-5-33)(A;;0x1;;;S-1-5-32-573)
LogFilePath                    : %SystemRoot%\System32\Winevt\Logs\Microsoft-Windows-User Profile Service%4Operational.evtx
MaximumSizeInBytes             : 4194304
LogMode                        : Circular
OwningProviderName             : Microsoft-Windows-User Profiles Service
ProviderNames                  : {Microsoft-Windows-User Profiles General, Microsoft-Windows-User Profiles Service}
ProviderLevel                  : 
ProviderKeywords               : 
ProviderBufferSize             : 64
ProviderMinimumNumberOfBuffers : 0
ProviderMaximumNumberOfBuffers : 64
ProviderLatency                : 1000
ProviderControlGuid            : 

FileSize                       : 1052672
IsLogFull                      : False
LastAccessTime                 : 3/31/2023 2:17:11 PM
LastWriteTime                  : 3/16/2023 8:35:49 PM
OldestRecordNumber             : 3215
RecordCount                    : 1702
LogName                        : Microsoft-Windows-User Device Registration/Admin
LogType                        : Administrative
LogIsolation                   : Application
IsEnabled                      : True
IsClassicLog                   : False
SecurityDescriptor             : O:BAG:SYD:(A;;0x2;;;S-1-15-2-1)(A;;0x2;;;S-1-15-3-1024-3153509613-960666767-3724611135-2725662640-12138253-543910227-1950414635-4190290187)(A;;0xf0007;;;SY)(A;;0x7;;;BA)(A;;0x7;;;SO)(A;;0x3;;;IU)(A;;0x3;;;SU)(A;;0x3;;;S-1-5-3)(A;;0x3;;;S-1-5-33)(A;;0x1;;;S-1-5-32-573)
LogFilePath                    : %SystemRoot%\System32\Winevt\Logs\Microsoft-Windows-User Device Registration%4Admin.evtx
MaximumSizeInBytes             : 1052672
LogMode                        : Circular
OwningProviderName             : Microsoft-Windows-User Device Registration
ProviderNames                  : {Microsoft-Windows-User Device Registration}
ProviderLevel                  : 
ProviderKeywords               : 
ProviderBufferSize             : 64
ProviderMinimumNumberOfBuffers : 0
ProviderMaximumNumberOfBuffers : 64
ProviderLatency                : 1000
ProviderControlGuid            : 

FileSize                       : 69632
IsLogFull                      : False
LastAccessTime                 : 3/31/2023 2:17:11 PM
LastWriteTime                  : 3/31/2023 2:17:11 PM
OldestRecordNumber             : 0
RecordCount                    : 0
LogName                        : Microsoft-Windows-User Control Panel/Operational
LogType                        : Operational
LogIsolation                   : Application
IsEnabled                      : True
IsClassicLog                   : False
SecurityDescriptor             : O:BAG:SYD:(A;;0x2;;;S-1-15-2-1)(A;;0x2;;;S-1-15-3-1024-3153509613-960666767-3724611135-2725662640-12138253-543910227-1950414635-4190290187)(A;;0xf0007;;;SY)(A;;0x7;;;BA)(A;;0x7;;;SO)(A;;0x3;;;IU)(A;;0x3;;;SU)(A;;0x3;;;S-1-5-3)(A;;0x3;;;S-1-5-33)(A;;0x1;;;S-1-5-32-573)
LogFilePath                    : %SystemRoot%\System32\Winevt\Logs\Microsoft-Windows-User Control Panel%4Operational.evtx
MaximumSizeInBytes             : 1052672
LogMode                        : Circular
OwningProviderName             : Microsoft-Windows-User-ControlPanel
ProviderNames                  : {Microsoft-Windows-User-ControlPanel}
ProviderLevel                  : 
ProviderKeywords               : 
ProviderBufferSize             : 64
ProviderMinimumNumberOfBuffers : 0
ProviderMaximumNumberOfBuffers : 64
ProviderLatency                : 1000
ProviderControlGuid            : 

FileSize                       : 69632
IsLogFull                      : False
LastAccessTime                 : 3/31/2023 5:37:35 PM
LastWriteTime                  : 6/25/2021 12:11:34 PM
OldestRecordNumber             : 1
RecordCount                    : 105
LogName                        : Microsoft-Windows-UniversalTelemetryClient/Operational
LogType                        : Operational
LogIsolation                   : Application
IsEnabled                      : True
IsClassicLog                   : False
SecurityDescriptor             : O:BAG:SYD:(A;;0x2;;;S-1-15-2-1)(A;;0x2;;;S-1-15-3-1024-3153509613-960666767-3724611135-2725662640-12138253-543910227-1950414635-4190290187)(A;;0xf0007;;;SY)(A;;0x7;;;BA)(A;;0x7;;;SO)(A;;0x3;;;IU)(A;;0x3;;;SU)(A;;0x3;;;S-1-5-3)(A;;0x3;;;S-1-5-33)(A;;0x1;;;S-1-5-32-573)
LogFilePath                    : %SystemRoot%\System32\Winevt\Logs\Microsoft-Windows-UniversalTelemetryClient%4Operational.evtx
MaximumSizeInBytes             : 1052672
LogMode                        : Circular
OwningProviderName             : Microsoft-Windows-UniversalTelemetryClient
ProviderNames                  : {Microsoft-Windows-UniversalTelemetryClient}
ProviderLevel                  : 
ProviderKeywords               : 
ProviderBufferSize             : 64
ProviderMinimumNumberOfBuffers : 0
ProviderMaximumNumberOfBuffers : 64
ProviderLatency                : 1000
ProviderControlGuid            : 

FileSize                       : 69632
IsLogFull                      : False
LastAccessTime                 : 3/31/2023 2:17:11 PM
LastWriteTime                  : 3/31/2023 2:17:11 PM
OldestRecordNumber             : 0
RecordCount                    : 0
LogName                        : Microsoft-Windows-UAC/Operational
LogType                        : Operational
LogIsolation                   : Application
IsEnabled                      : True
IsClassicLog                   : False
SecurityDescriptor             : O:BAG:SYD:(A;;0x2;;;S-1-15-2-1)(A;;0x2;;;S-1-15-3-1024-3153509613-960666767-3724611135-2725662640-12138253-543910227-1950414635-4190290187)(A;;0xf0007;;;SY)(A;;0x7;;;BA)(A;;0x7;;;SO)(A;;0x3;;;IU)(A;;0x3;;;SU)(A;;0x3;;;S-1-5-3)(A;;0x3;;;S-1-5-33)(A;;0x1;;;S-1-5-32-573)
LogFilePath                    : %SystemRoot%\System32\Winevt\Logs\Microsoft-Windows-UAC%4Operational.evtx
MaximumSizeInBytes             : 1052672
LogMode                        : Circular
OwningProviderName             : Microsoft-Windows-UAC
ProviderNames                  : {Microsoft-Windows-UAC}
ProviderLevel                  : 
ProviderKeywords               : 
ProviderBufferSize             : 64
ProviderMinimumNumberOfBuffers : 0
ProviderMaximumNumberOfBuffers : 64
ProviderLatency                : 1000
ProviderControlGuid            : 

FileSize                       : 69632
IsLogFull                      : False
LastAccessTime                 : 3/31/2023 2:17:11 PM
LastWriteTime                  : 3/31/2023 2:17:11 PM
OldestRecordNumber             : 0
RecordCount                    : 0
LogName                        : Microsoft-Windows-TZUtil/Operational
LogType                        : Operational
LogIsolation                   : Application
IsEnabled                      : True
IsClassicLog                   : False
SecurityDescriptor             : O:BAG:SYD:(A;;0x2;;;S-1-15-2-1)(A;;0x2;;;S-1-15-3-1024-3153509613-960666767-3724611135-2725662640-12138253-543910227-1950414635-4190290187)(A;;0xf0007;;;SY)(A;;0x7;;;BA)(A;;0x7;;;SO)(A;;0x3;;;IU)(A;;0x3;;;SU)(A;;0x3;;;S-1-5-3)(A;;0x3;;;S-1-5-33)(A;;0x1;;;S-1-5-32-573)
LogFilePath                    : %SystemRoot%\System32\Winevt\Logs\Microsoft-Windows-TZUtil%4Operational.evtx
MaximumSizeInBytes             : 1052672
LogMode                        : Circular
OwningProviderName             : Microsoft-Windows-TZUtil
ProviderNames                  : {Microsoft-Windows-TZUtil}
ProviderLevel                  : 
ProviderKeywords               : 
ProviderBufferSize             : 64
ProviderMinimumNumberOfBuffers : 0
ProviderMaximumNumberOfBuffers : 64
ProviderLatency                : 1000
ProviderControlGuid            : 

FileSize                       : 69632
IsLogFull                      : False
LastAccessTime                 : 3/31/2023 5:37:35 PM
LastWriteTime                  : 3/28/2023 4:09:55 PM
OldestRecordNumber             : 1
RecordCount                    : 155
LogName                        : Microsoft-Windows-TZSync/Operational
LogType                        : Operational
LogIsolation                   : Application
IsEnabled                      : True
IsClassicLog                   : False
SecurityDescriptor             : O:BAG:SYD:(A;;0x2;;;S-1-15-2-1)(A;;0x2;;;S-1-15-3-1024-3153509613-960666767-3724611135-2725662640-12138253-543910227-1950414635-4190290187)(A;;0xf0007;;;SY)(A;;0x7;;;BA)(A;;0x7;;;SO)(A;;0x3;;;IU)(A;;0x3;;;SU)(A;;0x3;;;S-1-5-3)(A;;0x3;;;S-1-5-33)(A;;0x1;;;S-1-5-32-573)
LogFilePath                    : %SystemRoot%\System32\Winevt\Logs\Microsoft-Windows-TZSync%4Operational.evtx
MaximumSizeInBytes             : 1052672
LogMode                        : Circular
OwningProviderName             : Microsoft-Windows-TZSync
ProviderNames                  : {Microsoft-Windows-TZSync}
ProviderLevel                  : 
ProviderKeywords               : 
ProviderBufferSize             : 64
ProviderMinimumNumberOfBuffers : 0
ProviderMaximumNumberOfBuffers : 64
ProviderLatency                : 1000
ProviderControlGuid            : 

FileSize                       : 69632
IsLogFull                      : False
LastAccessTime                 : 3/31/2023 5:37:35 PM
LastWriteTime                  : 3/15/2023 8:18:29 PM
OldestRecordNumber             : 1
RecordCount                    : 35
LogName                        : Microsoft-Windows-TWinUI/Operational
LogType                        : Operational
LogIsolation                   : Application
IsEnabled                      : True
IsClassicLog                   : False
SecurityDescriptor             : O:BAG:SYD:(A;;0x2;;;S-1-15-2-1)(A;;0x2;;;S-1-15-3-1024-3153509613-960666767-3724611135-2725662640-12138253-543910227-1950414635-4190290187)(A;;0xf0007;;;SY)(A;;0x7;;;BA)(A;;0x7;;;SO)(A;;0x3;;;IU)(A;;0x3;;;SU)(A;;0x3;;;S-1-5-3)(A;;0x3;;;S-1-5-33)(A;;0x1;;;S-1-5-32-573)
LogFilePath                    : %SystemRoot%\System32\Winevt\Logs\Microsoft-Windows-TWinUI%4Operational.evtx
MaximumSizeInBytes             : 1052672
LogMode                        : Circular
OwningProviderName             : Microsoft-Windows-Immersive-Shell
ProviderNames                  : {Microsoft-Windows-Immersive-Shell}
ProviderLevel                  : 
ProviderKeywords               : 
ProviderBufferSize             : 64
ProviderMinimumNumberOfBuffers : 0
ProviderMaximumNumberOfBuffers : 64
ProviderLatency                : 1000
ProviderControlGuid            : 

FileSize                       : 69632
IsLogFull                      : False
LastAccessTime                 : 3/31/2023 2:17:11 PM
LastWriteTime                  : 3/31/2023 2:17:11 PM
OldestRecordNumber             : 0
RecordCount                    : 0
LogName                        : Microsoft-Windows-Troubleshooting-Recommended/Operational
LogType                        : Operational
LogIsolation                   : Application
IsEnabled                      : True
IsClassicLog                   : False
SecurityDescriptor             : O:BAG:SYD:(A;;0x2;;;S-1-15-2-1)(A;;0x2;;;S-1-15-3-1024-3153509613-960666767-3724611135-2725662640-12138253-543910227-1950414635-4190290187)(A;;0xf0007;;;SY)(A;;0x7;;;BA)(A;;0x7;;;SO)(A;;0x3;;;IU)(A;;0x3;;;SU)(A;;0x3;;;S-1-5-3)(A;;0x3;;;S-1-5-33)(A;;0x1;;;S-1-5-32-573)
LogFilePath                    : %SystemRoot%\System32\Winevt\Logs\Microsoft-Windows-Troubleshooting-Recommended%4Operational.evtx
MaximumSizeInBytes             : 1052672
LogMode                        : Circular
OwningProviderName             : Microsoft-Windows-Troubleshooting-Recommended
ProviderNames                  : {Microsoft-Windows-Troubleshooting-Recommended}
ProviderLevel                  : 
ProviderKeywords               : 
ProviderBufferSize             : 64
ProviderMinimumNumberOfBuffers : 0
ProviderMaximumNumberOfBuffers : 64
ProviderLatency                : 1000
ProviderControlGuid            : 

FileSize                       : 69632
IsLogFull                      : False
LastAccessTime                 : 3/31/2023 2:17:11 PM
LastWriteTime                  : 3/31/2023 2:17:11 PM
OldestRecordNumber             : 0
RecordCount                    : 0
LogName                        : Microsoft-Windows-Troubleshooting-Recommended/Admin
LogType                        : Administrative
LogIsolation                   : Application
IsEnabled                      : True
IsClassicLog                   : False
SecurityDescriptor             : O:BAG:SYD:(A;;0x2;;;S-1-15-2-1)(A;;0x2;;;S-1-15-3-1024-3153509613-960666767-3724611135-2725662640-12138253-543910227-1950414635-4190290187)(A;;0xf0007;;;SY)(A;;0x7;;;BA)(A;;0x7;;;SO)(A;;0x3;;;IU)(A;;0x3;;;SU)(A;;0x3;;;S-1-5-3)(A;;0x3;;;S-1-5-33)(A;;0x1;;;S-1-5-32-573)
LogFilePath                    : %SystemRoot%\System32\Winevt\Logs\Microsoft-Windows-Troubleshooting-Recommended%4Admin.evtx
MaximumSizeInBytes             : 1052672
LogMode                        : Circular
OwningProviderName             : Microsoft-Windows-Troubleshooting-Recommended
ProviderNames                  : {Microsoft-Windows-Troubleshooting-Recommended}
ProviderLevel                  : 
ProviderKeywords               : 
ProviderBufferSize             : 64
ProviderMinimumNumberOfBuffers : 0
ProviderMaximumNumberOfBuffers : 64
ProviderLatency                : 1000
ProviderControlGuid            : 

FileSize                       : 1052672
IsLogFull                      : False
LastAccessTime                 : 3/31/2023 5:10:56 PM
LastWriteTime                  : 3/31/2023 5:10:56 PM
OldestRecordNumber             : 45684
RecordCount                    : 2104
LogName                        : Microsoft-Windows-Time-Service/Operational
LogType                        : Operational
LogIsolation                   : Application
IsEnabled                      : True
IsClassicLog                   : False
SecurityDescriptor             : O:BAG:SYD:(A;;0x2;;;S-1-15-2-1)(A;;0x2;;;S-1-15-3-1024-3153509613-960666767-3724611135-2725662640-12138253-543910227-1950414635-4190290187)(A;;0xf0007;;;SY)(A;;0x7;;;BA)(A;;0x7;;;SO)(A;;0x3;;;IU)(A;;0x3;;;SU)(A;;0x3;;;S-1-5-3)(A;;0x3;;;S-1-5-33)(A;;0x1;;;S-1-5-32-573)
LogFilePath                    : %SystemRoot%\System32\Winevt\Logs\Microsoft-Windows-Time-Service%4Operational.evtx
MaximumSizeInBytes             : 1052672
LogMode                        : Circular
OwningProviderName             : Microsoft-Windows-Time-Service
ProviderNames                  : {Microsoft-Windows-Time-Service}
ProviderLevel                  : 
ProviderKeywords               : 
ProviderBufferSize             : 64
ProviderMinimumNumberOfBuffers : 0
ProviderMaximumNumberOfBuffers : 64
ProviderLatency                : 1000
ProviderControlGuid            : 

FileSize                       : 69632
IsLogFull                      : False
LastAccessTime                 : 3/31/2023 2:17:11 PM
LastWriteTime                  : 3/31/2023 2:17:11 PM
OldestRecordNumber             : 0
RecordCount                    : 0
LogName                        : Microsoft-Windows-Time-Service-PTP-Provider/PTP-Operational
LogType                        : Operational
LogIsolation                   : Application
IsEnabled                      : True
IsClassicLog                   : False
SecurityDescriptor             : O:BAG:SYD:(A;;0x2;;;S-1-15-2-1)(A;;0x2;;;S-1-15-3-1024-3153509613-960666767-3724611135-2725662640-12138253-543910227-1950414635-4190290187)(A;;0xf0007;;;SY)(A;;0x7;;;BA)(A;;0x7;;;SO)(A;;0x3;;;IU)(A;;0x3;;;SU)(A;;0x3;;;S-1-5-3)(A;;0x3;;;S-1-5-33)(A;;0x1;;;S-1-5-32-573)
LogFilePath                    : %SystemRoot%\System32\Winevt\Logs\Microsoft-Windows-Time-Service-PTP-Provider%4PTP-Operational.evtx
MaximumSizeInBytes             : 1052672
LogMode                        : Circular
OwningProviderName             : Microsoft-Windows-Time-Service-PTP-Provider
ProviderNames                  : {Microsoft-Windows-Time-Service-PTP-Provider}
ProviderLevel                  : 
ProviderKeywords               : 
ProviderBufferSize             : 64
ProviderMinimumNumberOfBuffers : 0
ProviderMaximumNumberOfBuffers : 64
ProviderLatency                : 1000
ProviderControlGuid            : 

FileSize                       : 69632
IsLogFull                      : False
LastAccessTime                 : 3/31/2023 2:17:11 PM
LastWriteTime                  : 3/31/2023 2:17:11 PM
OldestRecordNumber             : 0
RecordCount                    : 0
LogName                        : Microsoft-Windows-TerminalServices-ServerUSBDevices/Operational
LogType                        : Operational
LogIsolation                   : Application
IsEnabled                      : True
IsClassicLog                   : False
SecurityDescriptor             : O:BAG:SYD:(A;;0x2;;;S-1-15-2-1)(A;;0x2;;;S-1-15-3-1024-3153509613-960666767-3724611135-2725662640-12138253-543910227-1950414635-4190290187)(A;;0xf0007;;;SY)(A;;0x7;;;BA)(A;;0x7;;;SO)(A;;0x3;;;IU)(A;;0x3;;;SU)(A;;0x3;;;S-1-5-3)(A;;0x3;;;S-1-5-33)(A;;0x1;;;S-1-5-32-573)
LogFilePath                    : %SystemRoot%\System32\Winevt\Logs\Microsoft-Windows-TerminalServices-ServerUSBDevices%4Operational.evtx
MaximumSizeInBytes             : 1052672
LogMode                        : Circular
OwningProviderName             : Microsoft-Windows-TerminalServices-ServerUSBDevices
ProviderNames                  : {Microsoft-Windows-TerminalServices-ServerUSBDevices}
ProviderLevel                  : 
ProviderKeywords               : 
ProviderBufferSize             : 64
ProviderMinimumNumberOfBuffers : 0
ProviderMaximumNumberOfBuffers : 64
ProviderLatency                : 1000
ProviderControlGuid            : 

FileSize                       : 69632
IsLogFull                      : False
LastAccessTime                 : 3/31/2023 2:17:11 PM
LastWriteTime                  : 3/31/2023 2:17:11 PM
OldestRecordNumber             : 0
RecordCount                    : 0
LogName                        : Microsoft-Windows-TerminalServices-ServerUSBDevices/Admin
LogType                        : Administrative
LogIsolation                   : Application
IsEnabled                      : True
IsClassicLog                   : False
SecurityDescriptor             : O:BAG:SYD:(A;;0x2;;;S-1-15-2-1)(A;;0x2;;;S-1-15-3-1024-3153509613-960666767-3724611135-2725662640-12138253-543910227-1950414635-4190290187)(A;;0xf0007;;;SY)(A;;0x7;;;BA)(A;;0x7;;;SO)(A;;0x3;;;IU)(A;;0x3;;;SU)(A;;0x3;;;S-1-5-3)(A;;0x3;;;S-1-5-33)(A;;0x1;;;S-1-5-32-573)
LogFilePath                    : %SystemRoot%\System32\Winevt\Logs\Microsoft-Windows-TerminalServices-ServerUSBDevices%4Admin.evtx
MaximumSizeInBytes             : 1052672
LogMode                        : Circular
OwningProviderName             : Microsoft-Windows-TerminalServices-ServerUSBDevices
ProviderNames                  : {Microsoft-Windows-TerminalServices-ServerUSBDevices}
ProviderLevel                  : 
ProviderKeywords               : 
ProviderBufferSize             : 64
ProviderMinimumNumberOfBuffers : 0
ProviderMaximumNumberOfBuffers : 64
ProviderLatency                : 1000
ProviderControlGuid            : 

FileSize                       : 69632
IsLogFull                      : False
LastAccessTime                 : 3/31/2023 5:37:35 PM
LastWriteTime                  : 4/28/2021 2:53:48 PM
OldestRecordNumber             : 1
RecordCount                    : 81
LogName                        : Microsoft-Windows-TerminalServices-RemoteConnectionManager/Operational
LogType                        : Operational
LogIsolation                   : Application
IsEnabled                      : True
IsClassicLog                   : False
SecurityDescriptor             : O:BAG:SYD:(A;;0x2;;;S-1-15-2-1)(A;;0x2;;;S-1-15-3-1024-3153509613-960666767-3724611135-2725662640-12138253-543910227-1950414635-4190290187)(A;;0xf0007;;;SY)(A;;0x7;;;BA)(A;;0x7;;;SO)(A;;0x3;;;IU)(A;;0x3;;;SU)(A;;0x3;;;S-1-5-3)(A;;0x3;;;S-1-5-33)(A;;0x1;;;S-1-5-32-573)
LogFilePath                    : %SystemRoot%\System32\Winevt\Logs\Microsoft-Windows-TerminalServices-RemoteConnectionManager%4Operational.evtx
MaximumSizeInBytes             : 1052672
LogMode                        : Circular
OwningProviderName             : Microsoft-Windows-TerminalServices-RemoteConnectionManager
ProviderNames                  : {Microsoft-Windows-TerminalServices-RemoteConnectionManager}
ProviderLevel                  : 
ProviderKeywords               : 
ProviderBufferSize             : 64
ProviderMinimumNumberOfBuffers : 0
ProviderMaximumNumberOfBuffers : 64
ProviderLatency                : 1000
ProviderControlGuid            : 

FileSize                       : 69632
IsLogFull                      : False
LastAccessTime                 : 3/31/2023 5:37:35 PM
LastWriteTime                  : 4/28/2021 2:53:48 PM
OldestRecordNumber             : 1
RecordCount                    : 12
LogName                        : Microsoft-Windows-TerminalServices-RemoteConnectionManager/Admin
LogType                        : Administrative
LogIsolation                   : Application
IsEnabled                      : True
IsClassicLog                   : False
SecurityDescriptor             : O:BAG:SYD:(A;;0x2;;;S-1-15-2-1)(A;;0x2;;;S-1-15-3-1024-3153509613-960666767-3724611135-2725662640-12138253-543910227-1950414635-4190290187)(A;;0xf0007;;;SY)(A;;0x7;;;BA)(A;;0x7;;;SO)(A;;0x3;;;IU)(A;;0x3;;;SU)(A;;0x3;;;S-1-5-3)(A;;0x3;;;S-1-5-33)(A;;0x1;;;S-1-5-32-573)
LogFilePath                    : %SystemRoot%\System32\Winevt\Logs\Microsoft-Windows-TerminalServices-RemoteConnectionManager%4Admin.evtx
MaximumSizeInBytes             : 1052672
LogMode                        : Circular
OwningProviderName             : Microsoft-Windows-TerminalServices-RemoteConnectionManager
ProviderNames                  : {Microsoft-Windows-TerminalServices-RemoteConnectionManager}
ProviderLevel                  : 
ProviderKeywords               : 
ProviderBufferSize             : 64
ProviderMinimumNumberOfBuffers : 0
ProviderMaximumNumberOfBuffers : 64
ProviderLatency                : 1000
ProviderControlGuid            : 

FileSize                       : 69632
IsLogFull                      : False
LastAccessTime                 : 3/31/2023 5:37:35 PM
LastWriteTime                  : 11/18/2022 11:11:18 PM
OldestRecordNumber             : 0
RecordCount                    : 0
LogName                        : Microsoft-Windows-TerminalServices-RDPClient/Operational
LogType                        : Operational
LogIsolation                   : Application
IsEnabled                      : True
IsClassicLog                   : False
SecurityDescriptor             : O:BAG:SYD:(A;;0x2;;;S-1-15-2-1)(A;;0x2;;;S-1-15-3-1024-3153509613-960666767-3724611135-2725662640-12138253-543910227-1950414635-4190290187)(A;;0xf0007;;;SY)(A;;0x7;;;BA)(A;;0x7;;;SO)(A;;0x3;;;IU)(A;;0x3;;;SU)(A;;0x3;;;S-1-5-3)(A;;0x3;;;S-1-5-33)(A;;0x1;;;S-1-5-32-573)
LogFilePath                    : %SystemRoot%\System32\Winevt\Logs\Microsoft-Windows-TerminalServices-RDPClient%4Operational.evtx
MaximumSizeInBytes             : 1052672
LogMode                        : Circular
OwningProviderName             : Microsoft-Windows-TerminalServices-ClientActiveXCore
ProviderNames                  : {Microsoft-Windows-TerminalServices-ClientActiveXCore}
ProviderLevel                  : 
ProviderKeywords               : 
ProviderBufferSize             : 64
ProviderMinimumNumberOfBuffers : 0
ProviderMaximumNumberOfBuffers : 64
ProviderLatency                : 1000
ProviderControlGuid            : 

FileSize                       : 69632
IsLogFull                      : False
LastAccessTime                 : 3/31/2023 2:17:11 PM
LastWriteTime                  : 3/31/2023 2:17:11 PM
OldestRecordNumber             : 0
RecordCount                    : 0
LogName                        : Microsoft-Windows-TerminalServices-Printers/Operational
LogType                        : Operational
LogIsolation                   : Application
IsEnabled                      : True
IsClassicLog                   : False
SecurityDescriptor             : O:BAG:SYD:(A;;0x2;;;S-1-15-2-1)(A;;0x2;;;S-1-15-3-1024-3153509613-960666767-3724611135-2725662640-12138253-543910227-1950414635-4190290187)(A;;0xf0007;;;SY)(A;;0x7;;;BA)(A;;0x7;;;SO)(A;;0x3;;;IU)(A;;0x3;;;SU)(A;;0x3;;;S-1-5-3)(A;;0x3;;;S-1-5-33)(A;;0x1;;;S-1-5-32-573)
LogFilePath                    : %SystemRoot%\System32\Winevt\Logs\Microsoft-Windows-TerminalServices-Printers%4Operational.evtx
MaximumSizeInBytes             : 1052672
LogMode                        : Circular
OwningProviderName             : Microsoft-Windows-TerminalServices-Printers
ProviderNames                  : {Microsoft-Windows-TerminalServices-Printers}
ProviderLevel                  : 
ProviderKeywords               : 
ProviderBufferSize             : 64
ProviderMinimumNumberOfBuffers : 0
ProviderMaximumNumberOfBuffers : 64
ProviderLatency                : 1000
ProviderControlGuid            : 

FileSize                       : 69632
IsLogFull                      : False
LastAccessTime                 : 3/31/2023 2:17:11 PM
LastWriteTime                  : 3/31/2023 2:17:11 PM
OldestRecordNumber             : 0
RecordCount                    : 0
LogName                        : Microsoft-Windows-TerminalServices-Printers/Admin
LogType                        : Administrative
LogIsolation                   : Application
IsEnabled                      : True
IsClassicLog                   : False
SecurityDescriptor             : O:BAG:SYD:(A;;0x2;;;S-1-15-2-1)(A;;0x2;;;S-1-15-3-1024-3153509613-960666767-3724611135-2725662640-12138253-543910227-1950414635-4190290187)(A;;0xf0007;;;SY)(A;;0x7;;;BA)(A;;0x7;;;SO)(A;;0x3;;;IU)(A;;0x3;;;SU)(A;;0x3;;;S-1-5-3)(A;;0x3;;;S-1-5-33)(A;;0x1;;;S-1-5-32-573)
LogFilePath                    : %SystemRoot%\System32\Winevt\Logs\Microsoft-Windows-TerminalServices-Printers%4Admin.evtx
MaximumSizeInBytes             : 1052672
LogMode                        : Circular
OwningProviderName             : Microsoft-Windows-TerminalServices-Printers
ProviderNames                  : {Microsoft-Windows-TerminalServices-Printers}
ProviderLevel                  : 
ProviderKeywords               : 
ProviderBufferSize             : 64
ProviderMinimumNumberOfBuffers : 0
ProviderMaximumNumberOfBuffers : 64
ProviderLatency                : 1000
ProviderControlGuid            : 

FileSize                       : 69632
IsLogFull                      : False
LastAccessTime                 : 3/31/2023 2:17:11 PM
LastWriteTime                  : 3/31/2023 2:17:11 PM
OldestRecordNumber             : 0
RecordCount                    : 0
LogName                        : Microsoft-Windows-TerminalServices-PnPDevices/Operational
LogType                        : Operational
LogIsolation                   : Application
IsEnabled                      : True
IsClassicLog                   : False
SecurityDescriptor             : O:BAG:SYD:(A;;0x2;;;S-1-15-2-1)(A;;0x2;;;S-1-15-3-1024-3153509613-960666767-3724611135-2725662640-12138253-543910227-1950414635-4190290187)(A;;0xf0007;;;SY)(A;;0x7;;;BA)(A;;0x7;;;SO)(A;;0x3;;;IU)(A;;0x3;;;SU)(A;;0x3;;;S-1-5-3)(A;;0x3;;;S-1-5-33)(A;;0x1;;;S-1-5-32-573)
LogFilePath                    : %SystemRoot%\System32\Winevt\Logs\Microsoft-Windows-TerminalServices-PnPDevices%4Operational.evtx
MaximumSizeInBytes             : 1052672
LogMode                        : Circular
OwningProviderName             : Microsoft-Windows-TerminalServices-PnPDevices
ProviderNames                  : {Microsoft-Windows-TerminalServices-PnPDevices}
ProviderLevel                  : 
ProviderKeywords               : 
ProviderBufferSize             : 64
ProviderMinimumNumberOfBuffers : 0
ProviderMaximumNumberOfBuffers : 64
ProviderLatency                : 1000
ProviderControlGuid            : 

FileSize                       : 69632
IsLogFull                      : False
LastAccessTime                 : 3/31/2023 2:17:11 PM
LastWriteTime                  : 3/31/2023 2:17:11 PM
OldestRecordNumber             : 0
RecordCount                    : 0
LogName                        : Microsoft-Windows-TerminalServices-PnPDevices/Admin
LogType                        : Administrative
LogIsolation                   : Application
IsEnabled                      : True
IsClassicLog                   : False
SecurityDescriptor             : O:BAG:SYD:(A;;0x2;;;S-1-15-2-1)(A;;0x2;;;S-1-15-3-1024-3153509613-960666767-3724611135-2725662640-12138253-543910227-1950414635-4190290187)(A;;0xf0007;;;SY)(A;;0x7;;;BA)(A;;0x7;;;SO)(A;;0x3;;;IU)(A;;0x3;;;SU)(A;;0x3;;;S-1-5-3)(A;;0x3;;;S-1-5-33)(A;;0x1;;;S-1-5-32-573)
LogFilePath                    : %SystemRoot%\System32\Winevt\Logs\Microsoft-Windows-TerminalServices-PnPDevices%4Admin.evtx
MaximumSizeInBytes             : 1052672
LogMode                        : Circular
OwningProviderName             : Microsoft-Windows-TerminalServices-PnPDevices
ProviderNames                  : {Microsoft-Windows-TerminalServices-PnPDevices}
ProviderLevel                  : 
ProviderKeywords               : 
ProviderBufferSize             : 64
ProviderMinimumNumberOfBuffers : 0
ProviderMaximumNumberOfBuffers : 64
ProviderLatency                : 1000
ProviderControlGuid            : 

FileSize                       : 1052672
IsLogFull                      : False
LastAccessTime                 : 3/31/2023 2:17:11 PM
LastWriteTime                  : 3/15/2023 8:30:04 PM
OldestRecordNumber             : 1
RecordCount                    : 709
LogName                        : Microsoft-Windows-TerminalServices-LocalSessionManager/Operational
LogType                        : Operational
LogIsolation                   : Application
IsEnabled                      : True
IsClassicLog                   : False
SecurityDescriptor             : O:BAG:SYD:(A;;0x2;;;S-1-15-2-1)(A;;0x2;;;S-1-15-3-1024-3153509613-960666767-3724611135-2725662640-12138253-543910227-1950414635-4190290187)(A;;0xf0007;;;SY)(A;;0x7;;;BA)(A;;0x7;;;SO)(A;;0x3;;;IU)(A;;0x3;;;SU)(A;;0x3;;;S-1-5-3)(A;;0x3;;;S-1-5-33)(A;;0x1;;;S-1-5-32-573)
LogFilePath                    : %SystemRoot%\System32\Winevt\Logs\Microsoft-Windows-TerminalServices-LocalSessionManager%4Operational.evtx
MaximumSizeInBytes             : 1052672
LogMode                        : Circular
OwningProviderName             : Microsoft-Windows-TerminalServices-LocalSessionManager
ProviderNames                  : {Microsoft-Windows-TerminalServices-LocalSessionManager}
ProviderLevel                  : 
ProviderKeywords               : 
ProviderBufferSize             : 64
ProviderMinimumNumberOfBuffers : 0
ProviderMaximumNumberOfBuffers : 64
ProviderLatency                : 1000
ProviderControlGuid            : 

FileSize                       : 69632
IsLogFull                      : False
LastAccessTime                 : 3/31/2023 5:37:35 PM
LastWriteTime                  : 4/28/2021 3:05:01 PM
OldestRecordNumber             : 0
RecordCount                    : 0
LogName                        : Microsoft-Windows-TerminalServices-LocalSessionManager/Admin
LogType                        : Administrative
LogIsolation                   : Application
IsEnabled                      : True
IsClassicLog                   : False
SecurityDescriptor             : O:BAG:SYD:(A;;0x2;;;S-1-15-2-1)(A;;0x2;;;S-1-15-3-1024-3153509613-960666767-3724611135-2725662640-12138253-543910227-1950414635-4190290187)(A;;0xf0007;;;SY)(A;;0x7;;;BA)(A;;0x7;;;SO)(A;;0x3;;;IU)(A;;0x3;;;SU)(A;;0x3;;;S-1-5-3)(A;;0x3;;;S-1-5-33)(A;;0x1;;;S-1-5-32-573)
LogFilePath                    : %SystemRoot%\System32\Winevt\Logs\Microsoft-Windows-TerminalServices-LocalSessionManager%4Admin.evtx
MaximumSizeInBytes             : 1052672
LogMode                        : Circular
OwningProviderName             : Microsoft-Windows-TerminalServices-LocalSessionManager
ProviderNames                  : {Microsoft-Windows-TerminalServices-LocalSessionManager}
ProviderLevel                  : 
ProviderKeywords               : 
ProviderBufferSize             : 64
ProviderMinimumNumberOfBuffers : 0
ProviderMaximumNumberOfBuffers : 64
ProviderLatency                : 1000
ProviderControlGuid            : 

FileSize                       : 69632
IsLogFull                      : False
LastAccessTime                 : 3/31/2023 2:17:11 PM
LastWriteTime                  : 3/31/2023 2:17:11 PM
OldestRecordNumber             : 0
RecordCount                    : 0
LogName                        : Microsoft-Windows-TerminalServices-ClientUSBDevices/Operational
LogType                        : Operational
LogIsolation                   : Application
IsEnabled                      : True
IsClassicLog                   : False
SecurityDescriptor             : O:BAG:SYD:(A;;0x2;;;S-1-15-2-1)(A;;0x2;;;S-1-15-3-1024-3153509613-960666767-3724611135-2725662640-12138253-543910227-1950414635-4190290187)(A;;0xf0007;;;SY)(A;;0x7;;;BA)(A;;0x7;;;SO)(A;;0x3;;;IU)(A;;0x3;;;SU)(A;;0x3;;;S-1-5-3)(A;;0x3;;;S-1-5-33)(A;;0x1;;;S-1-5-32-573)
LogFilePath                    : %SystemRoot%\System32\Winevt\Logs\Microsoft-Windows-TerminalServices-ClientUSBDevices%4Operational.evtx
MaximumSizeInBytes             : 1052672
LogMode                        : Circular
OwningProviderName             : Microsoft-Windows-TerminalServices-ClientUSBDevices
ProviderNames                  : {Microsoft-Windows-TerminalServices-ClientUSBDevices}
ProviderLevel                  : 
ProviderKeywords               : 
ProviderBufferSize             : 64
ProviderMinimumNumberOfBuffers : 0
ProviderMaximumNumberOfBuffers : 64
ProviderLatency                : 1000
ProviderControlGuid            : 

FileSize                       : 69632
IsLogFull                      : False
LastAccessTime                 : 3/31/2023 2:17:11 PM
LastWriteTime                  : 3/31/2023 2:17:11 PM
OldestRecordNumber             : 0
RecordCount                    : 0
LogName                        : Microsoft-Windows-TerminalServices-ClientUSBDevices/Admin
LogType                        : Administrative
LogIsolation                   : Application
IsEnabled                      : True
IsClassicLog                   : False
SecurityDescriptor             : O:BAG:SYD:(A;;0x2;;;S-1-15-2-1)(A;;0x2;;;S-1-15-3-1024-3153509613-960666767-3724611135-2725662640-12138253-543910227-1950414635-4190290187)(A;;0xf0007;;;SY)(A;;0x7;;;BA)(A;;0x7;;;SO)(A;;0x3;;;IU)(A;;0x3;;;SU)(A;;0x3;;;S-1-5-3)(A;;0x3;;;S-1-5-33)(A;;0x1;;;S-1-5-32-573)
LogFilePath                    : %SystemRoot%\System32\Winevt\Logs\Microsoft-Windows-TerminalServices-ClientUSBDevices%4Admin.evtx
MaximumSizeInBytes             : 1052672
LogMode                        : Circular
OwningProviderName             : Microsoft-Windows-TerminalServices-ClientUSBDevices
ProviderNames                  : {Microsoft-Windows-TerminalServices-ClientUSBDevices}
ProviderLevel                  : 
ProviderKeywords               : 
ProviderBufferSize             : 64
ProviderMinimumNumberOfBuffers : 0
ProviderMaximumNumberOfBuffers : 64
ProviderLatency                : 1000
ProviderControlGuid            : 

FileSize                       : 69632
IsLogFull                      : False
LastAccessTime                 : 3/31/2023 2:17:11 PM
LastWriteTime                  : 3/31/2023 2:17:11 PM
OldestRecordNumber             : 0
RecordCount                    : 0
LogName                        : Microsoft-Windows-TCPIP/Operational
LogType                        : Operational
LogIsolation                   : System
IsEnabled                      : True
IsClassicLog                   : False
SecurityDescriptor             : O:BAG:SYD:(A;;0xf0007;;;SY)(A;;0x7;;;BA)(A;;0x3;;;BO)(A;;0x5;;;SO)(A;;0x1;;;IU)(A;;0x3;;;SU)(A;;0x1;;;S-1-5-3)(A;;0x2;;;S-1-5-33)(A;;0x1;;;S-1-5-32-573)
LogFilePath                    : %SystemRoot%\System32\Winevt\Logs\Microsoft-Windows-TCPIP%4Operational.evtx
MaximumSizeInBytes             : 1052672
LogMode                        : Circular
OwningProviderName             : Microsoft-Windows-TCPIP
ProviderNames                  : {Microsoft-Windows-TCPIP}
ProviderLevel                  : 
ProviderKeywords               : 
ProviderBufferSize             : 64
ProviderMinimumNumberOfBuffers : 0
ProviderMaximumNumberOfBuffers : 16
ProviderLatency                : 1000
ProviderControlGuid            : 

FileSize                       : 10489856
IsLogFull                      : False
LastAccessTime                 : 3/31/2023 5:50:38 PM
LastWriteTime                  : 3/31/2023 5:50:38 PM
OldestRecordNumber             : 840853
RecordCount                    : 17813
LogName                        : Microsoft-Windows-TaskScheduler/Operational
LogType                        : Operational
LogIsolation                   : Application
IsEnabled                      : True
IsClassicLog                   : False
SecurityDescriptor             : O:BAG:SYD:(A;;0x2;;;S-1-15-2-1)(A;;0x2;;;S-1-15-3-1024-3153509613-960666767-3724611135-2725662640-12138253-543910227-1950414635-4190290187)(A;;0xf0007;;;SY)(A;;0x7;;;BA)(A;;0x7;;;SO)(A;;0x3;;;IU)(A;;0x3;;;SU)(A;;0x3;;;S-1-5-3)(A;;0x3;;;S-1-5-33)(A;;0x1;;;S-1-5-32-573)
LogFilePath                    : %SystemRoot%\System32\Winevt\Logs\Microsoft-Windows-TaskScheduler%4Operational.evtx
MaximumSizeInBytes             : 10485760
LogMode                        : Circular
OwningProviderName             : Microsoft-Windows-TaskScheduler
ProviderNames                  : {Microsoft-Windows-TaskScheduler}
ProviderLevel                  : 
ProviderKeywords               : 
ProviderBufferSize             : 64
ProviderMinimumNumberOfBuffers : 0
ProviderMaximumNumberOfBuffers : 64
ProviderLatency                : 1000
ProviderControlGuid            : 

FileSize                       : 1052672
IsLogFull                      : False
LastAccessTime                 : 3/31/2023 5:20:56 PM
LastWriteTime                  : 3/31/2023 5:20:56 PM
OldestRecordNumber             : 3698
RecordCount                    : 2297
LogName                        : Microsoft-Windows-TaskScheduler/Maintenance
LogType                        : Operational
LogIsolation                   : Application
IsEnabled                      : True
IsClassicLog                   : False
SecurityDescriptor             : O:BAG:SYD:(A;;0x2;;;S-1-15-2-1)(A;;0x2;;;S-1-15-3-1024-3153509613-960666767-3724611135-2725662640-12138253-543910227-1950414635-4190290187)(A;;0xf0007;;;SY)(A;;0x7;;;BA)(A;;0x7;;;SO)(A;;0x3;;;IU)(A;;0x3;;;SU)(A;;0x3;;;S-1-5-3)(A;;0x3;;;S-1-5-33)(A;;0x1;;;S-1-5-32-573)
LogFilePath                    : %SystemRoot%\System32\Winevt\Logs\Microsoft-Windows-TaskScheduler%4Maintenance.evtx
MaximumSizeInBytes             : 1052672
LogMode                        : Circular
OwningProviderName             : Microsoft-Windows-TaskScheduler
ProviderNames                  : {Microsoft-Windows-TaskScheduler}
ProviderLevel                  : 
ProviderKeywords               : 
ProviderBufferSize             : 64
ProviderMinimumNumberOfBuffers : 0
ProviderMaximumNumberOfBuffers : 64
ProviderLatency                : 1000
ProviderControlGuid            : 

FileSize                       : 69632
IsLogFull                      : False
LastAccessTime                 : 3/31/2023 2:17:11 PM
LastWriteTime                  : 3/31/2023 2:17:11 PM
OldestRecordNumber             : 0
RecordCount                    : 0
LogName                        : Microsoft-Windows-SystemSettingsThreshold/Operational
LogType                        : Operational
LogIsolation                   : Application
IsEnabled                      : True
IsClassicLog                   : False
SecurityDescriptor             : O:BAG:SYD:(A;;0x2;;;S-1-15-2-1)(A;;0x2;;;S-1-15-3-1024-3153509613-960666767-3724611135-2725662640-12138253-543910227-1950414635-4190290187)(A;;0xf0007;;;SY)(A;;0x7;;;BA)(A;;0x7;;;SO)(A;;0x3;;;IU)(A;;0x3;;;SU)(A;;0x3;;;S-1-5-3)(A;;0x3;;;S-1-5-33)(A;;0x1;;;S-1-5-32-573)
LogFilePath                    : %SystemRoot%\System32\Winevt\Logs\Microsoft-Windows-SystemSettingsThreshold%4Operational.evtx
MaximumSizeInBytes             : 1052672
LogMode                        : Circular
OwningProviderName             : Microsoft-Windows-SystemSettingsThreshold
ProviderNames                  : {Microsoft-Windows-SystemSettingsThreshold}
ProviderLevel                  : 
ProviderKeywords               : 
ProviderBufferSize             : 64
ProviderMinimumNumberOfBuffers : 0
ProviderMaximumNumberOfBuffers : 64
ProviderLatency                : 1000
ProviderControlGuid            : 

FileSize                       : 1118208
IsLogFull                      : False
LastAccessTime                 : 3/31/2023 2:17:11 PM
LastWriteTime                  : 3/27/2023 9:36:20 PM
OldestRecordNumber             : 1
RecordCount                    : 198
LogName                        : Microsoft-Windows-Storsvc/Diagnostic
LogType                        : Operational
LogIsolation                   : System
IsEnabled                      : True
IsClassicLog                   : False
SecurityDescriptor             : O:BAG:SYD:(A;;0xf0007;;;SY)(A;;0x7;;;BA)(A;;0x3;;;BO)(A;;0x5;;;SO)(A;;0x1;;;IU)(A;;0x3;;;SU)(A;;0x1;;;S-1-5-3)(A;;0x2;;;S-1-5-33)(A;;0x1;;;S-1-5-32-573)
LogFilePath                    : %SystemRoot%\System32\Winevt\Logs\Microsoft-Windows-Storsvc%4Diagnostic.evtx
MaximumSizeInBytes             : 16777216
LogMode                        : Circular
OwningProviderName             : Microsoft-Windows-Storsvc
ProviderNames                  : {Microsoft-Windows-Storsvc}
ProviderLevel                  : 
ProviderKeywords               : 
ProviderBufferSize             : 64
ProviderMinimumNumberOfBuffers : 0
ProviderMaximumNumberOfBuffers : 16
ProviderLatency                : 1000
ProviderControlGuid            : 

FileSize                       : 20058112
IsLogFull                      : False
LastAccessTime                 : 3/31/2023 5:55:00 PM
LastWriteTime                  : 3/31/2023 5:55:00 PM
OldestRecordNumber             : 124997135
RecordCount                    : 27421
LogName                        : Microsoft-Windows-Store/Operational
LogType                        : Operational
LogIsolation                   : Application
IsEnabled                      : True
IsClassicLog                   : False
SecurityDescriptor             : O:BAG:SYD:(A;;0x2;;;S-1-15-2-1)(A;;0x2;;;S-1-15-3-1024-3153509613-960666767-3724611135-2725662640-12138253-543910227-1950414635-4190290187)(A;;0xf0007;;;SY)(A;;0x7;;;BA)(A;;0x7;;;SO)(A;;0x3;;;IU)(A;;0x3;;;SU)(A;;0x3;;;S-1-5-3)(A;;0x3;;;S-1-5-33)(A;;0x1;;;S-1-5-32-573)
LogFilePath                    : %SystemRoot%\System32\Winevt\Logs\Microsoft-Windows-Store%4Operational.evtx
MaximumSizeInBytes             : 20000000
LogMode                        : Circular
OwningProviderName             : Microsoft-Windows-Store
ProviderNames                  : {Windows-ApplicationModel-Store-SDK, Microsoft-Windows-Install-Agent, Microsoft-Gaming-Services, Microsoft-Windows-Store…}
ProviderLevel                  : 
ProviderKeywords               : 
ProviderBufferSize             : 64
ProviderMinimumNumberOfBuffers : 0
ProviderMaximumNumberOfBuffers : 64
ProviderLatency                : 1000
ProviderControlGuid            : 

FileSize                       : 69632
IsLogFull                      : False
LastAccessTime                 : 3/31/2023 2:17:11 PM
LastWriteTime                  : 3/31/2023 2:17:11 PM
OldestRecordNumber             : 0
RecordCount                    : 0
LogName                        : Microsoft-Windows-StorageSpaces-SpaceManager/Operational
LogType                        : Operational
LogIsolation                   : Application
IsEnabled                      : True
IsClassicLog                   : False
SecurityDescriptor             : O:BAG:SYD:(A;;0x2;;;S-1-15-2-1)(A;;0x2;;;S-1-15-3-1024-3153509613-960666767-3724611135-2725662640-12138253-543910227-1950414635-4190290187)(A;;0xf0007;;;SY)(A;;0x7;;;BA)(A;;0x7;;;SO)(A;;0x3;;;IU)(A;;0x3;;;SU)(A;;0x3;;;S-1-5-3)(A;;0x3;;;S-1-5-33)(A;;0x1;;;S-1-5-32-573)
LogFilePath                    : %SystemRoot%\System32\Winevt\Logs\Microsoft-Windows-StorageSpaces-SpaceManager%4Operational.evtx
MaximumSizeInBytes             : 1052672
LogMode                        : Circular
OwningProviderName             : Microsoft-Windows-StorageSpaces-SpaceManager
ProviderNames                  : {Microsoft-Windows-StorageSpaces-SpaceManager}
ProviderLevel                  : 
ProviderKeywords               : 
ProviderBufferSize             : 64
ProviderMinimumNumberOfBuffers : 0
ProviderMaximumNumberOfBuffers : 64
ProviderLatency                : 1000
ProviderControlGuid            : 

FileSize                       : 69632
IsLogFull                      : False
LastAccessTime                 : 3/31/2023 2:17:11 PM
LastWriteTime                  : 3/31/2023 2:17:11 PM
OldestRecordNumber             : 0
RecordCount                    : 0
LogName                        : Microsoft-Windows-StorageSpaces-SpaceManager/Diagnostic
LogType                        : Operational
LogIsolation                   : Application
IsEnabled                      : True
IsClassicLog                   : False
SecurityDescriptor             : O:BAG:SYD:(A;;0x2;;;S-1-15-2-1)(A;;0x2;;;S-1-15-3-1024-3153509613-960666767-3724611135-2725662640-12138253-543910227-1950414635-4190290187)(A;;0xf0007;;;SY)(A;;0x7;;;BA)(A;;0x7;;;SO)(A;;0x3;;;IU)(A;;0x3;;;SU)(A;;0x3;;;S-1-5-3)(A;;0x3;;;S-1-5-33)(A;;0x1;;;S-1-5-32-573)
LogFilePath                    : %SystemRoot%\System32\Winevt\Logs\Microsoft-Windows-StorageSpaces-SpaceManager%4Diagnostic.evtx
MaximumSizeInBytes             : 16777216
LogMode                        : Circular
OwningProviderName             : Microsoft-Windows-StorageSpaces-SpaceManager
ProviderNames                  : {Microsoft-Windows-StorageSpaces-SpaceManager}
ProviderLevel                  : 
ProviderKeywords               : 
ProviderBufferSize             : 64
ProviderMinimumNumberOfBuffers : 0
ProviderMaximumNumberOfBuffers : 64
ProviderLatency                : 1000
ProviderControlGuid            : 

FileSize                       : 69632
IsLogFull                      : False
LastAccessTime                 : 3/31/2023 5:37:35 PM
LastWriteTime                  : 4/28/2021 2:27:45 PM
OldestRecordNumber             : 0
RecordCount                    : 0
LogName                        : Microsoft-Windows-StorageSpaces-ManagementAgent/WHC
LogType                        : Operational
LogIsolation                   : Application
IsEnabled                      : True
IsClassicLog                   : False
SecurityDescriptor             : O:BAG:SYD:(A;;0x2;;;S-1-15-2-1)(A;;0x2;;;S-1-15-3-1024-3153509613-960666767-3724611135-2725662640-12138253-543910227-1950414635-4190290187)(A;;0xf0007;;;SY)(A;;0x7;;;BA)(A;;0x7;;;SO)(A;;0x3;;;IU)(A;;0x3;;;SU)(A;;0x3;;;S-1-5-3)(A;;0x3;;;S-1-5-33)(A;;0x1;;;S-1-5-32-573)
LogFilePath                    : %SystemRoot%\System32\Winevt\Logs\Microsoft-Windows-StorageSpaces-ManagementAgent%4WHC.evtx
MaximumSizeInBytes             : 1052672
LogMode                        : Circular
OwningProviderName             : Microsoft-Windows-StorageSpaces-ManagementAgent
ProviderNames                  : {Microsoft-Windows-StorageSpaces-ManagementAgent}
ProviderLevel                  : 
ProviderKeywords               : 
ProviderBufferSize             : 64
ProviderMinimumNumberOfBuffers : 0
ProviderMaximumNumberOfBuffers : 64
ProviderLatency                : 1000
ProviderControlGuid            : 

