FileSize                       : 69632
IsLogFull                      : False
LastAccessTime                 : 3/31/2023 2:17:12 PM
LastWriteTime                  : 3/31/2023 2:17:12 PM
OldestRecordNumber             : 0
RecordCount                    : 0
LogName                        : Microsoft-Windows-EventCollector/Operational
LogType                        : Operational
LogIsolation                   : System
IsEnabled                      : True
IsClassicLog                   : False
SecurityDescriptor             : O:BAG:SYD:(A;;0xf0007;;;SY)(A;;0x7;;;BA)(A;;0x3;;;BO)(A;;0x5;;;SO)(A;;0x1;;;IU)(A;;0x3;;;SU)(A;;0x1;;;S-1-5-3)(A;;0x2;;;S-1-5-33)(A;;0x1;;;S-1-5-32-573)
LogFilePath                    : %SystemRoot%\System32\Winevt\Logs\Microsoft-Windows-EventCollector%4Operational.evtx
MaximumSizeInBytes             : 1052672
LogMode                        : Circular
OwningProviderName             : Microsoft-Windows-EventCollector
ProviderNames                  : {Microsoft-Windows-EventCollector}
ProviderLevel                  : 
ProviderKeywords               : 
ProviderBufferSize             : 64
ProviderMinimumNumberOfBuffers : 0
ProviderMaximumNumberOfBuffers : 16
ProviderLatency                : 1000
ProviderControlGuid            : 

FileSize                       : 
IsLogFull                      : 
LastAccessTime                 : 
LastWriteTime                  : 
OldestRecordNumber             : 
RecordCount                    : 
LogName                        : Microsoft-Windows-ESE/Operational
LogType                        : Operational
LogIsolation                   : Application
IsEnabled                      : False
IsClassicLog                   : False
SecurityDescriptor             : O:BAG:SYD:(A;;0x2;;;S-1-15-2-1)(A;;0x2;;;S-1-15-3-1024-3153509613-960666767-3724611135-2725662640-12138253-543910227-1950414635-4190290187)(A;;0xf0007;;;SY)(A;;0x7;;;BA)(A;;0x7;;;SO)(A;;0x3;;;IU)(A;;0x3;;;SU)(A;;0x3;;;S-1-5-3)(A;;0x3;;;S-1-5-33)(A;;0x1;;;S-1-5-32-573)
LogFilePath                    : %SystemRoot%\System32\Winevt\Logs\Microsoft-Windows-ESE%4Operational.evtx
MaximumSizeInBytes             : 1052672
LogMode                        : Circular
OwningProviderName             : Microsoft-Windows-ESE
ProviderNames                  : {Microsoft-Windows-ESE}
ProviderLevel                  : 
ProviderKeywords               : 
ProviderBufferSize             : 64
ProviderMinimumNumberOfBuffers : 0
ProviderMaximumNumberOfBuffers : 64
ProviderLatency                : 1000
ProviderControlGuid            : 

FileSize                       : 
IsLogFull                      : 
LastAccessTime                 : 
LastWriteTime                  : 
OldestRecordNumber             : 
RecordCount                    : 
LogName                        : Microsoft-Windows-Energy-Estimation-Engine/EventLog
LogType                        : Operational
LogIsolation                   : Application
IsEnabled                      : False
IsClassicLog                   : False
SecurityDescriptor             : O:BAG:SYD:(A;;0x2;;;S-1-15-2-1)(A;;0x2;;;S-1-15-3-1024-3153509613-960666767-3724611135-2725662640-12138253-543910227-1950414635-4190290187)(A;;0xf0007;;;SY)(A;;0x7;;;BA)(A;;0x7;;;SO)(A;;0x3;;;IU)(A;;0x3;;;SU)(A;;0x3;;;S-1-5-3)(A;;0x3;;;S-1-5-33)(A;;0x1;;;S-1-5-32-573)
LogFilePath                    : %SystemRoot%\System32\Winevt\Logs\Microsoft-Windows-Energy-Estimation-Engine%4EventLog.evtx
MaximumSizeInBytes             : 1052672
LogMode                        : Circular
OwningProviderName             : Microsoft-Windows-Energy-Estimation-Engine
ProviderNames                  : {Microsoft-Windows-Energy-Estimation-Engine}
ProviderLevel                  : 
ProviderKeywords               : 
ProviderBufferSize             : 64
ProviderMinimumNumberOfBuffers : 0
ProviderMaximumNumberOfBuffers : 64
ProviderLatency                : 1000
ProviderControlGuid            : 

FileSize                       : 69632
IsLogFull                      : False
LastAccessTime                 : 3/31/2023 2:17:12 PM
LastWriteTime                  : 3/31/2023 2:17:12 PM
OldestRecordNumber             : 0
RecordCount                    : 0
LogName                        : Microsoft-Windows-EDP-Audit-TCB/Admin
LogType                        : Administrative
LogIsolation                   : Application
IsEnabled                      : True
IsClassicLog                   : False
SecurityDescriptor             : O:BAG:SYD:(A;;0x2;;;S-1-15-2-1)(A;;0x2;;;S-1-15-3-1024-3153509613-960666767-3724611135-2725662640-12138253-543910227-1950414635-4190290187)(A;;0xf0007;;;SY)(A;;0x7;;;BA)(A;;0x7;;;SO)(A;;0x3;;;IU)(A;;0x3;;;SU)(A;;0x3;;;S-1-5-3)(A;;0x3;;;S-1-5-33)(A;;0x1;;;S-1-5-32-573)
LogFilePath                    : %SystemRoot%\System32\Winevt\Logs\Microsoft-Windows-EDP-Audit-TCB%4Admin.evtx
MaximumSizeInBytes             : 1052672
LogMode                        : Circular
OwningProviderName             : Microsoft-Windows-EDP-Audit-TCB
ProviderNames                  : {Microsoft-Windows-EDP-Audit-TCB}
ProviderLevel                  : 
ProviderKeywords               : 
ProviderBufferSize             : 64
ProviderMinimumNumberOfBuffers : 0
ProviderMaximumNumberOfBuffers : 64
ProviderLatency                : 1000
ProviderControlGuid            : 

FileSize                       : 69632
IsLogFull                      : False
LastAccessTime                 : 3/31/2023 2:17:12 PM
LastWriteTime                  : 3/31/2023 2:17:12 PM
OldestRecordNumber             : 0
RecordCount                    : 0
LogName                        : Microsoft-Windows-EDP-Audit-Regular/Admin
LogType                        : Administrative
LogIsolation                   : Application
IsEnabled                      : True
IsClassicLog                   : False
SecurityDescriptor             : O:BAG:SYD:(A;;0x2;;;S-1-15-2-1)(A;;0x2;;;S-1-15-3-1024-3153509613-960666767-3724611135-2725662640-12138253-543910227-1950414635-4190290187)(A;;0xf0007;;;SY)(A;;0x7;;;BA)(A;;0x7;;;SO)(A;;0x3;;;IU)(A;;0x3;;;SU)(A;;0x3;;;S-1-5-3)(A;;0x3;;;S-1-5-33)(A;;0x1;;;S-1-5-32-573)
LogFilePath                    : %SystemRoot%\System32\Winevt\Logs\Microsoft-Windows-EDP-Audit-Regular%4Admin.evtx
MaximumSizeInBytes             : 1052672
LogMode                        : Circular
OwningProviderName             : Microsoft-Windows-EDP-Audit-Regular
ProviderNames                  : {Microsoft-Windows-EDP-Audit-Regular}
ProviderLevel                  : 
ProviderKeywords               : 
ProviderBufferSize             : 64
ProviderMinimumNumberOfBuffers : 0
ProviderMaximumNumberOfBuffers : 64
ProviderLatency                : 1000
ProviderControlGuid            : 

FileSize                       : 69632
IsLogFull                      : False
LastAccessTime                 : 3/31/2023 2:17:12 PM
LastWriteTime                  : 3/31/2023 2:17:12 PM
OldestRecordNumber             : 0
RecordCount                    : 0
LogName                        : Microsoft-Windows-EDP-Application-Learning/Admin
LogType                        : Administrative
LogIsolation                   : Application
IsEnabled                      : True
IsClassicLog                   : False
SecurityDescriptor             : O:BAG:SYD:(A;;0x2;;;S-1-15-2-1)(A;;0x2;;;S-1-15-3-1024-3153509613-960666767-3724611135-2725662640-12138253-543910227-1950414635-4190290187)(A;;0xf0007;;;SY)(A;;0x7;;;BA)(A;;0x7;;;SO)(A;;0x3;;;IU)(A;;0x3;;;SU)(A;;0x3;;;S-1-5-3)(A;;0x3;;;S-1-5-33)(A;;0x1;;;S-1-5-32-573)
LogFilePath                    : %SystemRoot%\System32\Winevt\Logs\Microsoft-Windows-EDP-Application-Learning%4Admin.evtx
MaximumSizeInBytes             : 1052672
LogMode                        : Circular
OwningProviderName             : Microsoft-Windows-EDP-AppLearning
ProviderNames                  : {Microsoft-Windows-EDP-AppLearning}
ProviderLevel                  : 
ProviderKeywords               : 
ProviderBufferSize             : 64
ProviderMinimumNumberOfBuffers : 0
ProviderMaximumNumberOfBuffers : 64
ProviderLatency                : 1000
ProviderControlGuid            : 

FileSize                       : 69632
IsLogFull                      : False
LastAccessTime                 : 3/31/2023 2:17:12 PM
LastWriteTime                  : 3/31/2023 2:17:12 PM
OldestRecordNumber             : 0
RecordCount                    : 0
LogName                        : Microsoft-Windows-EapMethods-Ttls/Operational
LogType                        : Operational
LogIsolation                   : Application
IsEnabled                      : True
IsClassicLog                   : False
SecurityDescriptor             : O:BAG:SYD:(A;;0x2;;;S-1-15-2-1)(A;;0x2;;;S-1-15-3-1024-3153509613-960666767-3724611135-2725662640-12138253-543910227-1950414635-4190290187)(A;;0xf0007;;;SY)(A;;0x7;;;BA)(A;;0x7;;;SO)(A;;0x3;;;IU)(A;;0x3;;;SU)(A;;0x3;;;S-1-5-3)(A;;0x3;;;S-1-5-33)(A;;0x1;;;S-1-5-32-573)
LogFilePath                    : %SystemRoot%\System32\Winevt\Logs\Microsoft-Windows-EapMethods-Ttls%4Operational.evtx
MaximumSizeInBytes             : 1052672
LogMode                        : Circular
OwningProviderName             : Microsoft-Windows-EapMethods-Ttls
ProviderNames                  : {Microsoft-Windows-EapMethods-Ttls}
ProviderLevel                  : 
ProviderKeywords               : 
ProviderBufferSize             : 64
ProviderMinimumNumberOfBuffers : 0
ProviderMaximumNumberOfBuffers : 64
ProviderLatency                : 1000
ProviderControlGuid            : 

FileSize                       : 69632
IsLogFull                      : False
LastAccessTime                 : 3/31/2023 2:17:12 PM
LastWriteTime                  : 3/31/2023 2:17:12 PM
OldestRecordNumber             : 0
RecordCount                    : 0
LogName                        : Microsoft-Windows-EapMethods-Sim/Operational
LogType                        : Operational
LogIsolation                   : Application
IsEnabled                      : True
IsClassicLog                   : False
SecurityDescriptor             : O:BAG:SYD:(A;;0x2;;;S-1-15-2-1)(A;;0x2;;;S-1-15-3-1024-3153509613-960666767-3724611135-2725662640-12138253-543910227-1950414635-4190290187)(A;;0xf0007;;;SY)(A;;0x7;;;BA)(A;;0x7;;;SO)(A;;0x3;;;IU)(A;;0x3;;;SU)(A;;0x3;;;S-1-5-3)(A;;0x3;;;S-1-5-33)(A;;0x1;;;S-1-5-32-573)
LogFilePath                    : %SystemRoot%\System32\Winevt\Logs\Microsoft-Windows-EapMethods-Sim%4Operational.evtx
MaximumSizeInBytes             : 1052672
LogMode                        : Circular
OwningProviderName             : Microsoft-Windows-EapMethods-Sim
ProviderNames                  : {Microsoft-Windows-EapMethods-Sim}
ProviderLevel                  : 
ProviderKeywords               : 
ProviderBufferSize             : 64
ProviderMinimumNumberOfBuffers : 0
ProviderMaximumNumberOfBuffers : 64
ProviderLatency                : 1000
ProviderControlGuid            : 

FileSize                       : 1052672
IsLogFull                      : False
LastAccessTime                 : 3/31/2023 2:17:12 PM
LastWriteTime                  : 3/30/2023 6:02:24 PM
OldestRecordNumber             : 1
RecordCount                    : 216
LogName                        : Microsoft-Windows-EapMethods-RasTls/Operational
LogType                        : Operational
LogIsolation                   : Application
IsEnabled                      : True
IsClassicLog                   : False
SecurityDescriptor             : O:BAG:SYD:(A;;0x2;;;S-1-15-2-1)(A;;0x2;;;S-1-15-3-1024-3153509613-960666767-3724611135-2725662640-12138253-543910227-1950414635-4190290187)(A;;0xf0007;;;SY)(A;;0x7;;;BA)(A;;0x7;;;SO)(A;;0x3;;;IU)(A;;0x3;;;SU)(A;;0x3;;;S-1-5-3)(A;;0x3;;;S-1-5-33)(A;;0x1;;;S-1-5-32-573)
LogFilePath                    : %SystemRoot%\System32\Winevt\Logs\Microsoft-Windows-EapMethods-RasTls%4Operational.evtx
MaximumSizeInBytes             : 1052672
LogMode                        : Circular
OwningProviderName             : Microsoft-Windows-EapMethods-RasTls
ProviderNames                  : {Microsoft-Windows-EapMethods-RasTls}
ProviderLevel                  : 
ProviderKeywords               : 
ProviderBufferSize             : 64
ProviderMinimumNumberOfBuffers : 0
ProviderMaximumNumberOfBuffers : 64
ProviderLatency                : 1000
ProviderControlGuid            : 

FileSize                       : 1052672
IsLogFull                      : False
LastAccessTime                 : 3/31/2023 2:17:12 PM
LastWriteTime                  : 3/30/2023 6:02:24 PM
OldestRecordNumber             : 1
RecordCount                    : 354
LogName                        : Microsoft-Windows-EapMethods-RasChap/Operational
LogType                        : Operational
LogIsolation                   : Application
IsEnabled                      : True
IsClassicLog                   : False
SecurityDescriptor             : O:BAG:SYD:(A;;0x2;;;S-1-15-2-1)(A;;0x2;;;S-1-15-3-1024-3153509613-960666767-3724611135-2725662640-12138253-543910227-1950414635-4190290187)(A;;0xf0007;;;SY)(A;;0x7;;;BA)(A;;0x7;;;SO)(A;;0x3;;;IU)(A;;0x3;;;SU)(A;;0x3;;;S-1-5-3)(A;;0x3;;;S-1-5-33)(A;;0x1;;;S-1-5-32-573)
LogFilePath                    : %SystemRoot%\System32\Winevt\Logs\Microsoft-Windows-EapMethods-RasChap%4Operational.evtx
MaximumSizeInBytes             : 1052672
LogMode                        : Circular
OwningProviderName             : Microsoft-Windows-EapMethods-RasChap
ProviderNames                  : {Microsoft-Windows-EapMethods-RasChap}
ProviderLevel                  : 
ProviderKeywords               : 
ProviderBufferSize             : 64
ProviderMinimumNumberOfBuffers : 0
ProviderMaximumNumberOfBuffers : 64
ProviderLatency                : 1000
ProviderControlGuid            : 

FileSize                       : 1052672
IsLogFull                      : False
LastAccessTime                 : 3/31/2023 2:17:12 PM
LastWriteTime                  : 3/30/2023 6:02:24 PM
OldestRecordNumber             : 1
RecordCount                    : 513
LogName                        : Microsoft-Windows-EapHost/Operational
LogType                        : Operational
LogIsolation                   : Application
IsEnabled                      : True
IsClassicLog                   : False
SecurityDescriptor             : O:BAG:SYD:(A;;0x2;;;S-1-15-2-1)(A;;0x2;;;S-1-15-3-1024-3153509613-960666767-3724611135-2725662640-12138253-543910227-1950414635-4190290187)(A;;0xf0007;;;SY)(A;;0x7;;;BA)(A;;0x7;;;SO)(A;;0x3;;;IU)(A;;0x3;;;SU)(A;;0x3;;;S-1-5-3)(A;;0x3;;;S-1-5-33)(A;;0x1;;;S-1-5-32-573)
LogFilePath                    : %SystemRoot%\System32\Winevt\Logs\Microsoft-Windows-EapHost%4Operational.evtx
MaximumSizeInBytes             : 1052672
LogMode                        : Circular
OwningProviderName             : Microsoft-Windows-EapHost
ProviderNames                  : {Microsoft-Windows-EapHost}
ProviderLevel                  : 
ProviderKeywords               : 
ProviderBufferSize             : 64
ProviderMinimumNumberOfBuffers : 0
ProviderMaximumNumberOfBuffers : 64
ProviderLatency                : 1000
ProviderControlGuid            : 

FileSize                       : 69632
IsLogFull                      : False
LastAccessTime                 : 3/31/2023 5:37:36 PM
LastWriteTime                  : 9/20/2021 4:07:46 PM
OldestRecordNumber             : 0
RecordCount                    : 0
LogName                        : Microsoft-Windows-DucUpdateAgent/Operational
LogType                        : Operational
LogIsolation                   : System
IsEnabled                      : True
IsClassicLog                   : False
SecurityDescriptor             : O:BAG:SYD:(A;;0xf0007;;;SY)(A;;0x7;;;BA)(A;;0x3;;;BO)(A;;0x5;;;SO)(A;;0x1;;;IU)(A;;0x3;;;SU)(A;;0x1;;;S-1-5-3)(A;;0x2;;;S-1-5-33)(A;;0x1;;;S-1-5-32-573)
LogFilePath                    : %SystemRoot%\System32\Winevt\Logs\Microsoft-Windows-DucUpdateAgent%4Operational.evtx
MaximumSizeInBytes             : 1052672
LogMode                        : Circular
OwningProviderName             : Microsoft-Windows-DucUpdateAgent
ProviderNames                  : {Microsoft-Windows-DucUpdateAgent}
ProviderLevel                  : 
ProviderKeywords               : 
ProviderBufferSize             : 64
ProviderMinimumNumberOfBuffers : 0
ProviderMaximumNumberOfBuffers : 16
ProviderLatency                : 1000
ProviderControlGuid            : 

FileSize                       : 69632
IsLogFull                      : False
LastAccessTime                 : 3/31/2023 2:17:12 PM
LastWriteTime                  : 3/31/2023 2:17:12 PM
OldestRecordNumber             : 0
RecordCount                    : 0
LogName                        : Microsoft-Windows-DSC/Operational
LogType                        : Operational
LogIsolation                   : Application
IsEnabled                      : True
IsClassicLog                   : False
SecurityDescriptor             : O:BAG:SYD:(A;;0x2;;;S-1-15-2-1)(A;;0x2;;;S-1-15-3-1024-3153509613-960666767-3724611135-2725662640-12138253-543910227-1950414635-4190290187)(A;;0xf0007;;;SY)(A;;0x7;;;BA)(A;;0x7;;;SO)(A;;0x3;;;IU)(A;;0x3;;;SU)(A;;0x3;;;S-1-5-3)(A;;0x3;;;S-1-5-33)(A;;0x1;;;S-1-5-32-573)
LogFilePath                    : %SystemRoot%\System32\Winevt\Logs\Microsoft-Windows-DSC%4Operational.evtx
MaximumSizeInBytes             : 1052672
LogMode                        : Circular
OwningProviderName             : Microsoft-Windows-DSC
ProviderNames                  : {Microsoft-Windows-DSC}
ProviderLevel                  : 
ProviderKeywords               : 
ProviderBufferSize             : 64
ProviderMinimumNumberOfBuffers : 0
ProviderMaximumNumberOfBuffers : 64
ProviderLatency                : 1000
ProviderControlGuid            : 

FileSize                       : 69632
IsLogFull                      : False
LastAccessTime                 : 3/31/2023 2:17:12 PM
LastWriteTime                  : 3/31/2023 2:17:12 PM
OldestRecordNumber             : 0
RecordCount                    : 0
LogName                        : Microsoft-Windows-DSC/Admin
LogType                        : Administrative
LogIsolation                   : Application
IsEnabled                      : True
IsClassicLog                   : False
SecurityDescriptor             : O:BAG:SYD:(A;;0x2;;;S-1-15-2-1)(A;;0x2;;;S-1-15-3-1024-3153509613-960666767-3724611135-2725662640-12138253-543910227-1950414635-4190290187)(A;;0xf0007;;;SY)(A;;0x7;;;BA)(A;;0x7;;;SO)(A;;0x3;;;IU)(A;;0x3;;;SU)(A;;0x3;;;S-1-5-3)(A;;0x3;;;S-1-5-33)(A;;0x1;;;S-1-5-32-573)
LogFilePath                    : %SystemRoot%\System32\Winevt\Logs\Microsoft-Windows-DSC%4Admin.evtx
MaximumSizeInBytes             : 1052672
LogMode                        : Circular
OwningProviderName             : Microsoft-Windows-DSC
ProviderNames                  : {Microsoft-Windows-DSC}
ProviderLevel                  : 
ProviderKeywords               : 
ProviderBufferSize             : 64
ProviderMinimumNumberOfBuffers : 0
ProviderMaximumNumberOfBuffers : 64
ProviderLatency                : 1000
ProviderControlGuid            : 

FileSize                       : 
IsLogFull                      : 
LastAccessTime                 : 
LastWriteTime                  : 
OldestRecordNumber             : 
RecordCount                    : 
LogName                        : Microsoft-Windows-DriverFrameworks-UserMode/Operational
LogType                        : Operational
LogIsolation                   : System
IsEnabled                      : False
IsClassicLog                   : False
SecurityDescriptor             : O:BAG:SYD:(A;;0xf0007;;;SY)(A;;0x7;;;BA)(A;;0x3;;;BO)(A;;0x5;;;SO)(A;;0x1;;;IU)(A;;0x3;;;SU)(A;;0x1;;;S-1-5-3)(A;;0x2;;;S-1-5-33)(A;;0x1;;;S-1-5-32-573)
LogFilePath                    : %SystemRoot%\System32\Winevt\Logs\Microsoft-Windows-DriverFrameworks-UserMode%4Operational.evtx
MaximumSizeInBytes             : 1052672
LogMode                        : Circular
OwningProviderName             : Microsoft-Windows-DriverFrameworks-UserMode
ProviderNames                  : {Microsoft-Windows-DriverFrameworks-UserMode}
ProviderLevel                  : 
ProviderKeywords               : 
ProviderBufferSize             : 64
ProviderMinimumNumberOfBuffers : 0
ProviderMaximumNumberOfBuffers : 16
ProviderLatency                : 1000
ProviderControlGuid            : 

FileSize                       : 
IsLogFull                      : 
LastAccessTime                 : 
LastWriteTime                  : 
OldestRecordNumber             : 
RecordCount                    : 
LogName                        : Microsoft-Windows-DNS-Client/Operational
LogType                        : Operational
LogIsolation                   : Application
IsEnabled                      : False
IsClassicLog                   : False
SecurityDescriptor             : O:BAG:SYD:(A;;0x2;;;S-1-15-2-1)(A;;0x2;;;S-1-15-3-1024-3153509613-960666767-3724611135-2725662640-12138253-543910227-1950414635-4190290187)(A;;0xf0007;;;SY)(A;;0x7;;;BA)(A;;0x7;;;SO)(A;;0x3;;;IU)(A;;0x3;;;SU)(A;;0x3;;;S-1-5-3)(A;;0x3;;;S-1-5-33)(A;;0x1;;;S-1-5-32-573)
LogFilePath                    : %SystemRoot%\System32\Winevt\Logs\Microsoft-Windows-DNS-Client%4Operational.evtx
MaximumSizeInBytes             : 1052672
LogMode                        : Circular
OwningProviderName             : Microsoft-Windows-DNS-Client
ProviderNames                  : {Microsoft-Windows-DNS-Client}
ProviderLevel                  : 
ProviderKeywords               : 
ProviderBufferSize             : 64
ProviderMinimumNumberOfBuffers : 0
ProviderMaximumNumberOfBuffers : 64
ProviderLatency                : 1000
ProviderControlGuid            : 

FileSize                       : 
IsLogFull                      : 
LastAccessTime                 : 
LastWriteTime                  : 
OldestRecordNumber             : 
RecordCount                    : 
LogName                        : Microsoft-Windows-DisplayColorCalibration/Operational
LogType                        : Operational
LogIsolation                   : Application
IsEnabled                      : False
IsClassicLog                   : False
SecurityDescriptor             : O:BAG:SYD:(A;;0x2;;;S-1-15-2-1)(A;;0x2;;;S-1-15-3-1024-3153509613-960666767-3724611135-2725662640-12138253-543910227-1950414635-4190290187)(A;;0xf0007;;;SY)(A;;0x7;;;BA)(A;;0x7;;;SO)(A;;0x3;;;IU)(A;;0x3;;;SU)(A;;0x3;;;S-1-5-3)(A;;0x3;;;S-1-5-33)(A;;0x1;;;S-1-5-32-573)
LogFilePath                    : %SystemRoot%\System32\Winevt\Logs\Microsoft-Windows-DisplayColorCalibration%4Operational.evtx
MaximumSizeInBytes             : 1052672
LogMode                        : Circular
OwningProviderName             : Microsoft-Windows-DisplayColorCalibration
ProviderNames                  : {Microsoft-Windows-DisplayColorCalibration}
ProviderLevel                  : 
ProviderKeywords               : 
ProviderBufferSize             : 64
ProviderMinimumNumberOfBuffers : 0
ProviderMaximumNumberOfBuffers : 64
ProviderLatency                : 1000
ProviderControlGuid            : 

FileSize                       : 69632
IsLogFull                      : False
LastAccessTime                 : 3/31/2023 2:17:12 PM
LastWriteTime                  : 3/31/2023 2:17:12 PM
OldestRecordNumber             : 0
RecordCount                    : 0
LogName                        : Microsoft-Windows-DiskDiagnosticResolver/Operational
LogType                        : Operational
LogIsolation                   : Application
IsEnabled                      : True
IsClassicLog                   : False
SecurityDescriptor             : O:BAG:SYD:(A;;0x2;;;S-1-15-2-1)(A;;0x2;;;S-1-15-3-1024-3153509613-960666767-3724611135-2725662640-12138253-543910227-1950414635-4190290187)(A;;0xf0007;;;SY)(A;;0x7;;;BA)(A;;0x7;;;SO)(A;;0x3;;;IU)(A;;0x3;;;SU)(A;;0x3;;;S-1-5-3)(A;;0x3;;;S-1-5-33)(A;;0x1;;;S-1-5-32-573)
LogFilePath                    : %SystemRoot%\System32\Winevt\Logs\Microsoft-Windows-DiskDiagnosticResolver%4Operational.evtx
MaximumSizeInBytes             : 1052672
LogMode                        : Circular
OwningProviderName             : Microsoft-Windows-DiskDiagnosticResolver
ProviderNames                  : {Microsoft-Windows-DiskDiagnosticResolver}
ProviderLevel                  : 
ProviderKeywords               : 
ProviderBufferSize             : 64
ProviderMinimumNumberOfBuffers : 0
ProviderMaximumNumberOfBuffers : 64
ProviderLatency                : 1000
ProviderControlGuid            : 

FileSize                       : 69632
IsLogFull                      : False
LastAccessTime                 : 3/31/2023 5:37:36 PM
LastWriteTime                  : 7/13/2021 11:27:42 AM
OldestRecordNumber             : 0
RecordCount                    : 0
LogName                        : Microsoft-Windows-DiskDiagnosticDataCollector/Operational
LogType                        : Operational
LogIsolation                   : System
IsEnabled                      : True
IsClassicLog                   : False
SecurityDescriptor             : O:BAG:SYD:(A;;0xf0007;;;SY)(A;;0x7;;;BA)(A;;0x3;;;BO)(A;;0x5;;;SO)(A;;0x1;;;IU)(A;;0x3;;;SU)(A;;0x1;;;S-1-5-3)(A;;0x2;;;S-1-5-33)(A;;0x1;;;S-1-5-32-573)
LogFilePath                    : %SystemRoot%\System32\Winevt\Logs\Microsoft-Windows-DiskDiagnosticDataCollector%4Operational.evtx
MaximumSizeInBytes             : 1052672
LogMode                        : Circular
OwningProviderName             : Microsoft-Windows-DiskDiagnosticDataCollector
ProviderNames                  : {Microsoft-Windows-DiskDiagnosticDataCollector}
ProviderLevel                  : 
ProviderKeywords               : 
ProviderBufferSize             : 64
ProviderMinimumNumberOfBuffers : 0
ProviderMaximumNumberOfBuffers : 16
ProviderLatency                : 1000
ProviderControlGuid            : 

FileSize                       : 69632
IsLogFull                      : False
LastAccessTime                 : 3/31/2023 2:17:12 PM
LastWriteTime                  : 3/31/2023 2:17:12 PM
OldestRecordNumber             : 0
RecordCount                    : 0
LogName                        : Microsoft-Windows-DiskDiagnostic/Operational
LogType                        : Operational
LogIsolation                   : System
IsEnabled                      : True
IsClassicLog                   : False
SecurityDescriptor             : O:BAG:SYD:(A;;0xf0007;;;SY)(A;;0x7;;;BA)(A;;0x3;;;BO)(A;;0x5;;;SO)(A;;0x1;;;IU)(A;;0x3;;;SU)(A;;0x1;;;S-1-5-3)(A;;0x2;;;S-1-5-33)(A;;0x1;;;S-1-5-32-573)
LogFilePath                    : %SystemRoot%\System32\Winevt\Logs\Microsoft-Windows-DiskDiagnostic%4Operational.evtx
MaximumSizeInBytes             : 1052672
LogMode                        : Circular
OwningProviderName             : Microsoft-Windows-DiskDiagnostic
ProviderNames                  : {Microsoft-Windows-DiskDiagnostic}
ProviderLevel                  : 
ProviderKeywords               : 
ProviderBufferSize             : 64
ProviderMinimumNumberOfBuffers : 0
ProviderMaximumNumberOfBuffers : 16
ProviderLatency                : 1000
ProviderControlGuid            : 

FileSize                       : 69632
IsLogFull                      : False
LastAccessTime                 : 3/31/2023 5:37:36 PM
LastWriteTime                  : 9/20/2021 4:07:46 PM
OldestRecordNumber             : 1
RecordCount                    : 2
LogName                        : Microsoft-Windows-Diagnostics-Networking/Operational
LogType                        : Operational
LogIsolation                   : Application
IsEnabled                      : True
IsClassicLog                   : False
SecurityDescriptor             : O:BAG:SYD:(A;;0x2;;;S-1-15-2-1)(A;;0x2;;;S-1-15-3-1024-3153509613-960666767-3724611135-2725662640-12138253-543910227-1950414635-4190290187)(A;;0xf0007;;;SY)(A;;0x7;;;BA)(A;;0x7;;;SO)(A;;0x3;;;IU)(A;;0x3;;;SU)(A;;0x3;;;S-1-5-3)(A;;0x3;;;S-1-5-33)(A;;0x1;;;S-1-5-32-573)
LogFilePath                    : %SystemRoot%\System32\Winevt\Logs\Microsoft-Windows-Diagnostics-Networking%4Operational.evtx
MaximumSizeInBytes             : 1052672
LogMode                        : Circular
OwningProviderName             : Microsoft-Windows-Diagnostics-Networking
ProviderNames                  : {Microsoft-Windows-Diagnostics-Networking}
ProviderLevel                  : 
ProviderKeywords               : 
ProviderBufferSize             : 64
ProviderMinimumNumberOfBuffers : 0
ProviderMaximumNumberOfBuffers : 64
ProviderLatency                : 1000
ProviderControlGuid            : 

FileSize                       : 69632
IsLogFull                      : False
LastAccessTime                 : 3/31/2023 2:17:13 PM
LastWriteTime                  : 3/31/2023 2:17:13 PM
OldestRecordNumber             : 0
RecordCount                    : 0
LogName                        : Microsoft-Windows-Diagnosis-ScriptedDiagnosticsProvider/Operational
LogType                        : Operational
LogIsolation                   : Application
IsEnabled                      : True
IsClassicLog                   : False
SecurityDescriptor             : O:BAG:SYD:(A;;0x2;;;S-1-15-2-1)(A;;0x2;;;S-1-15-3-1024-3153509613-960666767-3724611135-2725662640-12138253-543910227-1950414635-4190290187)(A;;0xf0007;;;SY)(A;;0x7;;;BA)(A;;0x7;;;SO)(A;;0x3;;;IU)(A;;0x3;;;SU)(A;;0x3;;;S-1-5-3)(A;;0x3;;;S-1-5-33)(A;;0x1;;;S-1-5-32-573)
LogFilePath                    : %SystemRoot%\System32\Winevt\Logs\Microsoft-Windows-Diagnosis-ScriptedDiagnosticsProvider%4Operational.evtx
MaximumSizeInBytes             : 1052672
LogMode                        : Circular
OwningProviderName             : Microsoft-Windows-Diagnosis-ScriptedDiagnosticsProvider
ProviderNames                  : {Microsoft-Windows-Diagnosis-ScriptedDiagnosticsProvider}
ProviderLevel                  : 
ProviderKeywords               : 
ProviderBufferSize             : 64
ProviderMinimumNumberOfBuffers : 0
ProviderMaximumNumberOfBuffers : 64
ProviderLatency                : 1000
ProviderControlGuid            : 

FileSize                       : 1052672
IsLogFull                      : False
LastAccessTime                 : 3/31/2023 2:17:13 PM
LastWriteTime                  : 3/25/2023 5:09:34 AM
OldestRecordNumber             : 1
RecordCount                    : 314
LogName                        : Microsoft-Windows-Diagnosis-Scripted/Operational
LogType                        : Operational
LogIsolation                   : Application
IsEnabled                      : True
IsClassicLog                   : False
SecurityDescriptor             : O:BAG:SYD:(A;;0x2;;;S-1-15-2-1)(A;;0x2;;;S-1-15-3-1024-3153509613-960666767-3724611135-2725662640-12138253-543910227-1950414635-4190290187)(A;;0xf0007;;;SY)(A;;0x7;;;BA)(A;;0x7;;;SO)(A;;0x3;;;IU)(A;;0x3;;;SU)(A;;0x3;;;S-1-5-3)(A;;0x3;;;S-1-5-33)(A;;0x1;;;S-1-5-32-573)
LogFilePath                    : %SystemRoot%\System32\Winevt\Logs\Microsoft-Windows-Diagnosis-Scripted%4Operational.evtx
MaximumSizeInBytes             : 1052672
LogMode                        : Circular
OwningProviderName             : Microsoft-Windows-Diagnosis-Scripted
ProviderNames                  : {Microsoft-Windows-Diagnosis-Scripted}
ProviderLevel                  : 
ProviderKeywords               : 
ProviderBufferSize             : 64
ProviderMinimumNumberOfBuffers : 0
ProviderMaximumNumberOfBuffers : 64
ProviderLatency                : 1000
ProviderControlGuid            : 

FileSize                       : 69632
IsLogFull                      : False
LastAccessTime                 : 3/31/2023 5:37:36 PM
LastWriteTime                  : 3/25/2023 5:09:34 AM
OldestRecordNumber             : 1
RecordCount                    : 77
LogName                        : Microsoft-Windows-Diagnosis-Scripted/Admin
LogType                        : Administrative
LogIsolation                   : Application
IsEnabled                      : True
IsClassicLog                   : False
SecurityDescriptor             : O:BAG:SYD:(A;;0x2;;;S-1-15-2-1)(A;;0x2;;;S-1-15-3-1024-3153509613-960666767-3724611135-2725662640-12138253-543910227-1950414635-4190290187)(A;;0xf0007;;;SY)(A;;0x7;;;BA)(A;;0x7;;;SO)(A;;0x3;;;IU)(A;;0x3;;;SU)(A;;0x3;;;S-1-5-3)(A;;0x3;;;S-1-5-33)(A;;0x1;;;S-1-5-32-573)
LogFilePath                    : %SystemRoot%\System32\Winevt\Logs\Microsoft-Windows-Diagnosis-Scripted%4Admin.evtx
MaximumSizeInBytes             : 1052672
LogMode                        : Circular
OwningProviderName             : Microsoft-Windows-Diagnosis-Scripted
ProviderNames                  : {Microsoft-Windows-Diagnosis-Scripted}
ProviderLevel                  : 
ProviderKeywords               : 
ProviderBufferSize             : 64
ProviderMinimumNumberOfBuffers : 0
ProviderMaximumNumberOfBuffers : 64
ProviderLatency                : 1000
ProviderControlGuid            : 

FileSize                       : 1052672
IsLogFull                      : False
LastAccessTime                 : 3/25/2023 5:09:34 AM
LastWriteTime                  : 3/25/2023 5:09:34 AM
OldestRecordNumber             : 1
RecordCount                    : 537
LogName                        : Microsoft-Windows-Diagnosis-Scheduled/Operational
LogType                        : Operational
LogIsolation                   : Application
IsEnabled                      : True
IsClassicLog                   : False
SecurityDescriptor             : O:BAG:SYD:(A;;0x2;;;S-1-15-2-1)(A;;0x2;;;S-1-15-3-1024-3153509613-960666767-3724611135-2725662640-12138253-543910227-1950414635-4190290187)(A;;0xf0007;;;SY)(A;;0x7;;;BA)(A;;0x7;;;SO)(A;;0x3;;;IU)(A;;0x3;;;SU)(A;;0x3;;;S-1-5-3)(A;;0x3;;;S-1-5-33)(A;;0x1;;;S-1-5-32-573)
LogFilePath                    : %SystemRoot%\System32\Winevt\Logs\Microsoft-Windows-Diagnosis-Scheduled%4Operational.evtx
MaximumSizeInBytes             : 1052672
LogMode                        : Circular
OwningProviderName             : Microsoft-Windows-Diagnosis-Scheduled
ProviderNames                  : {Microsoft-Windows-Diagnosis-Scheduled}
ProviderLevel                  : 
ProviderKeywords               : 
ProviderBufferSize             : 64
ProviderMinimumNumberOfBuffers : 0
ProviderMaximumNumberOfBuffers : 64
ProviderLatency                : 1000
ProviderControlGuid            : 

FileSize                       : 69632
IsLogFull                      : False
LastAccessTime                 : 3/31/2023 2:17:13 PM
LastWriteTime                  : 3/31/2023 2:17:13 PM
OldestRecordNumber             : 0
RecordCount                    : 0
LogName                        : Microsoft-Windows-Diagnosis-PLA/Operational
LogType                        : Operational
LogIsolation                   : Application
IsEnabled                      : True
IsClassicLog                   : False
SecurityDescriptor             : O:BAG:SYD:(A;;0x2;;;S-1-15-2-1)(A;;0x2;;;S-1-15-3-1024-3153509613-960666767-3724611135-2725662640-12138253-543910227-1950414635-4190290187)(A;;0xf0007;;;SY)(A;;0x7;;;BA)(A;;0x7;;;SO)(A;;0x3;;;IU)(A;;0x3;;;SU)(A;;0x3;;;S-1-5-3)(A;;0x3;;;S-1-5-33)(A;;0x1;;;S-1-5-32-573)
LogFilePath                    : %SystemRoot%\System32\Winevt\Logs\Microsoft-Windows-Diagnosis-PLA%4Operational.evtx
MaximumSizeInBytes             : 1052672
LogMode                        : Circular
OwningProviderName             : Microsoft-Windows-Diagnosis-PLA
ProviderNames                  : {Microsoft-Windows-Diagnosis-PLA}
ProviderLevel                  : 
ProviderKeywords               : 
ProviderBufferSize             : 64
ProviderMinimumNumberOfBuffers : 0
ProviderMaximumNumberOfBuffers : 64
ProviderLatency                : 1000
ProviderControlGuid            : 

FileSize                       : 1052672
IsLogFull                      : False
LastAccessTime                 : 3/31/2023 2:17:13 PM
LastWriteTime                  : 3/6/2023 3:31:00 AM
OldestRecordNumber             : 1
RecordCount                    : 1016
LogName                        : Microsoft-Windows-Diagnosis-PCW/Operational
LogType                        : Operational
LogIsolation                   : Application
IsEnabled                      : True
IsClassicLog                   : False
SecurityDescriptor             : O:BAG:SYD:(A;;0x2;;;S-1-15-2-1)(A;;0x2;;;S-1-15-3-1024-3153509613-960666767-3724611135-2725662640-12138253-543910227-1950414635-4190290187)(A;;0xf0007;;;SY)(A;;0x7;;;BA)(A;;0x7;;;SO)(A;;0x3;;;IU)(A;;0x3;;;SU)(A;;0x3;;;S-1-5-3)(A;;0x3;;;S-1-5-33)(A;;0x1;;;S-1-5-32-573)
LogFilePath                    : %SystemRoot%\System32\Winevt\Logs\Microsoft-Windows-Diagnosis-PCW%4Operational.evtx
MaximumSizeInBytes             : 1052672
LogMode                        : Circular
OwningProviderName             : Microsoft-Windows-Diagnosis-PCW
ProviderNames                  : {Microsoft-Windows-Diagnosis-PCW}
ProviderLevel                  : 
ProviderKeywords               : 
ProviderBufferSize             : 64
ProviderMinimumNumberOfBuffers : 0
ProviderMaximumNumberOfBuffers : 64
ProviderLatency                : 1000
ProviderControlGuid            : 

FileSize                       : 1052672
IsLogFull                      : False
LastAccessTime                 : 3/31/2023 2:17:13 PM
LastWriteTime                  : 3/29/2023 3:48:19 PM
OldestRecordNumber             : 8443
RecordCount                    : 1871
LogName                        : Microsoft-Windows-Diagnosis-DPS/Operational
LogType                        : Operational
LogIsolation                   : System
IsEnabled                      : True
IsClassicLog                   : False
SecurityDescriptor             : O:BAG:SYD:(A;;0xf0007;;;SY)(A;;0x7;;;BA)(A;;0x3;;;BO)(A;;0x5;;;SO)(A;;0x1;;;IU)(A;;0x3;;;SU)(A;;0x1;;;S-1-5-3)(A;;0x2;;;S-1-5-33)(A;;0x1;;;S-1-5-32-573)
LogFilePath                    : %SystemRoot%\System32\Winevt\Logs\Microsoft-Windows-Diagnosis-DPS%4Operational.evtx
MaximumSizeInBytes             : 1052672
LogMode                        : Circular
OwningProviderName             : Microsoft-Windows-Diagnosis-DPS
ProviderNames                  : {Microsoft-Windows-Diagnosis-DPS}
ProviderLevel                  : 
ProviderKeywords               : 
ProviderBufferSize             : 64
ProviderMinimumNumberOfBuffers : 0
ProviderMaximumNumberOfBuffers : 16
ProviderLatency                : 1000
ProviderControlGuid            : 

FileSize                       : 
IsLogFull                      : 
LastAccessTime                 : 
LastWriteTime                  : 
OldestRecordNumber             : 
RecordCount                    : 
LogName                        : Microsoft-Windows-Dhcpv6-Client/Operational
LogType                        : Operational
LogIsolation                   : Application
IsEnabled                      : False
IsClassicLog                   : False
SecurityDescriptor             : O:BAG:SYD:(A;;0x2;;;S-1-15-2-1)(A;;0x2;;;S-1-15-3-1024-3153509613-960666767-3724611135-2725662640-12138253-543910227-1950414635-4190290187)(A;;0xf0007;;;SY)(A;;0x7;;;BA)(A;;0x7;;;SO)(A;;0x3;;;IU)(A;;0x3;;;SU)(A;;0x3;;;S-1-5-3)(A;;0x3;;;S-1-5-33)(A;;0x1;;;S-1-5-32-573)
LogFilePath                    : %SystemRoot%\System32\Winevt\Logs\Microsoft-Windows-Dhcpv6-Client%4Operational.evtx
MaximumSizeInBytes             : 1052672
LogMode                        : Circular
OwningProviderName             : Microsoft-Windows-DHCPv6-Client
ProviderNames                  : {Microsoft-Windows-DHCPv6-Client}
ProviderLevel                  : 
ProviderKeywords               : 
ProviderBufferSize             : 64
ProviderMinimumNumberOfBuffers : 0
ProviderMaximumNumberOfBuffers : 64
ProviderLatency                : 1000
ProviderControlGuid            : 

FileSize                       : 1052672
IsLogFull                      : False
LastAccessTime                 : 3/31/2023 5:10:56 PM
LastWriteTime                  : 3/31/2023 5:10:56 PM
OldestRecordNumber             : 5935
RecordCount                    : 2550
LogName                        : Microsoft-Windows-Dhcpv6-Client/Admin
LogType                        : Administrative
LogIsolation                   : Application
IsEnabled                      : True
IsClassicLog                   : False
SecurityDescriptor             : O:BAG:SYD:(A;;0x2;;;S-1-15-2-1)(A;;0x2;;;S-1-15-3-1024-3153509613-960666767-3724611135-2725662640-12138253-543910227-1950414635-4190290187)(A;;0xf0007;;;SY)(A;;0x7;;;BA)(A;;0x7;;;SO)(A;;0x3;;;IU)(A;;0x3;;;SU)(A;;0x3;;;S-1-5-3)(A;;0x3;;;S-1-5-33)(A;;0x1;;;S-1-5-32-573)
LogFilePath                    : %SystemRoot%\System32\Winevt\Logs\Microsoft-Windows-Dhcpv6-Client%4Admin.evtx
MaximumSizeInBytes             : 1052672
LogMode                        : Circular
OwningProviderName             : Microsoft-Windows-DHCPv6-Client
ProviderNames                  : {Microsoft-Windows-DHCPv6-Client}
ProviderLevel                  : 
ProviderKeywords               : 
ProviderBufferSize             : 64
ProviderMinimumNumberOfBuffers : 0
ProviderMaximumNumberOfBuffers : 64
ProviderLatency                : 1000
ProviderControlGuid            : 

FileSize                       : 
IsLogFull                      : 
LastAccessTime                 : 
LastWriteTime                  : 
OldestRecordNumber             : 
RecordCount                    : 
LogName                        : Microsoft-Windows-Dhcp-Client/Operational
LogType                        : Operational
LogIsolation                   : Application
IsEnabled                      : False
IsClassicLog                   : False
SecurityDescriptor             : O:BAG:SYD:(A;;0x2;;;S-1-15-2-1)(A;;0x2;;;S-1-15-3-1024-3153509613-960666767-3724611135-2725662640-12138253-543910227-1950414635-4190290187)(A;;0xf0007;;;SY)(A;;0x7;;;BA)(A;;0x7;;;SO)(A;;0x3;;;IU)(A;;0x3;;;SU)(A;;0x3;;;S-1-5-3)(A;;0x3;;;S-1-5-33)(A;;0x1;;;S-1-5-32-573)
LogFilePath                    : %SystemRoot%\System32\Winevt\Logs\Microsoft-Windows-Dhcp-Client%4Operational.evtx
MaximumSizeInBytes             : 1052672
LogMode                        : Circular
OwningProviderName             : Microsoft-Windows-Dhcp-Client
ProviderNames                  : {Microsoft-Windows-Dhcp-Client}
ProviderLevel                  : 
ProviderKeywords               : 
ProviderBufferSize             : 64
ProviderMinimumNumberOfBuffers : 0
ProviderMaximumNumberOfBuffers : 64
ProviderLatency                : 1000
ProviderControlGuid            : 

FileSize                       : 1052672
IsLogFull                      : False
LastAccessTime                 : 3/31/2023 5:10:56 PM
LastWriteTime                  : 3/31/2023 5:10:56 PM
OldestRecordNumber             : 17303
RecordCount                    : 2013
LogName                        : Microsoft-Windows-Dhcp-Client/Admin
LogType                        : Administrative
LogIsolation                   : Application
IsEnabled                      : True
IsClassicLog                   : False
SecurityDescriptor             : O:BAG:SYD:(A;;0x2;;;S-1-15-2-1)(A;;0x2;;;S-1-15-3-1024-3153509613-960666767-3724611135-2725662640-12138253-543910227-1950414635-4190290187)(A;;0xf0007;;;SY)(A;;0x7;;;BA)(A;;0x7;;;SO)(A;;0x3;;;IU)(A;;0x3;;;SU)(A;;0x3;;;S-1-5-3)(A;;0x3;;;S-1-5-33)(A;;0x1;;;S-1-5-32-573)
LogFilePath                    : %SystemRoot%\System32\Winevt\Logs\Microsoft-Windows-Dhcp-Client%4Admin.evtx
MaximumSizeInBytes             : 1052672
LogMode                        : Circular
OwningProviderName             : Microsoft-Windows-Dhcp-Client
ProviderNames                  : {Microsoft-Windows-Dhcp-Client}
ProviderLevel                  : 
ProviderKeywords               : 
ProviderBufferSize             : 64
ProviderMinimumNumberOfBuffers : 0
ProviderMaximumNumberOfBuffers : 64
ProviderLatency                : 1000
ProviderControlGuid            : 

FileSize                       : 69632
IsLogFull                      : False
LastAccessTime                 : 3/31/2023 2:17:13 PM
LastWriteTime                  : 3/31/2023 2:17:13 PM
OldestRecordNumber             : 0
RecordCount                    : 0
LogName                        : Microsoft-Windows-DeviceUpdateAgent/Operational
LogType                        : Operational
LogIsolation                   : System
IsEnabled                      : True
IsClassicLog                   : False
SecurityDescriptor             : O:BAG:SYD:(A;;0xf0007;;;SY)(A;;0x7;;;BA)(A;;0x3;;;BO)(A;;0x5;;;SO)(A;;0x1;;;IU)(A;;0x3;;;SU)(A;;0x1;;;S-1-5-3)(A;;0x2;;;S-1-5-33)(A;;0x1;;;S-1-5-32-573)
LogFilePath                    : %SystemRoot%\System32\Winevt\Logs\Microsoft-Windows-DeviceUpdateAgent%4Operational.evtx
MaximumSizeInBytes             : 1052672
LogMode                        : Circular
OwningProviderName             : Microsoft-Windows-DeviceUpdateAgent
ProviderNames                  : {Microsoft-Windows-DeviceUpdateAgent}
ProviderLevel                  : 
ProviderKeywords               : 
ProviderBufferSize             : 64
ProviderMinimumNumberOfBuffers : 0
ProviderMaximumNumberOfBuffers : 16
ProviderLatency                : 1000
ProviderControlGuid            : 

FileSize                       : 69632
IsLogFull                      : False
LastAccessTime                 : 3/31/2023 2:17:13 PM
LastWriteTime                  : 3/31/2023 2:17:13 PM
OldestRecordNumber             : 0
RecordCount                    : 0
LogName                        : Microsoft-Windows-DeviceSync/Operational
LogType                        : Operational
LogIsolation                   : Application
IsEnabled                      : True
IsClassicLog                   : False
SecurityDescriptor             : O:BAG:SYD:(A;;0x2;;;S-1-15-2-1)(A;;0x2;;;S-1-15-3-1024-3153509613-960666767-3724611135-2725662640-12138253-543910227-1950414635-4190290187)(A;;0xf0007;;;SY)(A;;0x7;;;BA)(A;;0x7;;;SO)(A;;0x3;;;IU)(A;;0x3;;;SU)(A;;0x3;;;S-1-5-3)(A;;0x3;;;S-1-5-33)(A;;0x1;;;S-1-5-32-573)
LogFilePath                    : %SystemRoot%\System32\Winevt\Logs\Microsoft-Windows-DeviceSync%4Operational.evtx
MaximumSizeInBytes             : 1052672
LogMode                        : Circular
OwningProviderName             : Microsoft-Windows-DeviceSync
ProviderNames                  : {Microsoft-Windows-DeviceSync}
ProviderLevel                  : 
ProviderKeywords               : 
ProviderBufferSize             : 64
ProviderMinimumNumberOfBuffers : 0
ProviderMaximumNumberOfBuffers : 64
ProviderLatency                : 1000
ProviderControlGuid            : 

FileSize                       : 1052672
IsLogFull                      : False
LastAccessTime                 : 3/31/2023 2:17:13 PM
LastWriteTime                  : 3/30/2023 10:03:08 PM
OldestRecordNumber             : 1
RecordCount                    : 1377
LogName                        : Microsoft-Windows-DeviceSetupManager/Operational
LogType                        : Operational
LogIsolation                   : System
IsEnabled                      : True
IsClassicLog                   : False
SecurityDescriptor             : O:BAG:SYD:(A;;0xf0007;;;SY)(A;;0x7;;;BA)(A;;0x3;;;BO)(A;;0x5;;;SO)(A;;0x1;;;IU)(A;;0x3;;;SU)(A;;0x1;;;S-1-5-3)(A;;0x2;;;S-1-5-33)(A;;0x1;;;S-1-5-32-573)
LogFilePath                    : %SystemRoot%\System32\Winevt\Logs\Microsoft-Windows-DeviceSetupManager%4Operational.evtx
MaximumSizeInBytes             : 1052672
LogMode                        : Circular
OwningProviderName             : Microsoft-Windows-DeviceSetupManager
ProviderNames                  : {Microsoft-Windows-DeviceSetupManager}
ProviderLevel                  : 
ProviderKeywords               : 
ProviderBufferSize             : 64
ProviderMinimumNumberOfBuffers : 0
ProviderMaximumNumberOfBuffers : 16
ProviderLatency                : 1000
ProviderControlGuid            : 

FileSize                       : 1052672
IsLogFull                      : False
LastAccessTime                 : 3/31/2023 2:17:13 PM
LastWriteTime                  : 3/30/2023 10:08:08 PM
OldestRecordNumber             : 2978
RecordCount                    : 2306
LogName                        : Microsoft-Windows-DeviceSetupManager/Admin
LogType                        : Administrative
LogIsolation                   : System
IsEnabled                      : True
IsClassicLog                   : False
SecurityDescriptor             : O:BAG:SYD:(A;;0xf0007;;;SY)(A;;0x7;;;BA)(A;;0x3;;;BO)(A;;0x5;;;SO)(A;;0x1;;;IU)(A;;0x3;;;SU)(A;;0x1;;;S-1-5-3)(A;;0x2;;;S-1-5-33)(A;;0x1;;;S-1-5-32-573)
LogFilePath                    : %SystemRoot%\System32\Winevt\Logs\Microsoft-Windows-DeviceSetupManager%4Admin.evtx
MaximumSizeInBytes             : 1052672
LogMode                        : Circular
OwningProviderName             : Microsoft-Windows-DeviceSetupManager
ProviderNames                  : {Microsoft-Windows-DeviceSetupManager}
ProviderLevel                  : 
ProviderKeywords               : 
ProviderBufferSize             : 64
ProviderMinimumNumberOfBuffers : 0
ProviderMaximumNumberOfBuffers : 16
ProviderLatency                : 1000
ProviderControlGuid            : 

