FileSize                       : 1052672
IsLogFull                      : False
LastAccessTime                 : 3/31/2023 5:49:20 PM
LastWriteTime                  : 3/31/2023 5:49:20 PM
OldestRecordNumber             : 35248
RecordCount                    : 1248
LogName                        : Microsoft-Windows-Bits-Client/Operational
LogType                        : Operational
LogIsolation                   : System
IsEnabled                      : True
IsClassicLog                   : False
SecurityDescriptor             : O:BAG:SYD:(A;;0xf0007;;;SY)(A;;0x7;;;BA)(A;;0x3;;;BO)(A;;0x5;;;SO)(A;;0x1;;;IU)(A;;0x3;;;SU)(A;;0x1;;;S-1-5-3)(A;;0x2;;;S-1-5-33)(A;;0x1;;;S-1-5-32-573)
LogFilePath                    : %SystemRoot%\System32\Winevt\Logs\Microsoft-Windows-Bits-Client%4Operational.evtx
MaximumSizeInBytes             : 1052672
LogMode                        : Circular
OwningProviderName             : Microsoft-Windows-Bits-Client
ProviderNames                  : {Microsoft-Windows-Bits-Client}
ProviderLevel                  : 
ProviderKeywords               : 
ProviderBufferSize             : 64
ProviderMinimumNumberOfBuffers : 0
ProviderMaximumNumberOfBuffers : 16
ProviderLatency                : 1000
ProviderControlGuid            : 

FileSize                       : 
IsLogFull                      : 
LastAccessTime                 : 
LastWriteTime                  : 
OldestRecordNumber             : 
RecordCount                    : 
LogName                        : Microsoft-Windows-Bits-Client/Analytic
LogType                        : Operational
LogIsolation                   : Custom
IsEnabled                      : False
IsClassicLog                   : False
SecurityDescriptor             : O:BAG:SYD:(A;;0x2;;;S-1-15-2-1)(A;;0x2;;;S-1-15-3-1024-3153509613-960666767-3724611135-2725662640-12138253-543910227-1950414635-4190290187)(A;;0xf0007;;;SY)(A;;0x7;;;BA)(A;;0x7;;;SO)(A;;0x3;;;IU)(A;;0x3;;;SU)(A;;0x3;;;S-1-5-3)(A;;0x3;;;S-1-5-33)(A;;0x1;;;S-1-5-32-573)
LogFilePath                    : %SystemRoot%\System32\Winevt\Logs\Microsoft-Windows-Bits-Client%4Analytic.evtx
MaximumSizeInBytes             : 1052672
LogMode                        : Circular
OwningProviderName             : Microsoft-Windows-Bits-Client
ProviderNames                  : {Microsoft-Windows-Bits-Client}
ProviderLevel                  : 
ProviderKeywords               : 
ProviderBufferSize             : 64
ProviderMinimumNumberOfBuffers : 0
ProviderMaximumNumberOfBuffers : 64
ProviderLatency                : 1000
ProviderControlGuid            : 

FileSize                       : 
IsLogFull                      : 
LastAccessTime                 : 
LastWriteTime                  : 
OldestRecordNumber             : 
RecordCount                    : 
LogName                        : Microsoft-Windows-BitLocker/BitLocker Operational
LogType                        : Operational
LogIsolation                   : Application
IsEnabled                      : False
IsClassicLog                   : False
SecurityDescriptor             : O:BAG:SYD:(A;;0x2;;;S-1-15-2-1)(A;;0x2;;;S-1-15-3-1024-3153509613-960666767-3724611135-2725662640-12138253-543910227-1950414635-4190290187)(A;;0xf0007;;;SY)(A;;0x7;;;BA)(A;;0x7;;;SO)(A;;0x3;;;IU)(A;;0x3;;;SU)(A;;0x3;;;S-1-5-3)(A;;0x3;;;S-1-5-33)(A;;0x1;;;S-1-5-32-573)
LogFilePath                    : %SystemRoot%\System32\Winevt\Logs\Microsoft-Windows-BitLocker%4BitLocker Operational.evtx
MaximumSizeInBytes             : 1052672
LogMode                        : Circular
OwningProviderName             : Microsoft-Windows-BitLocker-API
ProviderNames                  : {Microsoft-Windows-BitLocker-API}
ProviderLevel                  : 
ProviderKeywords               : 
ProviderBufferSize             : 64
ProviderMinimumNumberOfBuffers : 0
ProviderMaximumNumberOfBuffers : 64
ProviderLatency                : 1000
ProviderControlGuid            : 

FileSize                       : 1052672
IsLogFull                      : False
LastAccessTime                 : 3/31/2023 2:17:13 PM
LastWriteTime                  : 3/15/2023 8:25:04 PM
OldestRecordNumber             : 1
RecordCount                    : 103
LogName                        : Microsoft-Windows-BitLocker/BitLocker Management
LogType                        : Operational
LogIsolation                   : Application
IsEnabled                      : True
IsClassicLog                   : False
SecurityDescriptor             : O:BAG:SYD:(A;;0x2;;;S-1-15-2-1)(A;;0x2;;;S-1-15-3-1024-3153509613-960666767-3724611135-2725662640-12138253-543910227-1950414635-4190290187)(A;;0xf0007;;;SY)(A;;0x7;;;BA)(A;;0x7;;;SO)(A;;0x3;;;IU)(A;;0x3;;;SU)(A;;0x3;;;S-1-5-3)(A;;0x3;;;S-1-5-33)(A;;0x1;;;S-1-5-32-573)
LogFilePath                    : %SystemRoot%\System32\Winevt\Logs\Microsoft-Windows-BitLocker%4BitLocker Management.evtx
MaximumSizeInBytes             : 1052672
LogMode                        : Circular
OwningProviderName             : Microsoft-Windows-BitLocker-API
ProviderNames                  : {Microsoft-Windows-BitLocker-API}
ProviderLevel                  : 
ProviderKeywords               : 
ProviderBufferSize             : 64
ProviderMinimumNumberOfBuffers : 0
ProviderMaximumNumberOfBuffers : 64
ProviderLatency                : 1000
ProviderControlGuid            : 

FileSize                       : 69632
IsLogFull                      : False
LastAccessTime                 : 3/31/2023 2:17:13 PM
LastWriteTime                  : 3/31/2023 2:17:13 PM
OldestRecordNumber             : 0
RecordCount                    : 0
LogName                        : Microsoft-Windows-BitLocker-DrivePreparationTool/Operational
LogType                        : Operational
LogIsolation                   : System
IsEnabled                      : True
IsClassicLog                   : False
SecurityDescriptor             : O:BAG:SYD:(A;;0xf0007;;;SY)(A;;0x7;;;BA)(A;;0x3;;;BO)(A;;0x5;;;SO)(A;;0x1;;;IU)(A;;0x3;;;SU)(A;;0x1;;;S-1-5-3)(A;;0x2;;;S-1-5-33)(A;;0x1;;;S-1-5-32-573)
LogFilePath                    : %SystemRoot%\System32\Winevt\Logs\Microsoft-Windows-BitLocker-DrivePreparationTool%4Operational.evtx
MaximumSizeInBytes             : 1052672
LogMode                        : Circular
OwningProviderName             : Microsoft-Windows-BitLocker-DrivePreparationTool
ProviderNames                  : {Microsoft-Windows-BitLocker-DrivePreparationTool}
ProviderLevel                  : 
ProviderKeywords               : 
ProviderBufferSize             : 64
ProviderMinimumNumberOfBuffers : 0
ProviderMaximumNumberOfBuffers : 16
ProviderLatency                : 1000
ProviderControlGuid            : 

FileSize                       : 69632
IsLogFull                      : False
LastAccessTime                 : 3/31/2023 2:17:13 PM
LastWriteTime                  : 3/31/2023 2:17:13 PM
OldestRecordNumber             : 0
RecordCount                    : 0
LogName                        : Microsoft-Windows-BitLocker-DrivePreparationTool/Admin
LogType                        : Administrative
LogIsolation                   : System
IsEnabled                      : True
IsClassicLog                   : False
SecurityDescriptor             : O:BAG:SYD:(A;;0xf0007;;;SY)(A;;0x7;;;BA)(A;;0x3;;;BO)(A;;0x5;;;SO)(A;;0x1;;;IU)(A;;0x3;;;SU)(A;;0x1;;;S-1-5-3)(A;;0x2;;;S-1-5-33)(A;;0x1;;;S-1-5-32-573)
LogFilePath                    : %SystemRoot%\System32\Winevt\Logs\Microsoft-Windows-BitLocker-DrivePreparationTool%4Admin.evtx
MaximumSizeInBytes             : 1052672
LogMode                        : Circular
OwningProviderName             : Microsoft-Windows-BitLocker-DrivePreparationTool
ProviderNames                  : {Microsoft-Windows-BitLocker-DrivePreparationTool}
ProviderLevel                  : 
ProviderKeywords               : 
ProviderBufferSize             : 64
ProviderMinimumNumberOfBuffers : 0
ProviderMaximumNumberOfBuffers : 16
ProviderLatency                : 1000
ProviderControlGuid            : 

FileSize                       : 69632
IsLogFull                      : False
LastAccessTime                 : 3/31/2023 5:37:36 PM
LastWriteTime                  : 3/30/2023 3:57:47 PM
OldestRecordNumber             : 1
RecordCount                    : 36
LogName                        : Microsoft-Windows-Biometrics/Operational
LogType                        : Operational
LogIsolation                   : System
IsEnabled                      : True
IsClassicLog                   : False
SecurityDescriptor             : O:BAG:SYD:(A;;0xf0007;;;SY)(A;;0x7;;;BA)(A;;0x3;;;BO)(A;;0x5;;;SO)(A;;0x1;;;IU)(A;;0x3;;;SU)(A;;0x1;;;S-1-5-3)(A;;0x2;;;S-1-5-33)(A;;0x1;;;S-1-5-32-573)
LogFilePath                    : %SystemRoot%\System32\Winevt\Logs\Microsoft-Windows-Biometrics%4Operational.evtx
MaximumSizeInBytes             : 1052672
LogMode                        : Circular
OwningProviderName             : Microsoft-Windows-Biometrics
ProviderNames                  : {Microsoft-Windows-Biometrics}
ProviderLevel                  : 
ProviderKeywords               : 
ProviderBufferSize             : 64
ProviderMinimumNumberOfBuffers : 0
ProviderMaximumNumberOfBuffers : 16
ProviderLatency                : 1000
ProviderControlGuid            : 

FileSize                       : 
IsLogFull                      : 
LastAccessTime                 : 
LastWriteTime                  : 
OldestRecordNumber             : 
RecordCount                    : 
LogName                        : Microsoft-Windows-Base-Filtering-Engine-Resource-Flows/Operational
LogType                        : Operational
LogIsolation                   : System
IsEnabled                      : False
IsClassicLog                   : False
SecurityDescriptor             : O:BAG:SYD:(A;;0xf0007;;;SY)(A;;0x7;;;BA)(A;;0x3;;;BO)(A;;0x5;;;SO)(A;;0x1;;;IU)(A;;0x3;;;SU)(A;;0x1;;;S-1-5-3)(A;;0x2;;;S-1-5-33)(A;;0x1;;;S-1-5-32-573)
LogFilePath                    : %SystemRoot%\System32\Winevt\Logs\Microsoft-Windows-Base-Filtering-Engine-Resource-Flows%4Operational.evtx
MaximumSizeInBytes             : 1052672
LogMode                        : Circular
OwningProviderName             : Microsoft-Windows-Base-Filtering-Engine-Resource-Flows
ProviderNames                  : {Microsoft-Windows-Base-Filtering-Engine-Resource-Flows}
ProviderLevel                  : 
ProviderKeywords               : 
ProviderBufferSize             : 64
ProviderMinimumNumberOfBuffers : 0
ProviderMaximumNumberOfBuffers : 16
ProviderLatency                : 1000
ProviderControlGuid            : 

FileSize                       : 
IsLogFull                      : 
LastAccessTime                 : 
LastWriteTime                  : 
OldestRecordNumber             : 
RecordCount                    : 
LogName                        : Microsoft-Windows-Base-Filtering-Engine-Connections/Operational
LogType                        : Operational
LogIsolation                   : Application
IsEnabled                      : False
IsClassicLog                   : False
SecurityDescriptor             : O:BAG:SYD:(A;;0x2;;;S-1-15-2-1)(A;;0x2;;;S-1-15-3-1024-3153509613-960666767-3724611135-2725662640-12138253-543910227-1950414635-4190290187)(A;;0xf0007;;;SY)(A;;0x7;;;BA)(A;;0x7;;;SO)(A;;0x3;;;IU)(A;;0x3;;;SU)(A;;0x3;;;S-1-5-3)(A;;0x3;;;S-1-5-33)(A;;0x1;;;S-1-5-32-573)
LogFilePath                    : %SystemRoot%\System32\Winevt\Logs\Microsoft-Windows-Base-Filtering-Engine-Connections%4Operational.evtx
MaximumSizeInBytes             : 1052672
LogMode                        : Circular
OwningProviderName             : Microsoft-Windows-Base-Filtering-Engine-Connections
ProviderNames                  : {Microsoft-Windows-Base-Filtering-Engine-Connections}
ProviderLevel                  : 
ProviderKeywords               : 
ProviderBufferSize             : 64
ProviderMinimumNumberOfBuffers : 0
ProviderMaximumNumberOfBuffers : 64
ProviderLatency                : 1000
ProviderControlGuid            : 

FileSize                       : 69632
IsLogFull                      : False
LastAccessTime                 : 3/31/2023 2:17:13 PM
LastWriteTime                  : 3/31/2023 2:17:13 PM
OldestRecordNumber             : 0
RecordCount                    : 0
LogName                        : Microsoft-Windows-Backup
LogType                        : Operational
LogIsolation                   : System
IsEnabled                      : True
IsClassicLog                   : False
SecurityDescriptor             : O:BAG:SYD:(A;;0xf0007;;;SY)(A;;0x7;;;BA)(A;;0x3;;;BO)(A;;0x5;;;SO)(A;;0x1;;;IU)(A;;0x3;;;SU)(A;;0x1;;;S-1-5-3)(A;;0x2;;;S-1-5-33)(A;;0x1;;;S-1-5-32-573)
LogFilePath                    : %SystemRoot%\System32\Winevt\Logs\Microsoft-Windows-Backup.evtx
MaximumSizeInBytes             : 1052672
LogMode                        : Circular
OwningProviderName             : Microsoft-Windows-Backup
ProviderNames                  : {Microsoft-Windows-Backup}
ProviderLevel                  : 
ProviderKeywords               : 
ProviderBufferSize             : 64
ProviderMinimumNumberOfBuffers : 0
ProviderMaximumNumberOfBuffers : 16
ProviderLatency                : 1000
ProviderControlGuid            : 

FileSize                       : 
IsLogFull                      : 
LastAccessTime                 : 
LastWriteTime                  : 
OldestRecordNumber             : 
RecordCount                    : 
LogName                        : Microsoft-Windows-BackgroundTransfer-ContentPrefetcher/Operational
LogType                        : Operational
LogIsolation                   : Custom
IsEnabled                      : False
IsClassicLog                   : False
SecurityDescriptor             : O:BAG:SYD:(A;;0xf0007;;;SY)(A;;7;;;BA)(A;;3;;;IU)(A;;3;;;SU)(A;;3;;;S-1-15-2-1)(A;;3;;;S-1-5-33)(A;;1;;;S-1-5-32-573)
LogFilePath                    : %SystemRoot%\System32\Winevt\Logs\Microsoft-Windows-BackgroundTransfer-ContentPrefetcher%4Operational.evtx
MaximumSizeInBytes             : 1052672
LogMode                        : Circular
OwningProviderName             : Microsoft-Windows-BackgroundTransfer-ContentPrefetcher
ProviderNames                  : {Microsoft-Windows-BackgroundTransfer-ContentPrefetcher}
ProviderLevel                  : 
ProviderKeywords               : 
ProviderBufferSize             : 64
ProviderMinimumNumberOfBuffers : 0
ProviderMaximumNumberOfBuffers : 64
ProviderLatency                : 1000
ProviderControlGuid            : 

FileSize                       : 1052672
IsLogFull                      : False
LastAccessTime                 : 3/31/2023 2:17:13 PM
LastWriteTime                  : 3/31/2023 2:14:19 PM
OldestRecordNumber             : 1370
RecordCount                    : 1394
LogName                        : Microsoft-Windows-BackgroundTaskInfrastructure/Operational
LogType                        : Operational
LogIsolation                   : Application
IsEnabled                      : True
IsClassicLog                   : False
SecurityDescriptor             : O:BAG:SYD:(A;;0x2;;;S-1-15-2-1)(A;;0x2;;;S-1-15-3-1024-3153509613-960666767-3724611135-2725662640-12138253-543910227-1950414635-4190290187)(A;;0xf0007;;;SY)(A;;0x7;;;BA)(A;;0x7;;;SO)(A;;0x3;;;IU)(A;;0x3;;;SU)(A;;0x3;;;S-1-5-3)(A;;0x3;;;S-1-5-33)(A;;0x1;;;S-1-5-32-573)
LogFilePath                    : %SystemRoot%\System32\Winevt\Logs\Microsoft-Windows-BackgroundTaskInfrastructure%4Operational.evtx
MaximumSizeInBytes             : 1052672
LogMode                        : Circular
OwningProviderName             : Microsoft-Windows-BrokerInfrastructure
ProviderNames                  : {Microsoft-Windows-BrokerInfrastructure}
ProviderLevel                  : 
ProviderKeywords               : 
ProviderBufferSize             : 64
ProviderMinimumNumberOfBuffers : 0
ProviderMaximumNumberOfBuffers : 64
ProviderLatency                : 1000
ProviderControlGuid            : 

FileSize                       : 
IsLogFull                      : 
LastAccessTime                 : 
LastWriteTime                  : 
OldestRecordNumber             : 
RecordCount                    : 
LogName                        : Microsoft-Windows-Authentication/ProtectedUserSuccesses-DomainController
LogType                        : Operational
LogIsolation                   : System
IsEnabled                      : False
IsClassicLog                   : False
SecurityDescriptor             : O:BAG:SYD:(A;;0xf0007;;;SY)(A;;0x7;;;BA)(A;;0x3;;;BO)(A;;0x5;;;SO)(A;;0x1;;;IU)(A;;0x3;;;SU)(A;;0x1;;;S-1-5-3)(A;;0x2;;;S-1-5-33)(A;;0x1;;;S-1-5-32-573)
LogFilePath                    : %SystemRoot%\System32\Winevt\Logs\Microsoft-Windows-Authentication%4ProtectedUserSuccesses-DomainController.evtx
MaximumSizeInBytes             : 1052672
LogMode                        : Circular
OwningProviderName             : Microsoft-Windows-AuthenticationProvider
ProviderNames                  : {Microsoft-Windows-AuthenticationProvider}
ProviderLevel                  : 
ProviderKeywords               : 
ProviderBufferSize             : 64
ProviderMinimumNumberOfBuffers : 0
ProviderMaximumNumberOfBuffers : 16
ProviderLatency                : 1000
ProviderControlGuid            : 

FileSize                       : 
IsLogFull                      : 
LastAccessTime                 : 
LastWriteTime                  : 
OldestRecordNumber             : 
RecordCount                    : 
LogName                        : Microsoft-Windows-Authentication/ProtectedUserFailures-DomainController
LogType                        : Operational
LogIsolation                   : System
IsEnabled                      : False
IsClassicLog                   : False
SecurityDescriptor             : O:BAG:SYD:(A;;0xf0007;;;SY)(A;;0x7;;;BA)(A;;0x3;;;BO)(A;;0x5;;;SO)(A;;0x1;;;IU)(A;;0x3;;;SU)(A;;0x1;;;S-1-5-3)(A;;0x2;;;S-1-5-33)(A;;0x1;;;S-1-5-32-573)
LogFilePath                    : %SystemRoot%\System32\Winevt\Logs\Microsoft-Windows-Authentication%4ProtectedUserFailures-DomainController.evtx
MaximumSizeInBytes             : 1052672
LogMode                        : Circular
OwningProviderName             : Microsoft-Windows-AuthenticationProvider
ProviderNames                  : {Microsoft-Windows-AuthenticationProvider, Microsoft-Windows-NTLM}
ProviderLevel                  : 
ProviderKeywords               : 
ProviderBufferSize             : 64
ProviderMinimumNumberOfBuffers : 0
ProviderMaximumNumberOfBuffers : 16
ProviderLatency                : 1000
ProviderControlGuid            : 

FileSize                       : 
IsLogFull                      : 
LastAccessTime                 : 
LastWriteTime                  : 
OldestRecordNumber             : 
RecordCount                    : 
LogName                        : Microsoft-Windows-Authentication/ProtectedUser-Client
LogType                        : Operational
LogIsolation                   : System
IsEnabled                      : False
IsClassicLog                   : False
SecurityDescriptor             : O:BAG:SYD:(A;;0xf0007;;;SY)(A;;0x7;;;BA)(A;;0x3;;;BO)(A;;0x5;;;SO)(A;;0x1;;;IU)(A;;0x3;;;SU)(A;;0x1;;;S-1-5-3)(A;;0x2;;;S-1-5-33)(A;;0x1;;;S-1-5-32-573)
LogFilePath                    : %SystemRoot%\System32\Winevt\Logs\Microsoft-Windows-Authentication%4ProtectedUser-Client.evtx
MaximumSizeInBytes             : 1052672
LogMode                        : Circular
OwningProviderName             : Microsoft-Windows-AuthenticationProvider
ProviderNames                  : {Microsoft-Windows-AuthenticationProvider}
ProviderLevel                  : 
ProviderKeywords               : 
ProviderBufferSize             : 64
ProviderMinimumNumberOfBuffers : 0
ProviderMaximumNumberOfBuffers : 16
ProviderLatency                : 1000
ProviderControlGuid            : 

FileSize                       : 
IsLogFull                      : 
LastAccessTime                 : 
LastWriteTime                  : 
OldestRecordNumber             : 
RecordCount                    : 
LogName                        : Microsoft-Windows-Authentication/AuthenticationPolicyFailures-DomainController
LogType                        : Operational
LogIsolation                   : System
IsEnabled                      : False
IsClassicLog                   : False
SecurityDescriptor             : O:BAG:SYD:(A;;0xf0007;;;SY)(A;;0x7;;;BA)(A;;0x3;;;BO)(A;;0x5;;;SO)(A;;0x1;;;IU)(A;;0x3;;;SU)(A;;0x1;;;S-1-5-3)(A;;0x2;;;S-1-5-33)(A;;0x1;;;S-1-5-32-573)
LogFilePath                    : %SystemRoot%\System32\Winevt\Logs\Microsoft-Windows-Authentication%4AuthenticationPolicyFailures-DomainController.evtx
MaximumSizeInBytes             : 1052672
LogMode                        : Circular
OwningProviderName             : Microsoft-Windows-AuthenticationProvider
ProviderNames                  : {Microsoft-Windows-AuthenticationProvider, Microsoft-Windows-NTLM}
ProviderLevel                  : 
ProviderKeywords               : 
ProviderBufferSize             : 64
ProviderMinimumNumberOfBuffers : 0
ProviderMaximumNumberOfBuffers : 16
ProviderLatency                : 1000
ProviderControlGuid            : 

FileSize                       : 69632
IsLogFull                      : False
LastAccessTime                 : 3/31/2023 2:17:13 PM
LastWriteTime                  : 3/31/2023 2:17:13 PM
OldestRecordNumber             : 0
RecordCount                    : 0
LogName                        : Microsoft-Windows-Authentication User Interface/Operational
LogType                        : Operational
LogIsolation                   : Application
IsEnabled                      : True
IsClassicLog                   : False
SecurityDescriptor             : O:BAG:SYD:(A;;0x2;;;S-1-15-2-1)(A;;0x2;;;S-1-15-3-1024-3153509613-960666767-3724611135-2725662640-12138253-543910227-1950414635-4190290187)(A;;0xf0007;;;SY)(A;;0x7;;;BA)(A;;0x7;;;SO)(A;;0x3;;;IU)(A;;0x3;;;SU)(A;;0x3;;;S-1-5-3)(A;;0x3;;;S-1-5-33)(A;;0x1;;;S-1-5-32-573)
LogFilePath                    : %SystemRoot%\System32\Winevt\Logs\Microsoft-Windows-Authentication User Interface%4Operational.evtx
MaximumSizeInBytes             : 1052672
LogMode                        : Circular
OwningProviderName             : Microsoft-Windows-Shell-AuthUI
ProviderNames                  : {Microsoft-Windows-Shell-AuthUI}
ProviderLevel                  : 
ProviderKeywords               : 
ProviderBufferSize             : 64
ProviderMinimumNumberOfBuffers : 0
ProviderMaximumNumberOfBuffers : 64
ProviderLatency                : 1000
ProviderControlGuid            : 

FileSize                       : 69632
IsLogFull                      : False
LastAccessTime                 : 3/31/2023 5:37:36 PM
LastWriteTime                  : 3/24/2023 1:15:48 AM
OldestRecordNumber             : 1
RecordCount                    : 154
LogName                        : Microsoft-Windows-Audio/PlaybackManager
LogType                        : Operational
LogIsolation                   : Application
IsEnabled                      : True
IsClassicLog                   : False
SecurityDescriptor             : O:BAG:SYD:(A;;0x2;;;S-1-15-2-1)(A;;0x2;;;S-1-15-3-1024-3153509613-960666767-3724611135-2725662640-12138253-543910227-1950414635-4190290187)(A;;0xf0007;;;SY)(A;;0x7;;;BA)(A;;0x7;;;SO)(A;;0x3;;;IU)(A;;0x3;;;SU)(A;;0x3;;;S-1-5-3)(A;;0x3;;;S-1-5-33)(A;;0x1;;;S-1-5-32-573)
LogFilePath                    : %SystemRoot%\System32\Winevt\Logs\Microsoft-Windows-Audio%4PlaybackManager.evtx
MaximumSizeInBytes             : 1052672
LogMode                        : Circular
OwningProviderName             : Microsoft-Windows-Audio
ProviderNames                  : {Microsoft-Windows-Audio}
ProviderLevel                  : 
ProviderKeywords               : 
ProviderBufferSize             : 64
ProviderMinimumNumberOfBuffers : 0
ProviderMaximumNumberOfBuffers : 64
ProviderLatency                : 1000
ProviderControlGuid            : 

FileSize                       : 1052672
IsLogFull                      : False
LastAccessTime                 : 3/31/2023 5:10:56 PM
LastWriteTime                  : 3/31/2023 5:10:56 PM
OldestRecordNumber             : 2465
RecordCount                    : 1975
LogName                        : Microsoft-Windows-Audio/Operational
LogType                        : Operational
LogIsolation                   : System
IsEnabled                      : True
IsClassicLog                   : False
SecurityDescriptor             : O:BAG:SYD:(A;;0xf0007;;;SY)(A;;0x7;;;BA)(A;;0x3;;;BO)(A;;0x5;;;SO)(A;;0x1;;;IU)(A;;0x3;;;SU)(A;;0x1;;;S-1-5-3)(A;;0x2;;;S-1-5-33)(A;;0x1;;;S-1-5-32-573)
LogFilePath                    : %SystemRoot%\System32\Winevt\Logs\Microsoft-Windows-Audio%4Operational.evtx
MaximumSizeInBytes             : 1052672
LogMode                        : Circular
OwningProviderName             : Microsoft-Windows-Audio
ProviderNames                  : {Microsoft-Windows-Audio}
ProviderLevel                  : 
ProviderKeywords               : 
ProviderBufferSize             : 64
ProviderMinimumNumberOfBuffers : 0
ProviderMaximumNumberOfBuffers : 16
ProviderLatency                : 1000
ProviderControlGuid            : 

FileSize                       : 
IsLogFull                      : 
LastAccessTime                 : 
LastWriteTime                  : 
OldestRecordNumber             : 
RecordCount                    : 
LogName                        : Microsoft-Windows-Audio/Informational
LogType                        : Operational
LogIsolation                   : System
IsEnabled                      : False
IsClassicLog                   : False
SecurityDescriptor             : O:BAG:SYD:(A;;0xf0007;;;SY)(A;;0x7;;;BA)(A;;0x3;;;BO)(A;;0x5;;;SO)(A;;0x1;;;IU)(A;;0x3;;;SU)(A;;0x1;;;S-1-5-3)(A;;0x2;;;S-1-5-33)(A;;0x1;;;S-1-5-32-573)
LogFilePath                    : %SystemRoot%\System32\Winevt\Logs\Microsoft-Windows-Audio%4Informational.evtx
MaximumSizeInBytes             : 1052672
LogMode                        : Circular
OwningProviderName             : Microsoft-Windows-Audio
ProviderNames                  : {Microsoft-Windows-Audio}
ProviderLevel                  : 
ProviderKeywords               : 
ProviderBufferSize             : 64
ProviderMinimumNumberOfBuffers : 0
ProviderMaximumNumberOfBuffers : 16
ProviderLatency                : 1000
ProviderControlGuid            : 

FileSize                       : 
IsLogFull                      : 
LastAccessTime                 : 
LastWriteTime                  : 
OldestRecordNumber             : 
RecordCount                    : 
LogName                        : Microsoft-Windows-Audio/GlitchDetection
LogType                        : Operational
LogIsolation                   : System
IsEnabled                      : False
IsClassicLog                   : False
SecurityDescriptor             : O:BAG:SYD:(A;;0xf0007;;;SY)(A;;0x7;;;BA)(A;;0x3;;;BO)(A;;0x5;;;SO)(A;;0x1;;;IU)(A;;0x3;;;SU)(A;;0x1;;;S-1-5-3)(A;;0x2;;;S-1-5-33)(A;;0x1;;;S-1-5-32-573)
LogFilePath                    : %SystemRoot%\System32\Winevt\Logs\Microsoft-Windows-Audio%4GlitchDetection.evtx
MaximumSizeInBytes             : 1052672
LogMode                        : Circular
OwningProviderName             : Microsoft-Windows-Audio
ProviderNames                  : {Microsoft-Windows-Audio}
ProviderLevel                  : 
ProviderKeywords               : 
ProviderBufferSize             : 64
ProviderMinimumNumberOfBuffers : 0
ProviderMaximumNumberOfBuffers : 16
ProviderLatency                : 1000
ProviderControlGuid            : 

FileSize                       : 69632
IsLogFull                      : False
LastAccessTime                 : 3/31/2023 5:37:36 PM
LastWriteTime                  : 6/25/2021 12:11:34 PM
OldestRecordNumber             : 0
RecordCount                    : 0
LogName                        : Microsoft-Windows-Audio/CaptureMonitor
LogType                        : Operational
LogIsolation                   : System
IsEnabled                      : True
IsClassicLog                   : False
SecurityDescriptor             : O:BAG:SYD:(A;;0xf0007;;;SY)(A;;0x7;;;BA)(A;;0x3;;;BO)(A;;0x5;;;SO)(A;;0x1;;;IU)(A;;0x3;;;SU)(A;;0x1;;;S-1-5-3)(A;;0x2;;;S-1-5-33)(A;;0x1;;;S-1-5-32-573)
LogFilePath                    : %SystemRoot%\System32\Winevt\Logs\Microsoft-Windows-Audio%4CaptureMonitor.evtx
MaximumSizeInBytes             : 1052672
LogMode                        : Circular
OwningProviderName             : Microsoft-Windows-Audio
ProviderNames                  : {Microsoft-Windows-Audio}
ProviderLevel                  : 
ProviderKeywords               : 
ProviderBufferSize             : 64
ProviderMinimumNumberOfBuffers : 0
ProviderMaximumNumberOfBuffers : 16
ProviderLatency                : 1000
ProviderControlGuid            : 

FileSize                       : 
IsLogFull                      : 
LastAccessTime                 : 
LastWriteTime                  : 
OldestRecordNumber             : 
RecordCount                    : 
LogName                        : Microsoft-Windows-AssignedAccessBroker/Operational
LogType                        : Operational
LogIsolation                   : Application
IsEnabled                      : False
IsClassicLog                   : False
SecurityDescriptor             : O:BAG:SYD:(A;;0x2;;;S-1-15-2-1)(A;;0x2;;;S-1-15-3-1024-3153509613-960666767-3724611135-2725662640-12138253-543910227-1950414635-4190290187)(A;;0xf0007;;;SY)(A;;0x7;;;BA)(A;;0x7;;;SO)(A;;0x3;;;IU)(A;;0x3;;;SU)(A;;0x3;;;S-1-5-3)(A;;0x3;;;S-1-5-33)(A;;0x1;;;S-1-5-32-573)
LogFilePath                    : %SystemRoot%\System32\Winevt\Logs\Microsoft-Windows-AssignedAccessBroker%4Operational.evtx
MaximumSizeInBytes             : 1052672
LogMode                        : Circular
OwningProviderName             : Microsoft-Windows-AssignedAccessBroker
ProviderNames                  : {Microsoft-Windows-AssignedAccessBroker}
ProviderLevel                  : 
ProviderKeywords               : 
ProviderBufferSize             : 64
ProviderMinimumNumberOfBuffers : 0
ProviderMaximumNumberOfBuffers : 64
ProviderLatency                : 1000
ProviderControlGuid            : 

FileSize                       : 69632
IsLogFull                      : False
LastAccessTime                 : 3/31/2023 2:17:13 PM
LastWriteTime                  : 3/31/2023 2:17:13 PM
OldestRecordNumber             : 0
RecordCount                    : 0
LogName                        : Microsoft-Windows-AssignedAccessBroker/Admin
LogType                        : Administrative
LogIsolation                   : Application
IsEnabled                      : True
IsClassicLog                   : False
SecurityDescriptor             : O:BAG:SYD:(A;;0x2;;;S-1-15-2-1)(A;;0x2;;;S-1-15-3-1024-3153509613-960666767-3724611135-2725662640-12138253-543910227-1950414635-4190290187)(A;;0xf0007;;;SY)(A;;0x7;;;BA)(A;;0x7;;;SO)(A;;0x3;;;IU)(A;;0x3;;;SU)(A;;0x3;;;S-1-5-3)(A;;0x3;;;S-1-5-33)(A;;0x1;;;S-1-5-32-573)
LogFilePath                    : %SystemRoot%\System32\Winevt\Logs\Microsoft-Windows-AssignedAccessBroker%4Admin.evtx
MaximumSizeInBytes             : 1052672
LogMode                        : Circular
OwningProviderName             : Microsoft-Windows-AssignedAccessBroker
ProviderNames                  : {Microsoft-Windows-AssignedAccessBroker}
ProviderLevel                  : 
ProviderKeywords               : 
ProviderBufferSize             : 64
ProviderMinimumNumberOfBuffers : 0
ProviderMaximumNumberOfBuffers : 64
ProviderLatency                : 1000
ProviderControlGuid            : 

FileSize                       : 
IsLogFull                      : 
LastAccessTime                 : 
LastWriteTime                  : 
OldestRecordNumber             : 
RecordCount                    : 
LogName                        : Microsoft-Windows-AssignedAccess/Operational
LogType                        : Operational
LogIsolation                   : Application
IsEnabled                      : False
IsClassicLog                   : False
SecurityDescriptor             : O:BAG:SYD:(A;;0x2;;;S-1-15-2-1)(A;;0x2;;;S-1-15-3-1024-3153509613-960666767-3724611135-2725662640-12138253-543910227-1950414635-4190290187)(A;;0xf0007;;;SY)(A;;0x7;;;BA)(A;;0x7;;;SO)(A;;0x3;;;IU)(A;;0x3;;;SU)(A;;0x3;;;S-1-5-3)(A;;0x3;;;S-1-5-33)(A;;0x1;;;S-1-5-32-573)
LogFilePath                    : %SystemRoot%\System32\Winevt\Logs\Microsoft-Windows-AssignedAccess%4Operational.evtx
MaximumSizeInBytes             : 1052672
LogMode                        : Circular
OwningProviderName             : Microsoft-Windows-AssignedAccess
ProviderNames                  : {Microsoft-Windows-AssignedAccess}
ProviderLevel                  : 
ProviderKeywords               : 
ProviderBufferSize             : 64
ProviderMinimumNumberOfBuffers : 0
ProviderMaximumNumberOfBuffers : 64
ProviderLatency                : 1000
ProviderControlGuid            : 

FileSize                       : 69632
IsLogFull                      : False
LastAccessTime                 : 3/31/2023 2:17:13 PM
LastWriteTime                  : 3/31/2023 2:17:13 PM
OldestRecordNumber             : 0
RecordCount                    : 0
LogName                        : Microsoft-Windows-AssignedAccess/Admin
LogType                        : Administrative
LogIsolation                   : Application
IsEnabled                      : True
IsClassicLog                   : False
SecurityDescriptor             : O:BAG:SYD:(A;;0x2;;;S-1-15-2-1)(A;;0x2;;;S-1-15-3-1024-3153509613-960666767-3724611135-2725662640-12138253-543910227-1950414635-4190290187)(A;;0xf0007;;;SY)(A;;0x7;;;BA)(A;;0x7;;;SO)(A;;0x3;;;IU)(A;;0x3;;;SU)(A;;0x3;;;S-1-5-3)(A;;0x3;;;S-1-5-33)(A;;0x1;;;S-1-5-32-573)
LogFilePath                    : %SystemRoot%\System32\Winevt\Logs\Microsoft-Windows-AssignedAccess%4Admin.evtx
MaximumSizeInBytes             : 1052672
LogMode                        : Circular
OwningProviderName             : Microsoft-Windows-AssignedAccess
ProviderNames                  : {Microsoft-Windows-AssignedAccess}
ProviderLevel                  : 
ProviderKeywords               : 
ProviderBufferSize             : 64
ProviderMinimumNumberOfBuffers : 0
ProviderMaximumNumberOfBuffers : 64
ProviderLatency                : 1000
ProviderControlGuid            : 

FileSize                       : 1052672
IsLogFull                      : False
LastAccessTime                 : 3/31/2023 5:49:20 PM
LastWriteTime                  : 3/31/2023 5:49:20 PM
OldestRecordNumber             : 14984
RecordCount                    : 1961
LogName                        : Microsoft-Windows-AppxPackaging/Operational
LogType                        : Operational
LogIsolation                   : Application
IsEnabled                      : True
IsClassicLog                   : False
SecurityDescriptor             : O:BAG:SYD:(A;;0x2;;;S-1-15-2-1)(A;;0x2;;;S-1-15-3-1024-3153509613-960666767-3724611135-2725662640-12138253-543910227-1950414635-4190290187)(A;;0xf0007;;;SY)(A;;0x7;;;BA)(A;;0x7;;;SO)(A;;0x3;;;IU)(A;;0x3;;;SU)(A;;0x3;;;S-1-5-3)(A;;0x3;;;S-1-5-33)(A;;0x1;;;S-1-5-32-573)
LogFilePath                    : %SystemRoot%\System32\Winevt\Logs\Microsoft-Windows-AppxPackaging%4Operational.evtx
MaximumSizeInBytes             : 1052672
LogMode                        : Circular
OwningProviderName             : Microsoft-Windows-AppxPackagingOM
ProviderNames                  : {Microsoft-Windows-AppxPackagingOM}
ProviderLevel                  : 
ProviderKeywords               : 
ProviderBufferSize             : 64
ProviderMinimumNumberOfBuffers : 0
ProviderMaximumNumberOfBuffers : 64
ProviderLatency                : 1000
ProviderControlGuid            : 

FileSize                       : 5246976
IsLogFull                      : False
LastAccessTime                 : 3/31/2023 2:17:13 PM
LastWriteTime                  : 3/30/2023 5:57:19 PM
OldestRecordNumber             : 45880
RecordCount                    : 3383
LogName                        : Microsoft-Windows-AppXDeploymentServer/Operational
LogType                        : Operational
LogIsolation                   : Application
IsEnabled                      : True
IsClassicLog                   : False
SecurityDescriptor             : O:BAG:SYD:(A;;0x2;;;S-1-15-2-1)(A;;0x2;;;S-1-15-3-1024-3153509613-960666767-3724611135-2725662640-12138253-543910227-1950414635-4190290187)(A;;0xf0007;;;SY)(A;;0x7;;;BA)(A;;0x7;;;SO)(A;;0x3;;;IU)(A;;0x3;;;SU)(A;;0x3;;;S-1-5-3)(A;;0x3;;;S-1-5-33)(A;;0x1;;;S-1-5-32-573)
LogFilePath                    : %SystemRoot%\System32\Winevt\Logs\Microsoft-Windows-AppXDeploymentServer%4Operational.evtx
MaximumSizeInBytes             : 5242880
LogMode                        : Circular
OwningProviderName             : Microsoft-Windows-AppXDeployment-Server
ProviderNames                  : {Microsoft-Windows-AppXDeployment-Server}
ProviderLevel                  : 
ProviderKeywords               : 
ProviderBufferSize             : 64
ProviderMinimumNumberOfBuffers : 0
ProviderMaximumNumberOfBuffers : 64
ProviderLatency                : 1000
ProviderControlGuid            : 

FileSize                       : 1052672
IsLogFull                      : False
LastAccessTime                 : 3/31/2023 5:53:52 PM
LastWriteTime                  : 3/31/2023 5:53:52 PM
OldestRecordNumber             : 214846
RecordCount                    : 2129
LogName                        : Microsoft-Windows-AppXDeployment/Operational
LogType                        : Operational
LogIsolation                   : Application
IsEnabled                      : True
IsClassicLog                   : False
SecurityDescriptor             : O:BAG:SYD:(A;;0x2;;;S-1-15-2-1)(A;;0x2;;;S-1-15-3-1024-3153509613-960666767-3724611135-2725662640-12138253-543910227-1950414635-4190290187)(A;;0xf0007;;;SY)(A;;0x7;;;BA)(A;;0x7;;;SO)(A;;0x3;;;IU)(A;;0x3;;;SU)(A;;0x3;;;S-1-5-3)(A;;0x3;;;S-1-5-33)(A;;0x1;;;S-1-5-32-573)
LogFilePath                    : %SystemRoot%\System32\Winevt\Logs\Microsoft-Windows-AppXDeployment%4Operational.evtx
MaximumSizeInBytes             : 1052672
LogMode                        : Circular
OwningProviderName             : Microsoft-Windows-AppXDeployment
ProviderNames                  : {Microsoft-Windows-AppXDeployment}
ProviderLevel                  : 
ProviderKeywords               : 
ProviderBufferSize             : 64
ProviderMinimumNumberOfBuffers : 0
ProviderMaximumNumberOfBuffers : 64
ProviderLatency                : 1000
ProviderControlGuid            : 

FileSize                       : 1118208
IsLogFull                      : False
LastAccessTime                 : 3/31/2023 2:17:13 PM
LastWriteTime                  : 3/15/2023 8:30:04 PM
OldestRecordNumber             : 1
RecordCount                    : 186
LogName                        : Microsoft-Windows-AppReadiness/Operational
LogType                        : Operational
LogIsolation                   : Application
IsEnabled                      : True
IsClassicLog                   : False
SecurityDescriptor             : O:BAG:SYD:(A;;0x2;;;S-1-15-2-1)(A;;0x2;;;S-1-15-3-1024-3153509613-960666767-3724611135-2725662640-12138253-543910227-1950414635-4190290187)(A;;0xf0007;;;SY)(A;;0x7;;;BA)(A;;0x7;;;SO)(A;;0x3;;;IU)(A;;0x3;;;SU)(A;;0x3;;;S-1-5-3)(A;;0x3;;;S-1-5-33)(A;;0x1;;;S-1-5-32-573)
LogFilePath                    : %SystemRoot%\System32\Winevt\Logs\Microsoft-Windows-AppReadiness%4Operational.evtx
MaximumSizeInBytes             : 5242880
LogMode                        : Circular
OwningProviderName             : Microsoft-Windows-AppReadiness
ProviderNames                  : {Microsoft-Windows-AppReadiness}
ProviderLevel                  : 
ProviderKeywords               : 
ProviderBufferSize             : 64
ProviderMinimumNumberOfBuffers : 0
ProviderMaximumNumberOfBuffers : 64
ProviderLatency                : 1000
ProviderControlGuid            : 

FileSize                       : 1118208
IsLogFull                      : False
LastAccessTime                 : 3/31/2023 2:17:13 PM
LastWriteTime                  : 3/15/2023 8:30:04 PM
OldestRecordNumber             : 1
RecordCount                    : 1962
LogName                        : Microsoft-Windows-AppReadiness/Admin
LogType                        : Administrative
LogIsolation                   : Application
IsEnabled                      : True
IsClassicLog                   : False
SecurityDescriptor             : O:BAG:SYD:(A;;0x2;;;S-1-15-2-1)(A;;0x2;;;S-1-15-3-1024-3153509613-960666767-3724611135-2725662640-12138253-543910227-1950414635-4190290187)(A;;0xf0007;;;SY)(A;;0x7;;;BA)(A;;0x7;;;SO)(A;;0x3;;;IU)(A;;0x3;;;SU)(A;;0x3;;;S-1-5-3)(A;;0x3;;;S-1-5-33)(A;;0x1;;;S-1-5-32-573)
LogFilePath                    : %SystemRoot%\System32\Winevt\Logs\Microsoft-Windows-AppReadiness%4Admin.evtx
MaximumSizeInBytes             : 5242880
LogMode                        : Circular
OwningProviderName             : Microsoft-Windows-AppReadiness
ProviderNames                  : {Microsoft-Windows-AppReadiness}
ProviderLevel                  : 
ProviderKeywords               : 
ProviderBufferSize             : 64
ProviderMinimumNumberOfBuffers : 0
ProviderMaximumNumberOfBuffers : 64
ProviderLatency                : 1000
ProviderControlGuid            : 

FileSize                       : 1052672
IsLogFull                      : False
LastAccessTime                 : 3/31/2023 5:54:29 PM
LastWriteTime                  : 3/31/2023 5:54:29 PM
OldestRecordNumber             : 12143
RecordCount                    : 1566
LogName                        : Microsoft-Windows-AppModel-Runtime/Admin
LogType                        : Administrative
LogIsolation                   : Application
IsEnabled                      : True
IsClassicLog                   : False
SecurityDescriptor             : O:BAG:SYD:(A;;0x2;;;S-1-15-2-1)(A;;0x2;;;S-1-15-3-1024-3153509613-960666767-3724611135-2725662640-12138253-543910227-1950414635-4190290187)(A;;0xf0007;;;SY)(A;;0x7;;;BA)(A;;0x7;;;SO)(A;;0x3;;;IU)(A;;0x3;;;SU)(A;;0x3;;;S-1-5-3)(A;;0x3;;;S-1-5-33)(A;;0x1;;;S-1-5-32-573)
LogFilePath                    : %SystemRoot%\System32\Winevt\Logs\Microsoft-Windows-AppModel-Runtime%4Admin.evtx
MaximumSizeInBytes             : 1052672
LogMode                        : Circular
OwningProviderName             : Microsoft-Windows-AppModel-Runtime
ProviderNames                  : {Microsoft-Windows-AppModel-Runtime}
ProviderLevel                  : 
ProviderKeywords               : 
ProviderBufferSize             : 64
ProviderMinimumNumberOfBuffers : 0
ProviderMaximumNumberOfBuffers : 64
ProviderLatency                : 1000
ProviderControlGuid            : 

FileSize                       : 69632
IsLogFull                      : False
LastAccessTime                 : 3/31/2023 2:17:13 PM
LastWriteTime                  : 3/31/2023 2:17:13 PM
OldestRecordNumber             : 0
RecordCount                    : 0
LogName                        : Microsoft-Windows-AppLocker/Packaged app-Execution
LogType                        : Operational
LogIsolation                   : System
IsEnabled                      : True
IsClassicLog                   : False
SecurityDescriptor             : O:BAG:SYD:(A;;0xf0007;;;SY)(A;;0x7;;;BA)(A;;0x3;;;BO)(A;;0x5;;;SO)(A;;0x1;;;IU)(A;;0x3;;;SU)(A;;0x1;;;S-1-5-3)(A;;0x2;;;S-1-5-33)(A;;0x1;;;S-1-5-32-573)
LogFilePath                    : %SystemRoot%\System32\Winevt\Logs\Microsoft-Windows-AppLocker%4Packaged app-Execution.evtx
MaximumSizeInBytes             : 1052672
LogMode                        : Circular
OwningProviderName             : Microsoft-Windows-AppLocker
ProviderNames                  : {Microsoft-Windows-AppLocker}
ProviderLevel                  : 
ProviderKeywords               : 
ProviderBufferSize             : 64
ProviderMinimumNumberOfBuffers : 0
ProviderMaximumNumberOfBuffers : 16
ProviderLatency                : 1000
ProviderControlGuid            : 

FileSize                       : 69632
IsLogFull                      : False
LastAccessTime                 : 3/31/2023 2:17:13 PM
LastWriteTime                  : 3/31/2023 2:17:13 PM
OldestRecordNumber             : 0
RecordCount                    : 0
LogName                        : Microsoft-Windows-AppLocker/Packaged app-Deployment
LogType                        : Operational
LogIsolation                   : Application
IsEnabled                      : True
IsClassicLog                   : False
SecurityDescriptor             : O:BAG:SYD:(A;;0x2;;;S-1-15-2-1)(A;;0x2;;;S-1-15-3-1024-3153509613-960666767-3724611135-2725662640-12138253-543910227-1950414635-4190290187)(A;;0xf0007;;;SY)(A;;0x7;;;BA)(A;;0x7;;;SO)(A;;0x3;;;IU)(A;;0x3;;;SU)(A;;0x3;;;S-1-5-3)(A;;0x3;;;S-1-5-33)(A;;0x1;;;S-1-5-32-573)
LogFilePath                    : %SystemRoot%\System32\Winevt\Logs\Microsoft-Windows-AppLocker%4Packaged app-Deployment.evtx
MaximumSizeInBytes             : 1052672
LogMode                        : Circular
OwningProviderName             : Microsoft-Windows-AppLocker
ProviderNames                  : {Microsoft-Windows-AppLocker}
ProviderLevel                  : 
ProviderKeywords               : 
ProviderBufferSize             : 64
ProviderMinimumNumberOfBuffers : 0
ProviderMaximumNumberOfBuffers : 64
ProviderLatency                : 1000
ProviderControlGuid            : 

FileSize                       : 69632
IsLogFull                      : False
LastAccessTime                 : 3/31/2023 2:17:13 PM
LastWriteTime                  : 3/31/2023 2:17:13 PM
OldestRecordNumber             : 0
RecordCount                    : 0
LogName                        : Microsoft-Windows-AppLocker/MSI and Script
LogType                        : Operational
LogIsolation                   : Application
IsEnabled                      : True
IsClassicLog                   : False
SecurityDescriptor             : O:BAG:SYD:(A;;0x2;;;S-1-15-2-1)(A;;0x2;;;S-1-15-3-1024-3153509613-960666767-3724611135-2725662640-12138253-543910227-1950414635-4190290187)(A;;0xf0007;;;SY)(A;;0x7;;;BA)(A;;0x7;;;SO)(A;;0x3;;;IU)(A;;0x3;;;SU)(A;;0x3;;;S-1-5-3)(A;;0x3;;;S-1-5-33)(A;;0x1;;;S-1-5-32-573)
LogFilePath                    : %SystemRoot%\System32\Winevt\Logs\Microsoft-Windows-AppLocker%4MSI and Script.evtx
MaximumSizeInBytes             : 1052672
LogMode                        : Circular
OwningProviderName             : Microsoft-Windows-AppLocker
ProviderNames                  : {Microsoft-Windows-AppLocker}
ProviderLevel                  : 
ProviderKeywords               : 
ProviderBufferSize             : 64
ProviderMinimumNumberOfBuffers : 0
ProviderMaximumNumberOfBuffers : 64
ProviderLatency                : 1000
ProviderControlGuid            : 

FileSize                       : 69632
IsLogFull                      : False
LastAccessTime                 : 3/31/2023 2:17:13 PM
LastWriteTime                  : 3/31/2023 2:17:13 PM
OldestRecordNumber             : 0
RecordCount                    : 0
LogName                        : Microsoft-Windows-AppLocker/EXE and DLL
LogType                        : Operational
LogIsolation                   : System
IsEnabled                      : True
IsClassicLog                   : False
SecurityDescriptor             : O:BAG:SYD:(A;;0xf0007;;;SY)(A;;0x7;;;BA)(A;;0x3;;;BO)(A;;0x5;;;SO)(A;;0x1;;;IU)(A;;0x3;;;SU)(A;;0x1;;;S-1-5-3)(A;;0x2;;;S-1-5-33)(A;;0x1;;;S-1-5-32-573)
LogFilePath                    : %SystemRoot%\System32\Winevt\Logs\Microsoft-Windows-AppLocker%4EXE and DLL.evtx
MaximumSizeInBytes             : 1052672
LogMode                        : Circular
OwningProviderName             : Microsoft-Windows-AppLocker
ProviderNames                  : {Microsoft-Windows-AppLocker}
ProviderLevel                  : 
ProviderKeywords               : 
ProviderBufferSize             : 64
ProviderMinimumNumberOfBuffers : 0
ProviderMaximumNumberOfBuffers : 16
ProviderLatency                : 1000
ProviderControlGuid            : 

FileSize                       : 69632
IsLogFull                      : False
LastAccessTime                 : 3/31/2023 5:37:36 PM
LastWriteTime                  : 4/28/2021 2:27:45 PM
OldestRecordNumber             : 0
RecordCount                    : 0
LogName                        : Microsoft-Windows-Application-Experience/Steps-Recorder
LogType                        : Operational
LogIsolation                   : Application
IsEnabled                      : True
IsClassicLog                   : False
SecurityDescriptor             : O:BAG:SYD:(A;;0x2;;;S-1-15-2-1)(A;;0x2;;;S-1-15-3-1024-3153509613-960666767-3724611135-2725662640-12138253-543910227-1950414635-4190290187)(A;;0xf0007;;;SY)(A;;0x7;;;BA)(A;;0x7;;;SO)(A;;0x3;;;IU)(A;;0x3;;;SU)(A;;0x3;;;S-1-5-3)(A;;0x3;;;S-1-5-33)(A;;0x1;;;S-1-5-32-573)
LogFilePath                    : %SystemRoot%\System32\Winevt\Logs\Microsoft-Windows-Application-Experience%4Steps-Recorder.evtx
MaximumSizeInBytes             : 1052672
LogMode                        : Circular
OwningProviderName             : Microsoft-Windows-Application-Experience
ProviderNames                  : {Microsoft-Windows-Application-Experience}
ProviderLevel                  : 
ProviderKeywords               : 
ProviderBufferSize             : 64
ProviderMinimumNumberOfBuffers : 0
ProviderMaximumNumberOfBuffers : 64
ProviderLatency                : 1000
ProviderControlGuid            : 

