FileSize                       : 69632
IsLogFull                      : False
LastAccessTime                 : 3/31/2023 2:17:12 PM
LastWriteTime                  : 3/31/2023 2:17:12 PM
OldestRecordNumber             : 0
RecordCount                    : 0
LogName                        : Microsoft-Windows-Kernel-LiveDump/Operational
LogType                        : Operational
LogIsolation                   : System
IsEnabled                      : True
IsClassicLog                   : False
SecurityDescriptor             : O:BAG:SYD:(A;;0xf0007;;;SY)(A;;0x7;;;BA)(A;;0x3;;;BO)(A;;0x5;;;SO)(A;;0x1;;;IU)(A;;0x3;;;SU)(A;;0x1;;;S-1-5-3)(A;;0x2;;;S-1-5-33)(A;;0x1;;;S-1-5-32-573)
LogFilePath                    : %SystemRoot%\System32\Winevt\Logs\Microsoft-Windows-Kernel-LiveDump%4Operational.evtx
MaximumSizeInBytes             : 1052672
LogMode                        : Circular
OwningProviderName             : Microsoft-Windows-Kernel-LiveDump
ProviderNames                  : {Microsoft-Windows-Kernel-LiveDump}
ProviderLevel                  : 
ProviderKeywords               : 
ProviderBufferSize             : 64
ProviderMinimumNumberOfBuffers : 0
ProviderMaximumNumberOfBuffers : 16
ProviderLatency                : 1000
ProviderControlGuid            : 

FileSize                       : 69632
IsLogFull                      : False
LastAccessTime                 : 3/31/2023 2:17:12 PM
LastWriteTime                  : 3/31/2023 2:17:12 PM
OldestRecordNumber             : 0
RecordCount                    : 0
LogName                        : Microsoft-Windows-Kernel-IO/Operational
LogType                        : Operational
LogIsolation                   : System
IsEnabled                      : True
IsClassicLog                   : False
SecurityDescriptor             : O:BAG:SYD:(A;;0xf0007;;;SY)(A;;0x7;;;BA)(A;;0x3;;;BO)(A;;0x5;;;SO)(A;;0x1;;;IU)(A;;0x3;;;SU)(A;;0x1;;;S-1-5-3)(A;;0x2;;;S-1-5-33)(A;;0x1;;;S-1-5-32-573)
LogFilePath                    : %SystemRoot%\System32\Winevt\Logs\Microsoft-Windows-Kernel-IO%4Operational.evtx
MaximumSizeInBytes             : 1052672
LogMode                        : Circular
OwningProviderName             : Microsoft-Windows-Kernel-IO
ProviderNames                  : {Microsoft-Windows-Kernel-IO}
ProviderLevel                  : 
ProviderKeywords               : 
ProviderBufferSize             : 64
ProviderMinimumNumberOfBuffers : 0
ProviderMaximumNumberOfBuffers : 16
ProviderLatency                : 1000
ProviderControlGuid            : 

FileSize                       : 1052672
IsLogFull                      : False
LastAccessTime                 : 3/31/2023 2:17:12 PM
LastWriteTime                  : 3/31/2023 2:14:19 PM
OldestRecordNumber             : 1
RecordCount                    : 373
LogName                        : Microsoft-Windows-Kernel-EventTracing/Admin
LogType                        : Administrative
LogIsolation                   : System
IsEnabled                      : True
IsClassicLog                   : False
SecurityDescriptor             : O:BAG:SYD:(A;;0xf0007;;;SY)(A;;0x7;;;BA)(A;;0x3;;;BO)(A;;0x5;;;SO)(A;;0x1;;;IU)(A;;0x3;;;SU)(A;;0x1;;;S-1-5-3)(A;;0x2;;;S-1-5-33)(A;;0x1;;;S-1-5-32-573)
LogFilePath                    : %SystemRoot%\System32\Winevt\Logs\Microsoft-Windows-Kernel-EventTracing%4Admin.evtx
MaximumSizeInBytes             : 1052672
LogMode                        : Circular
OwningProviderName             : Microsoft-Windows-Kernel-EventTracing
ProviderNames                  : {Microsoft-Windows-Kernel-EventTracing}
ProviderLevel                  : 
ProviderKeywords               : 
ProviderBufferSize             : 64
ProviderMinimumNumberOfBuffers : 0
ProviderMaximumNumberOfBuffers : 16
ProviderLatency                : 1000
ProviderControlGuid            : 

FileSize                       : 69632
IsLogFull                      : False
LastAccessTime                 : 3/31/2023 5:37:35 PM
LastWriteTime                  : 3/15/2023 8:25:04 PM
OldestRecordNumber             : 1
RecordCount                    : 124
LogName                        : Microsoft-Windows-Kernel-Boot/Operational
LogType                        : Operational
LogIsolation                   : System
IsEnabled                      : True
IsClassicLog                   : False
SecurityDescriptor             : O:BAG:SYD:(A;;0xf0007;;;SY)(A;;0x7;;;BA)(A;;0x3;;;BO)(A;;0x5;;;SO)(A;;0x1;;;IU)(A;;0x3;;;SU)(A;;0x1;;;S-1-5-3)(A;;0x2;;;S-1-5-33)(A;;0x1;;;S-1-5-32-573)
LogFilePath                    : %SystemRoot%\System32\Winevt\Logs\Microsoft-Windows-Kernel-Boot%4Operational.evtx
MaximumSizeInBytes             : 1052672
LogMode                        : Circular
OwningProviderName             : Microsoft-Windows-Kernel-Boot
ProviderNames                  : {Microsoft-Windows-Kernel-Boot}
ProviderLevel                  : 
ProviderKeywords               : 
ProviderBufferSize             : 64
ProviderMinimumNumberOfBuffers : 0
ProviderMaximumNumberOfBuffers : 16
ProviderLatency                : 1000
ProviderControlGuid            : 

FileSize                       : 69632
IsLogFull                      : False
LastAccessTime                 : 3/31/2023 2:17:12 PM
LastWriteTime                  : 3/31/2023 2:17:12 PM
OldestRecordNumber             : 0
RecordCount                    : 0
LogName                        : Microsoft-Windows-Kernel-ApphelpCache/Operational
LogType                        : Operational
LogIsolation                   : Application
IsEnabled                      : True
IsClassicLog                   : False
SecurityDescriptor             : O:BAG:SYD:(A;;0x2;;;S-1-15-2-1)(A;;0x2;;;S-1-15-3-1024-3153509613-960666767-3724611135-2725662640-12138253-543910227-1950414635-4190290187)(A;;0xf0007;;;SY)(A;;0x7;;;BA)(A;;0x7;;;SO)(A;;0x3;;;IU)(A;;0x3;;;SU)(A;;0x3;;;S-1-5-3)(A;;0x3;;;S-1-5-33)(A;;0x1;;;S-1-5-32-573)
LogFilePath                    : %SystemRoot%\System32\Winevt\Logs\Microsoft-Windows-Kernel-ApphelpCache%4Operational.evtx
MaximumSizeInBytes             : 1052672
LogMode                        : Circular
OwningProviderName             : Microsoft-Windows-ApplicationExperience-Cache
ProviderNames                  : {Microsoft-Windows-ApplicationExperience-Cache}
ProviderLevel                  : 
ProviderKeywords               : 
ProviderBufferSize             : 64
ProviderMinimumNumberOfBuffers : 0
ProviderMaximumNumberOfBuffers : 64
ProviderLatency                : 1000
ProviderControlGuid            : 

FileSize                       : 
IsLogFull                      : 
LastAccessTime                 : 
LastWriteTime                  : 
OldestRecordNumber             : 
RecordCount                    : 
LogName                        : Microsoft-Windows-Kerberos/Operational
LogType                        : Operational
LogIsolation                   : System
IsEnabled                      : False
IsClassicLog                   : False
SecurityDescriptor             : O:BAG:SYD:(A;;0xf0007;;;SY)(A;;0x7;;;BA)(A;;0x3;;;BO)(A;;0x5;;;SO)(A;;0x1;;;IU)(A;;0x3;;;SU)(A;;0x1;;;S-1-5-3)(A;;0x2;;;S-1-5-33)(A;;0x1;;;S-1-5-32-573)
LogFilePath                    : %SystemRoot%\System32\Winevt\Logs\Microsoft-Windows-Kerberos%4Operational.evtx
MaximumSizeInBytes             : 1052672
LogMode                        : Circular
OwningProviderName             : Microsoft-Windows-Security-Kerberos
ProviderNames                  : {Microsoft-Windows-Security-Kerberos}
ProviderLevel                  : 
ProviderKeywords               : 
ProviderBufferSize             : 64
ProviderMinimumNumberOfBuffers : 0
ProviderMaximumNumberOfBuffers : 16
ProviderLatency                : 1000
ProviderControlGuid            : 

FileSize                       : 69632
IsLogFull                      : False
LastAccessTime                 : 3/31/2023 2:17:12 PM
LastWriteTime                  : 3/31/2023 2:17:12 PM
OldestRecordNumber             : 0
RecordCount                    : 0
LogName                        : Microsoft-Windows-KdsSvc/Operational
LogType                        : Operational
LogIsolation                   : System
IsEnabled                      : True
IsClassicLog                   : False
SecurityDescriptor             : O:BAG:SYD:(A;;0xf0007;;;SY)(A;;0x7;;;BA)(A;;0x3;;;BO)(A;;0x5;;;SO)(A;;0x1;;;IU)(A;;0x3;;;SU)(A;;0x1;;;S-1-5-3)(A;;0x2;;;S-1-5-33)(A;;0x1;;;S-1-5-32-573)
LogFilePath                    : %SystemRoot%\System32\Winevt\Logs\Microsoft-Windows-KdsSvc%4Operational.evtx
MaximumSizeInBytes             : 1052672
LogMode                        : Circular
OwningProviderName             : Microsoft-Windows-KdsSvc
ProviderNames                  : {Microsoft-Windows-KdsSvc}
ProviderLevel                  : 
ProviderKeywords               : 
ProviderBufferSize             : 64
ProviderMinimumNumberOfBuffers : 0
ProviderMaximumNumberOfBuffers : 16
ProviderLatency                : 1000
ProviderControlGuid            : 

FileSize                       : 69632
IsLogFull                      : False
LastAccessTime                 : 3/31/2023 2:17:12 PM
LastWriteTime                  : 3/31/2023 2:17:12 PM
OldestRecordNumber             : 0
RecordCount                    : 0
LogName                        : Microsoft-Windows-IPxlatCfg/Operational
LogType                        : Operational
LogIsolation                   : Application
IsEnabled                      : True
IsClassicLog                   : False
SecurityDescriptor             : O:BAG:SYD:(A;;0x2;;;S-1-15-2-1)(A;;0x2;;;S-1-15-3-1024-3153509613-960666767-3724611135-2725662640-12138253-543910227-1950414635-4190290187)(A;;0xf0007;;;SY)(A;;0x7;;;BA)(A;;0x7;;;SO)(A;;0x3;;;IU)(A;;0x3;;;SU)(A;;0x3;;;S-1-5-3)(A;;0x3;;;S-1-5-33)(A;;0x1;;;S-1-5-32-573)
LogFilePath                    : %SystemRoot%\System32\Winevt\Logs\Microsoft-Windows-IPxlatCfg%4Operational.evtx
MaximumSizeInBytes             : 1052672
LogMode                        : Circular
OwningProviderName             : Microsoft-Windows-IPxlatCfg
ProviderNames                  : {Microsoft-Windows-IPxlatCfg}
ProviderLevel                  : 
ProviderKeywords               : 
ProviderBufferSize             : 64
ProviderMinimumNumberOfBuffers : 0
ProviderMaximumNumberOfBuffers : 64
ProviderLatency                : 1000
ProviderControlGuid            : 

FileSize                       : 69632
IsLogFull                      : False
LastAccessTime                 : 3/31/2023 2:17:12 PM
LastWriteTime                  : 3/31/2023 2:17:12 PM
OldestRecordNumber             : 0
RecordCount                    : 0
LogName                        : Microsoft-Windows-Iphlpsvc/Operational
LogType                        : Operational
LogIsolation                   : Application
IsEnabled                      : True
IsClassicLog                   : False
SecurityDescriptor             : O:BAG:SYD:(A;;0x2;;;S-1-15-2-1)(A;;0x2;;;S-1-15-3-1024-3153509613-960666767-3724611135-2725662640-12138253-543910227-1950414635-4190290187)(A;;0xf0007;;;SY)(A;;0x7;;;BA)(A;;0x7;;;SO)(A;;0x3;;;IU)(A;;0x3;;;SU)(A;;0x3;;;S-1-5-3)(A;;0x3;;;S-1-5-33)(A;;0x1;;;S-1-5-32-573)
LogFilePath                    : %SystemRoot%\System32\Winevt\Logs\Microsoft-Windows-Iphlpsvc%4Operational.evtx
MaximumSizeInBytes             : 1052672
LogMode                        : Circular
OwningProviderName             : Microsoft-Windows-Iphlpsvc
ProviderNames                  : {Microsoft-Windows-Iphlpsvc}
ProviderLevel                  : 
ProviderKeywords               : 
ProviderBufferSize             : 64
ProviderMinimumNumberOfBuffers : 0
ProviderMaximumNumberOfBuffers : 64
ProviderLatency                : 1000
ProviderControlGuid            : 

FileSize                       : 69632
IsLogFull                      : False
LastAccessTime                 : 3/31/2023 2:17:12 PM
LastWriteTime                  : 3/31/2023 2:17:12 PM
OldestRecordNumber             : 0
RecordCount                    : 0
LogName                        : Microsoft-Windows-International-RegionalOptionsControlPanel/Operational
LogType                        : Operational
LogIsolation                   : Application
IsEnabled                      : True
IsClassicLog                   : False
SecurityDescriptor             : O:BAG:SYD:(A;;0x2;;;S-1-15-2-1)(A;;0x2;;;S-1-15-3-1024-3153509613-960666767-3724611135-2725662640-12138253-543910227-1950414635-4190290187)(A;;0xf0007;;;SY)(A;;0x7;;;BA)(A;;0x7;;;SO)(A;;0x3;;;IU)(A;;0x3;;;SU)(A;;0x3;;;S-1-5-3)(A;;0x3;;;S-1-5-33)(A;;0x1;;;S-1-5-32-573)
LogFilePath                    : %SystemRoot%\System32\Winevt\Logs\Microsoft-Windows-International-RegionalOptionsControlPanel%4Operational.evtx
MaximumSizeInBytes             : 1052672
LogMode                        : Circular
OwningProviderName             : Microsoft-Windows-International-RegionalOptionsControlPanel
ProviderNames                  : {Microsoft-Windows-International-RegionalOptionsControlPanel}
ProviderLevel                  : 
ProviderKeywords               : 
ProviderBufferSize             : 64
ProviderMinimumNumberOfBuffers : 0
ProviderMaximumNumberOfBuffers : 64
ProviderLatency                : 1000
ProviderControlGuid            : 

FileSize                       : 69632
IsLogFull                      : False
LastAccessTime                 : 3/31/2023 5:37:35 PM
LastWriteTime                  : 8/17/2021 9:44:43 PM
OldestRecordNumber             : 0
RecordCount                    : 0
LogName                        : Microsoft-Windows-IKE/Operational
LogType                        : Operational
LogIsolation                   : System
IsEnabled                      : True
IsClassicLog                   : False
SecurityDescriptor             : O:BAG:SYD:(A;;0xf0007;;;SY)(A;;0x7;;;BA)(A;;0x3;;;BO)(A;;0x5;;;SO)(A;;0x1;;;IU)(A;;0x3;;;SU)(A;;0x1;;;S-1-5-3)(A;;0x2;;;S-1-5-33)(A;;0x1;;;S-1-5-32-573)
LogFilePath                    : %SystemRoot%\System32\Winevt\Logs\Microsoft-Windows-IKE%4Operational.evtx
MaximumSizeInBytes             : 1052672
LogMode                        : Circular
OwningProviderName             : Microsoft-Windows-WFP
ProviderNames                  : {Microsoft-Windows-WFP}
ProviderLevel                  : 
ProviderKeywords               : 
ProviderBufferSize             : 64
ProviderMinimumNumberOfBuffers : 0
ProviderMaximumNumberOfBuffers : 16
ProviderLatency                : 1000
ProviderControlGuid            : 

FileSize                       : 69632
IsLogFull                      : False
LastAccessTime                 : 3/31/2023 2:17:12 PM
LastWriteTime                  : 3/31/2023 2:17:12 PM
OldestRecordNumber             : 0
RecordCount                    : 0
LogName                        : Microsoft-Windows-IdCtrls/Operational
LogType                        : Operational
LogIsolation                   : Application
IsEnabled                      : True
IsClassicLog                   : False
SecurityDescriptor             : O:BAG:SYD:(A;;0x2;;;S-1-15-2-1)(A;;0x2;;;S-1-15-3-1024-3153509613-960666767-3724611135-2725662640-12138253-543910227-1950414635-4190290187)(A;;0xf0007;;;SY)(A;;0x7;;;BA)(A;;0x7;;;SO)(A;;0x3;;;IU)(A;;0x3;;;SU)(A;;0x3;;;S-1-5-3)(A;;0x3;;;S-1-5-33)(A;;0x1;;;S-1-5-32-573)
LogFilePath                    : %SystemRoot%\System32\Winevt\Logs\Microsoft-Windows-IdCtrls%4Operational.evtx
MaximumSizeInBytes             : 1052672
LogMode                        : Circular
OwningProviderName             : Microsoft-Windows-IdCtrls
ProviderNames                  : {Microsoft-Windows-IdCtrls}
ProviderLevel                  : 
ProviderKeywords               : 
ProviderBufferSize             : 64
ProviderMinimumNumberOfBuffers : 0
ProviderMaximumNumberOfBuffers : 64
ProviderLatency                : 1000
ProviderControlGuid            : 

FileSize                       : 1052672
IsLogFull                      : False
LastAccessTime                 : 3/31/2023 5:05:56 PM
LastWriteTime                  : 3/31/2023 5:05:56 PM
OldestRecordNumber             : 124202
RecordCount                    : 1153
LogName                        : Microsoft-Windows-Hyper-V-VmSwitch-Operational
LogType                        : Operational
LogIsolation                   : System
IsEnabled                      : True
IsClassicLog                   : False
SecurityDescriptor             : O:BAG:SYD:(A;;0xf0007;;;SY)(A;;0x7;;;BA)(A;;0x3;;;BO)(A;;0x5;;;SO)(A;;0x1;;;IU)(A;;0x3;;;SU)(A;;0x1;;;S-1-5-3)(A;;0x2;;;S-1-5-33)(A;;0x1;;;S-1-5-32-573)
LogFilePath                    : %SystemRoot%\System32\Winevt\Logs\Microsoft-Windows-Hyper-V-VmSwitch-Operational.evtx
MaximumSizeInBytes             : 1052672
LogMode                        : Circular
OwningProviderName             : Microsoft-Windows-Hyper-V-VmSwitch
ProviderNames                  : {Microsoft-Windows-Hyper-V-VmSwitch}
ProviderLevel                  : 
ProviderKeywords               : 
ProviderBufferSize             : 64
ProviderMinimumNumberOfBuffers : 0
ProviderMaximumNumberOfBuffers : 16
ProviderLatency                : 1000
ProviderControlGuid            : 

FileSize                       : 
IsLogFull                      : 
LastAccessTime                 : 
LastWriteTime                  : 
OldestRecordNumber             : 
RecordCount                    : 
LogName                        : Microsoft-Windows-Hyper-V-VMSP-Admin
LogType                        : Administrative
LogIsolation                   : System
IsEnabled                      : False
IsClassicLog                   : False
SecurityDescriptor             : O:BAG:SYD:(A;;0xf0007;;;SY)(A;;0x7;;;BA)(A;;0x3;;;BO)(A;;0x5;;;SO)(A;;0x1;;;IU)(A;;0x3;;;SU)(A;;0x1;;;S-1-5-3)(A;;0x2;;;S-1-5-33)(A;;0x1;;;S-1-5-32-573)
LogFilePath                    : %SystemRoot%\System32\Winevt\Logs\Microsoft-Windows-Hyper-V-VMSP-Admin.evtx
MaximumSizeInBytes             : 1052672
LogMode                        : Circular
OwningProviderName             : Microsoft-Windows-Hyper-V-VMSP
ProviderNames                  : {Microsoft-Windows-Hyper-V-VMSP}
ProviderLevel                  : 
ProviderKeywords               : 
ProviderBufferSize             : 64
ProviderMinimumNumberOfBuffers : 0
ProviderMaximumNumberOfBuffers : 16
ProviderLatency                : 1000
ProviderControlGuid            : 

FileSize                       : 
IsLogFull                      : 
LastAccessTime                 : 
LastWriteTime                  : 
OldestRecordNumber             : 
RecordCount                    : 
LogName                        : Microsoft-Windows-Hyper-V-Guest-Drivers/Operational
LogType                        : Operational
LogIsolation                   : System
IsEnabled                      : False
IsClassicLog                   : False
SecurityDescriptor             : O:BAG:SYD:(A;;0xf0007;;;SY)(A;;0x7;;;BA)(A;;0x3;;;BO)(A;;0x5;;;SO)(A;;0x1;;;IU)(A;;0x3;;;SU)(A;;0x1;;;S-1-5-3)(A;;0x2;;;S-1-5-33)(A;;0x1;;;S-1-5-32-573)
LogFilePath                    : %SystemRoot%\System32\Winevt\Logs\Microsoft-Windows-Hyper-V-Guest-Drivers%4Operational.evtx
MaximumSizeInBytes             : 1052672
LogMode                        : Circular
OwningProviderName             : Microsoft-Windows-Hyper-V-Guest-Drivers-Dynamic-Memory
ProviderNames                  : {Microsoft-Windows-Hyper-V-Guest-Drivers-Dynamic-Memory}
ProviderLevel                  : 
ProviderKeywords               : 
ProviderBufferSize             : 64
ProviderMinimumNumberOfBuffers : 0
ProviderMaximumNumberOfBuffers : 16
ProviderLatency                : 1000
ProviderControlGuid            : 

FileSize                       : 69632
IsLogFull                      : False
LastAccessTime                 : 3/31/2023 5:37:36 PM
LastWriteTime                  : 4/28/2021 2:53:48 PM
OldestRecordNumber             : 1
RecordCount                    : 10
LogName                        : Microsoft-Windows-Hyper-V-Guest-Drivers/Admin
LogType                        : Administrative
LogIsolation                   : System
IsEnabled                      : True
IsClassicLog                   : False
SecurityDescriptor             : O:BAG:SYD:(A;;0xf0007;;;SY)(A;;0x7;;;BA)(A;;0x3;;;BO)(A;;0x5;;;SO)(A;;0x1;;;IU)(A;;0x3;;;SU)(A;;0x1;;;S-1-5-3)(A;;0x2;;;S-1-5-33)(A;;0x1;;;S-1-5-32-573)
LogFilePath                    : %SystemRoot%\System32\Winevt\Logs\Microsoft-Windows-Hyper-V-Guest-Drivers%4Admin.evtx
MaximumSizeInBytes             : 1052672
LogMode                        : Circular
OwningProviderName             : Microsoft-Windows-Hyper-V-Guest-Drivers-Dynamic-Memory
ProviderNames                  : {Microsoft-Windows-Hyper-V-Guest-Drivers-Vmbus, Microsoft-Windows-Hyper-V-Guest-Drivers-IcSvc, Microsoft-Windows-Hyper-V-Guest-Drivers-Dynamic-Memory, Microsoft-Windows-Hyper-V-Guest-Drivers-Storage-Filter}
ProviderLevel                  : 
ProviderKeywords               : 
ProviderBufferSize             : 64
ProviderMinimumNumberOfBuffers : 0
ProviderMaximumNumberOfBuffers : 16
ProviderLatency                : 1000
ProviderControlGuid            : 

FileSize                       : 
IsLogFull                      : 
LastAccessTime                 : 
LastWriteTime                  : 
OldestRecordNumber             : 
RecordCount                    : 
LogName                        : Microsoft-Windows-HttpService/Trace
LogType                        : Operational
LogIsolation                   : Application
IsEnabled                      : False
IsClassicLog                   : False
SecurityDescriptor             : O:BAG:SYD:(A;;0x2;;;S-1-15-2-1)(A;;0x2;;;S-1-15-3-1024-3153509613-960666767-3724611135-2725662640-12138253-543910227-1950414635-4190290187)(A;;0xf0007;;;SY)(A;;0x7;;;BA)(A;;0x7;;;SO)(A;;0x3;;;IU)(A;;0x3;;;SU)(A;;0x3;;;S-1-5-3)(A;;0x3;;;S-1-5-33)(A;;0x1;;;S-1-5-32-573)
LogFilePath                    : %SystemRoot%\System32\Winevt\Logs\Microsoft-Windows-HttpService%4Trace.evtx
MaximumSizeInBytes             : 1052672
LogMode                        : Circular
OwningProviderName             : Microsoft-Windows-HttpService
ProviderNames                  : {Microsoft-Windows-HttpService}
ProviderLevel                  : 
ProviderKeywords               : 
ProviderBufferSize             : 64
ProviderMinimumNumberOfBuffers : 0
ProviderMaximumNumberOfBuffers : 64
ProviderLatency                : 1000
ProviderControlGuid            : 

FileSize                       : 
IsLogFull                      : 
LastAccessTime                 : 
LastWriteTime                  : 
OldestRecordNumber             : 
RecordCount                    : 
LogName                        : Microsoft-Windows-HttpService/Log
LogType                        : Operational
LogIsolation                   : Application
IsEnabled                      : False
IsClassicLog                   : False
SecurityDescriptor             : O:BAG:SYD:(A;;0x2;;;S-1-15-2-1)(A;;0x2;;;S-1-15-3-1024-3153509613-960666767-3724611135-2725662640-12138253-543910227-1950414635-4190290187)(A;;0xf0007;;;SY)(A;;0x7;;;BA)(A;;0x7;;;SO)(A;;0x3;;;IU)(A;;0x3;;;SU)(A;;0x3;;;S-1-5-3)(A;;0x3;;;S-1-5-33)(A;;0x1;;;S-1-5-32-573)
LogFilePath                    : %SystemRoot%\System32\Winevt\Logs\Microsoft-Windows-HttpService%4Log.evtx
MaximumSizeInBytes             : 1052672
LogMode                        : Circular
OwningProviderName             : Microsoft-Windows-HttpLog
ProviderNames                  : {Microsoft-Windows-HttpLog}
ProviderLevel                  : 
ProviderKeywords               : 
ProviderBufferSize             : 64
ProviderMinimumNumberOfBuffers : 0
ProviderMaximumNumberOfBuffers : 64
ProviderLatency                : 1000
ProviderControlGuid            : 

FileSize                       : 69632
IsLogFull                      : False
LastAccessTime                 : 3/31/2023 5:37:36 PM
LastWriteTime                  : 4/28/2021 3:05:01 PM
OldestRecordNumber             : 0
RecordCount                    : 0
LogName                        : Microsoft-Windows-HotspotAuth/Operational
LogType                        : Operational
LogIsolation                   : Application
IsEnabled                      : True
IsClassicLog                   : False
SecurityDescriptor             : O:BAG:SYD:(A;;0x2;;;S-1-15-2-1)(A;;0x2;;;S-1-15-3-1024-3153509613-960666767-3724611135-2725662640-12138253-543910227-1950414635-4190290187)(A;;0xf0007;;;SY)(A;;0x7;;;BA)(A;;0x7;;;SO)(A;;0x3;;;IU)(A;;0x3;;;SU)(A;;0x3;;;S-1-5-3)(A;;0x3;;;S-1-5-33)(A;;0x1;;;S-1-5-32-573)
LogFilePath                    : %SystemRoot%\System32\Winevt\Logs\Microsoft-Windows-HotspotAuth%4Operational.evtx
MaximumSizeInBytes             : 1052672
LogMode                        : Circular
OwningProviderName             : Microsoft-Windows-HotspotAuth
ProviderNames                  : {Microsoft-Windows-HotspotAuth}
ProviderLevel                  : 
ProviderKeywords               : 
ProviderBufferSize             : 64
ProviderMinimumNumberOfBuffers : 0
ProviderMaximumNumberOfBuffers : 64
ProviderLatency                : 1000
ProviderControlGuid            : 

FileSize                       : 69632
IsLogFull                      : False
LastAccessTime                 : 3/31/2023 5:37:36 PM
LastWriteTime                  : 2/9/2022 6:11:16 PM
OldestRecordNumber             : 0
RecordCount                    : 0
LogName                        : Microsoft-Windows-HostGuardianService-Client/Operational
LogType                        : Operational
LogIsolation                   : Application
IsEnabled                      : True
IsClassicLog                   : False
SecurityDescriptor             : O:BAG:SYD:(A;;0x2;;;S-1-15-2-1)(A;;0x2;;;S-1-15-3-1024-3153509613-960666767-3724611135-2725662640-12138253-543910227-1950414635-4190290187)(A;;0xf0007;;;SY)(A;;0x7;;;BA)(A;;0x7;;;SO)(A;;0x3;;;IU)(A;;0x3;;;SU)(A;;0x3;;;S-1-5-3)(A;;0x3;;;S-1-5-33)(A;;0x1;;;S-1-5-32-573)
LogFilePath                    : %SystemRoot%\System32\Winevt\Logs\Microsoft-Windows-HostGuardianService-Client%4Operational.evtx
MaximumSizeInBytes             : 105267200
LogMode                        : Circular
OwningProviderName             : Microsoft-Windows-HostGuardianService-Client
ProviderNames                  : {Microsoft-Windows-HostGuardianService-Client}
ProviderLevel                  : 
ProviderKeywords               : 
ProviderBufferSize             : 64
ProviderMinimumNumberOfBuffers : 0
ProviderMaximumNumberOfBuffers : 64
ProviderLatency                : 1000
ProviderControlGuid            : 

FileSize                       : 69632
IsLogFull                      : False
LastAccessTime                 : 3/31/2023 5:37:36 PM
LastWriteTime                  : 2/9/2022 6:11:16 PM
OldestRecordNumber             : 0
RecordCount                    : 0
LogName                        : Microsoft-Windows-HostGuardianService-Client/Admin
LogType                        : Administrative
LogIsolation                   : Application
IsEnabled                      : True
IsClassicLog                   : False
SecurityDescriptor             : O:BAG:SYD:(A;;0x2;;;S-1-15-2-1)(A;;0x2;;;S-1-15-3-1024-3153509613-960666767-3724611135-2725662640-12138253-543910227-1950414635-4190290187)(A;;0xf0007;;;SY)(A;;0x7;;;BA)(A;;0x7;;;SO)(A;;0x3;;;IU)(A;;0x3;;;SU)(A;;0x3;;;S-1-5-3)(A;;0x3;;;S-1-5-33)(A;;0x1;;;S-1-5-32-573)
LogFilePath                    : %SystemRoot%\System32\Winevt\Logs\Microsoft-Windows-HostGuardianService-Client%4Admin.evtx
MaximumSizeInBytes             : 1052672
LogMode                        : Circular
OwningProviderName             : Microsoft-Windows-HostGuardianService-Client
ProviderNames                  : {Microsoft-Windows-HostGuardianService-Client}
ProviderLevel                  : 
ProviderKeywords               : 
ProviderBufferSize             : 64
ProviderMinimumNumberOfBuffers : 0
ProviderMaximumNumberOfBuffers : 64
ProviderLatency                : 1000
ProviderControlGuid            : 

FileSize                       : 69632
IsLogFull                      : False
LastAccessTime                 : 3/31/2023 5:37:36 PM
LastWriteTime                  : 2/9/2022 6:11:16 PM
OldestRecordNumber             : 0
RecordCount                    : 0
LogName                        : Microsoft-Windows-HostGuardianService-CA/Operational
LogType                        : Operational
LogIsolation                   : Application
IsEnabled                      : True
IsClassicLog                   : False
SecurityDescriptor             : O:BAG:SYD:(A;;0x2;;;S-1-15-2-1)(A;;0x2;;;S-1-15-3-1024-3153509613-960666767-3724611135-2725662640-12138253-543910227-1950414635-4190290187)(A;;0xf0007;;;SY)(A;;0x7;;;BA)(A;;0x7;;;SO)(A;;0x3;;;IU)(A;;0x3;;;SU)(A;;0x3;;;S-1-5-3)(A;;0x3;;;S-1-5-33)(A;;0x1;;;S-1-5-32-573)
LogFilePath                    : %SystemRoot%\System32\Winevt\Logs\Microsoft-Windows-HostGuardianService-CA%4Operational.evtx
MaximumSizeInBytes             : 1052672
LogMode                        : Circular
OwningProviderName             : Microsoft-Windows-HostGuardianService-CA
ProviderNames                  : {Microsoft-Windows-HostGuardianService-CA}
ProviderLevel                  : 
ProviderKeywords               : 
ProviderBufferSize             : 64
ProviderMinimumNumberOfBuffers : 0
ProviderMaximumNumberOfBuffers : 64
ProviderLatency                : 1000
ProviderControlGuid            : 

FileSize                       : 69632
IsLogFull                      : False
LastAccessTime                 : 3/31/2023 5:37:36 PM
LastWriteTime                  : 2/9/2022 6:11:16 PM
OldestRecordNumber             : 0
RecordCount                    : 0
LogName                        : Microsoft-Windows-HostGuardianService-CA/Admin
LogType                        : Administrative
LogIsolation                   : Application
IsEnabled                      : True
IsClassicLog                   : False
SecurityDescriptor             : O:BAG:SYD:(A;;0x2;;;S-1-15-2-1)(A;;0x2;;;S-1-15-3-1024-3153509613-960666767-3724611135-2725662640-12138253-543910227-1950414635-4190290187)(A;;0xf0007;;;SY)(A;;0x7;;;BA)(A;;0x7;;;SO)(A;;0x3;;;IU)(A;;0x3;;;SU)(A;;0x3;;;S-1-5-3)(A;;0x3;;;S-1-5-33)(A;;0x1;;;S-1-5-32-573)
LogFilePath                    : %SystemRoot%\System32\Winevt\Logs\Microsoft-Windows-HostGuardianService-CA%4Admin.evtx
MaximumSizeInBytes             : 1052672
LogMode                        : Circular
OwningProviderName             : Microsoft-Windows-HostGuardianService-CA
ProviderNames                  : {Microsoft-Windows-HostGuardianService-CA}
ProviderLevel                  : 
ProviderKeywords               : 
ProviderBufferSize             : 64
ProviderMinimumNumberOfBuffers : 0
ProviderMaximumNumberOfBuffers : 64
ProviderLatency                : 1000
ProviderControlGuid            : 

FileSize                       : 69632
IsLogFull                      : False
LastAccessTime                 : 3/31/2023 5:37:36 PM
LastWriteTime                  : 2/9/2022 6:11:16 PM
OldestRecordNumber             : 0
RecordCount                    : 0
LogName                        : Microsoft-Windows-HostGuardianClient-Service/Operational
LogType                        : Operational
LogIsolation                   : Application
IsEnabled                      : True
IsClassicLog                   : False
SecurityDescriptor             : O:BAG:SYD:(A;;0x2;;;S-1-15-2-1)(A;;0x2;;;S-1-15-3-1024-3153509613-960666767-3724611135-2725662640-12138253-543910227-1950414635-4190290187)(A;;0xf0007;;;SY)(A;;0x7;;;BA)(A;;0x7;;;SO)(A;;0x3;;;IU)(A;;0x3;;;SU)(A;;0x3;;;S-1-5-3)(A;;0x3;;;S-1-5-33)(A;;0x1;;;S-1-5-32-573)
LogFilePath                    : %SystemRoot%\System32\Winevt\Logs\Microsoft-Windows-HostGuardianClient-Service%4Operational.evtx
MaximumSizeInBytes             : 1052672
LogMode                        : Circular
OwningProviderName             : Microsoft-Windows-HostGuardianClient-Service
ProviderNames                  : {Microsoft-Windows-HostGuardianClient-Service}
ProviderLevel                  : 
ProviderKeywords               : 
ProviderBufferSize             : 64
ProviderMinimumNumberOfBuffers : 0
ProviderMaximumNumberOfBuffers : 64
ProviderLatency                : 1000
ProviderControlGuid            : 

FileSize                       : 69632
IsLogFull                      : False
LastAccessTime                 : 3/31/2023 5:37:36 PM
LastWriteTime                  : 2/9/2022 6:11:16 PM
OldestRecordNumber             : 0
RecordCount                    : 0
LogName                        : Microsoft-Windows-HostGuardianClient-Service/Admin
LogType                        : Administrative
LogIsolation                   : Application
IsEnabled                      : True
IsClassicLog                   : False
SecurityDescriptor             : O:BAG:SYD:(A;;0x2;;;S-1-15-2-1)(A;;0x2;;;S-1-15-3-1024-3153509613-960666767-3724611135-2725662640-12138253-543910227-1950414635-4190290187)(A;;0xf0007;;;SY)(A;;0x7;;;BA)(A;;0x7;;;SO)(A;;0x3;;;IU)(A;;0x3;;;SU)(A;;0x3;;;S-1-5-3)(A;;0x3;;;S-1-5-33)(A;;0x1;;;S-1-5-32-573)
LogFilePath                    : %SystemRoot%\System32\Winevt\Logs\Microsoft-Windows-HostGuardianClient-Service%4Admin.evtx
MaximumSizeInBytes             : 1052672
LogMode                        : Circular
OwningProviderName             : Microsoft-Windows-HostGuardianClient-Service
ProviderNames                  : {Microsoft-Windows-HostGuardianClient-Service}
ProviderLevel                  : 
ProviderKeywords               : 
ProviderBufferSize             : 64
ProviderMinimumNumberOfBuffers : 0
ProviderMaximumNumberOfBuffers : 64
ProviderLatency                : 1000
ProviderControlGuid            : 

FileSize                       : 69632
IsLogFull                      : False
LastAccessTime                 : 3/31/2023 2:17:12 PM
LastWriteTime                  : 3/31/2023 2:17:12 PM
OldestRecordNumber             : 0
RecordCount                    : 0
LogName                        : Microsoft-Windows-HomeGroup Provider Service/Operational
LogType                        : Operational
LogIsolation                   : Application
IsEnabled                      : True
IsClassicLog                   : False
SecurityDescriptor             : O:BAG:SYD:(A;;0x2;;;S-1-15-2-1)(A;;0x2;;;S-1-15-3-1024-3153509613-960666767-3724611135-2725662640-12138253-543910227-1950414635-4190290187)(A;;0xf0007;;;SY)(A;;0x7;;;BA)(A;;0x7;;;SO)(A;;0x3;;;IU)(A;;0x3;;;SU)(A;;0x3;;;S-1-5-3)(A;;0x3;;;S-1-5-33)(A;;0x1;;;S-1-5-32-573)
LogFilePath                    : %SystemRoot%\System32\Winevt\Logs\Microsoft-Windows-HomeGroup Provider Service%4Operational.evtx
MaximumSizeInBytes             : 1052672
LogMode                        : Circular
OwningProviderName             : Microsoft-Windows-HomeGroup-ProviderService
ProviderNames                  : {Microsoft-Windows-HomeGroup-ProviderService}
ProviderLevel                  : 
ProviderKeywords               : 
ProviderBufferSize             : 64
ProviderMinimumNumberOfBuffers : 0
ProviderMaximumNumberOfBuffers : 64
ProviderLatency                : 1000
ProviderControlGuid            : 

FileSize                       : 69632
IsLogFull                      : False
LastAccessTime                 : 3/31/2023 2:17:12 PM
LastWriteTime                  : 3/31/2023 2:17:12 PM
OldestRecordNumber             : 0
RecordCount                    : 0
LogName                        : Microsoft-Windows-HomeGroup Listener Service/Operational
LogType                        : Operational
LogIsolation                   : Application
IsEnabled                      : True
IsClassicLog                   : False
SecurityDescriptor             : O:BAG:SYD:(A;;0x2;;;S-1-15-2-1)(A;;0x2;;;S-1-15-3-1024-3153509613-960666767-3724611135-2725662640-12138253-543910227-1950414635-4190290187)(A;;0xf0007;;;SY)(A;;0x7;;;BA)(A;;0x7;;;SO)(A;;0x3;;;IU)(A;;0x3;;;SU)(A;;0x3;;;S-1-5-3)(A;;0x3;;;S-1-5-33)(A;;0x1;;;S-1-5-32-573)
LogFilePath                    : %SystemRoot%\System32\Winevt\Logs\Microsoft-Windows-HomeGroup Listener Service%4Operational.evtx
MaximumSizeInBytes             : 1052672
LogMode                        : Circular
OwningProviderName             : Microsoft-Windows-HomeGroup-ListenerService
ProviderNames                  : {Microsoft-Windows-HomeGroup-ListenerService}
ProviderLevel                  : 
ProviderKeywords               : 
ProviderBufferSize             : 64
ProviderMinimumNumberOfBuffers : 0
ProviderMaximumNumberOfBuffers : 64
ProviderLatency                : 1000
ProviderControlGuid            : 

FileSize                       : 69632
IsLogFull                      : False
LastAccessTime                 : 3/31/2023 2:17:12 PM
LastWriteTime                  : 3/31/2023 2:17:12 PM
OldestRecordNumber             : 0
RecordCount                    : 0
LogName                        : Microsoft-Windows-HomeGroup Control Panel/Operational
LogType                        : Operational
LogIsolation                   : Application
IsEnabled                      : True
IsClassicLog                   : False
SecurityDescriptor             : O:BAG:SYD:(A;;0x2;;;S-1-15-2-1)(A;;0x2;;;S-1-15-3-1024-3153509613-960666767-3724611135-2725662640-12138253-543910227-1950414635-4190290187)(A;;0xf0007;;;SY)(A;;0x7;;;BA)(A;;0x7;;;SO)(A;;0x3;;;IU)(A;;0x3;;;SU)(A;;0x3;;;S-1-5-3)(A;;0x3;;;S-1-5-33)(A;;0x1;;;S-1-5-32-573)
LogFilePath                    : %SystemRoot%\System32\Winevt\Logs\Microsoft-Windows-HomeGroup Control Panel%4Operational.evtx
MaximumSizeInBytes             : 1052672
LogMode                        : Circular
OwningProviderName             : Microsoft-Windows-HomeGroup-ControlPanel
ProviderNames                  : {Microsoft-Windows-HomeGroup-ControlPanel}
ProviderLevel                  : 
ProviderKeywords               : 
ProviderBufferSize             : 64
ProviderMinimumNumberOfBuffers : 0
ProviderMaximumNumberOfBuffers : 64
ProviderLatency                : 1000
ProviderControlGuid            : 

FileSize                       : 1052672
IsLogFull                      : False
LastAccessTime                 : 3/31/2023 5:30:15 PM
LastWriteTime                  : 3/31/2023 5:30:15 PM
OldestRecordNumber             : 1
RecordCount                    : 2313
LogName                        : Microsoft-Windows-HelloForBusiness/Operational
LogType                        : Operational
LogIsolation                   : Application
IsEnabled                      : True
IsClassicLog                   : False
SecurityDescriptor             : O:BAG:SYD:(A;;0x2;;;S-1-15-2-1)(A;;0x2;;;S-1-15-3-1024-3153509613-960666767-3724611135-2725662640-12138253-543910227-1950414635-4190290187)(A;;0xf0007;;;SY)(A;;0x7;;;BA)(A;;0x7;;;SO)(A;;0x3;;;IU)(A;;0x3;;;SU)(A;;0x3;;;S-1-5-3)(A;;0x3;;;S-1-5-33)(A;;0x1;;;S-1-5-32-573)
LogFilePath                    : %SystemRoot%\System32\Winevt\Logs\Microsoft-Windows-HelloForBusiness%4Operational.evtx
MaximumSizeInBytes             : 1052672
LogMode                        : Circular
OwningProviderName             : Microsoft-Windows-HelloForBusiness
ProviderNames                  : {Microsoft-Windows-HelloForBusiness}
ProviderLevel                  : 
ProviderKeywords               : 
ProviderBufferSize             : 64
ProviderMinimumNumberOfBuffers : 0
ProviderMaximumNumberOfBuffers : 64
ProviderLatency                : 1000
ProviderControlGuid            : 

FileSize                       : 
IsLogFull                      : 
LastAccessTime                 : 
LastWriteTime                  : 
OldestRecordNumber             : 
RecordCount                    : 
LogName                        : Microsoft-Windows-glcnd/Admin
LogType                        : Operational
LogIsolation                   : Application
IsEnabled                      : False
IsClassicLog                   : False
SecurityDescriptor             : O:BAG:SYD:(A;;0x2;;;S-1-15-2-1)(A;;0x2;;;S-1-15-3-1024-3153509613-960666767-3724611135-2725662640-12138253-543910227-1950414635-4190290187)(A;;0xf0007;;;SY)(A;;0x7;;;BA)(A;;0x7;;;SO)(A;;0x3;;;IU)(A;;0x3;;;SU)(A;;0x3;;;S-1-5-3)(A;;0x3;;;S-1-5-33)(A;;0x1;;;S-1-5-32-573)
LogFilePath                    : %SystemRoot%\System32\Winevt\Logs\Microsoft-Windows-glcnd%4Admin.evtx
MaximumSizeInBytes             : 1052672
LogMode                        : Circular
OwningProviderName             : Microsoft-Windows-PDFReader
ProviderNames                  : {Microsoft-Windows-PDFReader}
ProviderLevel                  : 
ProviderKeywords               : 
ProviderBufferSize             : 64
ProviderMinimumNumberOfBuffers : 0
ProviderMaximumNumberOfBuffers : 64
ProviderLatency                : 1000
ProviderControlGuid            : 

FileSize                       : 69632
IsLogFull                      : False
LastAccessTime                 : 3/31/2023 2:17:12 PM
LastWriteTime                  : 3/31/2023 2:17:12 PM
OldestRecordNumber             : 0
RecordCount                    : 0
LogName                        : Microsoft-Windows-GenericRoaming/Admin
LogType                        : Administrative
LogIsolation                   : Application
IsEnabled                      : True
IsClassicLog                   : False
SecurityDescriptor             : O:BAG:SYD:(A;;0x2;;;S-1-15-2-1)(A;;0x2;;;S-1-15-3-1024-3153509613-960666767-3724611135-2725662640-12138253-543910227-1950414635-4190290187)(A;;0xf0007;;;SY)(A;;0x7;;;BA)(A;;0x7;;;SO)(A;;0x3;;;IU)(A;;0x3;;;SU)(A;;0x3;;;S-1-5-3)(A;;0x3;;;S-1-5-33)(A;;0x1;;;S-1-5-32-573)
LogFilePath                    : %SystemRoot%\System32\Winevt\Logs\Microsoft-Windows-GenericRoaming%4Admin.evtx
MaximumSizeInBytes             : 1052672
LogMode                        : Circular
OwningProviderName             : Microsoft-Windows-GenericRoaming
ProviderNames                  : {Microsoft-Windows-GenericRoaming}
ProviderLevel                  : 
ProviderKeywords               : 
ProviderBufferSize             : 64
ProviderMinimumNumberOfBuffers : 0
ProviderMaximumNumberOfBuffers : 64
ProviderLatency                : 1000
ProviderControlGuid            : 

FileSize                       : 69632
IsLogFull                      : False
LastAccessTime                 : 3/31/2023 2:17:12 PM
LastWriteTime                  : 3/31/2023 2:17:12 PM
OldestRecordNumber             : 0
RecordCount                    : 0
LogName                        : Microsoft-Windows-Forwarding/Operational
LogType                        : Operational
LogIsolation                   : Application
IsEnabled                      : True
IsClassicLog                   : False
SecurityDescriptor             : O:BAG:SYD:(A;;0x2;;;S-1-15-2-1)(A;;0x2;;;S-1-15-3-1024-3153509613-960666767-3724611135-2725662640-12138253-543910227-1950414635-4190290187)(A;;0xf0007;;;SY)(A;;0x7;;;BA)(A;;0x7;;;SO)(A;;0x3;;;IU)(A;;0x3;;;SU)(A;;0x3;;;S-1-5-3)(A;;0x3;;;S-1-5-33)(A;;0x1;;;S-1-5-32-573)
LogFilePath                    : %SystemRoot%\System32\Winevt\Logs\Microsoft-Windows-Forwarding%4Operational.evtx
MaximumSizeInBytes             : 1052672
LogMode                        : Circular
OwningProviderName             : Microsoft-Windows-Forwarding
ProviderNames                  : {Microsoft-Windows-Forwarding}
ProviderLevel                  : 
ProviderKeywords               : 
ProviderBufferSize             : 64
ProviderMinimumNumberOfBuffers : 0
ProviderMaximumNumberOfBuffers : 64
ProviderLatency                : 1000
ProviderControlGuid            : 

FileSize                       : 69632
IsLogFull                      : False
LastAccessTime                 : 3/31/2023 2:17:12 PM
LastWriteTime                  : 3/31/2023 2:17:12 PM
OldestRecordNumber             : 0
RecordCount                    : 0
LogName                        : Microsoft-Windows-Folder Redirection/Operational
LogType                        : Operational
LogIsolation                   : Application
IsEnabled                      : True
IsClassicLog                   : False
SecurityDescriptor             : O:BAG:SYD:(A;;0x2;;;S-1-15-2-1)(A;;0x2;;;S-1-15-3-1024-3153509613-960666767-3724611135-2725662640-12138253-543910227-1950414635-4190290187)(A;;0xf0007;;;SY)(A;;0x7;;;BA)(A;;0x7;;;SO)(A;;0x3;;;IU)(A;;0x3;;;SU)(A;;0x3;;;S-1-5-3)(A;;0x3;;;S-1-5-33)(A;;0x1;;;S-1-5-32-573)
LogFilePath                    : %SystemRoot%\System32\Winevt\Logs\Microsoft-Windows-Folder Redirection%4Operational.evtx
MaximumSizeInBytes             : 4194304
LogMode                        : Circular
OwningProviderName             : Microsoft-Windows-Folder Redirection
ProviderNames                  : {Microsoft-Windows-Folder Redirection}
ProviderLevel                  : 
ProviderKeywords               : 
ProviderBufferSize             : 64
ProviderMinimumNumberOfBuffers : 0
ProviderMaximumNumberOfBuffers : 64
ProviderLatency                : 1000
ProviderControlGuid            : 

FileSize                       : 69632
IsLogFull                      : False
LastAccessTime                 : 3/31/2023 2:17:12 PM
LastWriteTime                  : 3/31/2023 2:17:12 PM
OldestRecordNumber             : 0
RecordCount                    : 0
LogName                        : Microsoft-Windows-FMS/Operational
LogType                        : Operational
LogIsolation                   : System
IsEnabled                      : True
IsClassicLog                   : False
SecurityDescriptor             : O:BAG:SYD:(A;;0xf0007;;;SY)(A;;0x7;;;BA)(A;;0x3;;;BO)(A;;0x5;;;SO)(A;;0x1;;;IU)(A;;0x3;;;SU)(A;;0x1;;;S-1-5-3)(A;;0x2;;;S-1-5-33)(A;;0x1;;;S-1-5-32-573)
LogFilePath                    : %SystemRoot%\System32\Winevt\Logs\Microsoft-Windows-FMS%4Operational.evtx
MaximumSizeInBytes             : 1052672
LogMode                        : Circular
OwningProviderName             : Microsoft-Windows-FMS
ProviderNames                  : {Microsoft-Windows-FMS}
ProviderLevel                  : 
ProviderKeywords               : 
ProviderBufferSize             : 64
ProviderMinimumNumberOfBuffers : 0
ProviderMaximumNumberOfBuffers : 16
ProviderLatency                : 1000
ProviderControlGuid            : 

FileSize                       : 69632
IsLogFull                      : False
LastAccessTime                 : 3/31/2023 5:37:36 PM
LastWriteTime                  : 4/28/2021 2:27:45 PM
OldestRecordNumber             : 0
RecordCount                    : 0
LogName                        : Microsoft-Windows-FileHistory-Core/WHC
LogType                        : Operational
LogIsolation                   : Application
IsEnabled                      : True
IsClassicLog                   : False
SecurityDescriptor             : O:BAG:SYD:(A;;0x2;;;S-1-15-2-1)(A;;0x2;;;S-1-15-3-1024-3153509613-960666767-3724611135-2725662640-12138253-543910227-1950414635-4190290187)(A;;0xf0007;;;SY)(A;;0x7;;;BA)(A;;0x7;;;SO)(A;;0x3;;;IU)(A;;0x3;;;SU)(A;;0x3;;;S-1-5-3)(A;;0x3;;;S-1-5-33)(A;;0x1;;;S-1-5-32-573)
LogFilePath                    : %SystemRoot%\System32\Winevt\Logs\Microsoft-Windows-FileHistory-Core%4WHC.evtx
MaximumSizeInBytes             : 1052672
LogMode                        : Circular
OwningProviderName             : Microsoft-Windows-FileHistory-Core
ProviderNames                  : {Microsoft-Windows-FileHistory-Core}
ProviderLevel                  : 
ProviderKeywords               : 
ProviderBufferSize             : 64
ProviderMinimumNumberOfBuffers : 0
ProviderMaximumNumberOfBuffers : 64
ProviderLatency                : 1000
ProviderControlGuid            : 

FileSize                       : 69632
IsLogFull                      : False
LastAccessTime                 : 3/31/2023 2:17:12 PM
LastWriteTime                  : 3/31/2023 2:17:12 PM
OldestRecordNumber             : 0
RecordCount                    : 0
LogName                        : Microsoft-Windows-FeatureConfiguration/Operational
LogType                        : Operational
LogIsolation                   : Application
IsEnabled                      : True
IsClassicLog                   : False
SecurityDescriptor             : O:BAG:SYD:(A;;0x2;;;S-1-15-2-1)(A;;0x2;;;S-1-15-3-1024-3153509613-960666767-3724611135-2725662640-12138253-543910227-1950414635-4190290187)(A;;0xf0007;;;SY)(A;;0x7;;;BA)(A;;0x7;;;SO)(A;;0x3;;;IU)(A;;0x3;;;SU)(A;;0x3;;;S-1-5-3)(A;;0x3;;;S-1-5-33)(A;;0x1;;;S-1-5-32-573)
LogFilePath                    : %SystemRoot%\System32\Winevt\Logs\Microsoft-Windows-FeatureConfiguration%4Operational.evtx
MaximumSizeInBytes             : 1052672
LogMode                        : Circular
OwningProviderName             : Microsoft-Windows-FeatureConfiguration
ProviderNames                  : {Microsoft-Windows-FeatureConfiguration}
ProviderLevel                  : 
ProviderKeywords               : 
ProviderBufferSize             : 64
ProviderMinimumNumberOfBuffers : 0
ProviderMaximumNumberOfBuffers : 64
ProviderLatency                : 1000
ProviderControlGuid            : 

FileSize                       : 69632
IsLogFull                      : False
LastAccessTime                 : 3/31/2023 5:37:36 PM
LastWriteTime                  : 3/19/2023 5:13:55 AM
OldestRecordNumber             : 1
RecordCount                    : 56
LogName                        : Microsoft-Windows-Fault-Tolerant-Heap/Operational
LogType                        : Operational
LogIsolation                   : System
IsEnabled                      : True
IsClassicLog                   : False
SecurityDescriptor             : O:BAG:SYD:(A;;0xf0007;;;SY)(A;;0x7;;;BA)(A;;0x3;;;BO)(A;;0x5;;;SO)(A;;0x1;;;IU)(A;;0x3;;;SU)(A;;0x1;;;S-1-5-3)(A;;0x2;;;S-1-5-33)(A;;0x1;;;S-1-5-32-573)
LogFilePath                    : %SystemRoot%\System32\Winevt\Logs\Microsoft-Windows-Fault-Tolerant-Heap%4Operational.evtx
MaximumSizeInBytes             : 1052672
LogMode                        : Circular
OwningProviderName             : Microsoft-Windows-Fault-Tolerant-Heap
ProviderNames                  : {Microsoft-Windows-Fault-Tolerant-Heap}
ProviderLevel                  : 
ProviderKeywords               : 
ProviderBufferSize             : 64
ProviderMinimumNumberOfBuffers : 0
ProviderMaximumNumberOfBuffers : 16
ProviderLatency                : 1000
ProviderControlGuid            : 

