FileSize                       : 69632
IsLogFull                      : False
LastAccessTime                 : 3/31/2023 2:17:13 PM
LastWriteTime                  : 3/31/2023 2:17:13 PM
OldestRecordNumber             : 0
RecordCount                    : 0
LogName                        : Microsoft-Windows-Devices-Background/Operational
LogType                        : Operational
LogIsolation                   : Application
IsEnabled                      : True
IsClassicLog                   : False
SecurityDescriptor             : O:BAG:SYD:(A;;0x2;;;S-1-15-2-1)(A;;0x2;;;S-1-15-3-1024-3153509613-960666767-3724611135-2725662640-12138253-543910227-1950414635-4190290187)(A;;0xf0007;;;SY)(A;;0x7;;;BA)(A;;0x7;;;SO)(A;;0x3;;;IU)(A;;0x3;;;SU)(A;;0x3;;;S-1-5-3)(A;;0x3;;;S-1-5-33)(A;;0x1;;;S-1-5-32-573)
LogFilePath                    : %SystemRoot%\System32\Winevt\Logs\Microsoft-Windows-Devices-Background%4Operational.evtx
MaximumSizeInBytes             : 1052672
LogMode                        : Circular
OwningProviderName             : Microsoft-Windows-Devices-Background
ProviderNames                  : {Microsoft-Windows-Devices-Background}
ProviderLevel                  : 
ProviderKeywords               : 
ProviderBufferSize             : 64
ProviderMinimumNumberOfBuffers : 0
ProviderMaximumNumberOfBuffers : 64
ProviderLatency                : 1000
ProviderControlGuid            : 

FileSize                       : 1052672
IsLogFull                      : False
LastAccessTime                 : 3/31/2023 2:24:19 PM
LastWriteTime                  : 3/31/2023 2:24:19 PM
OldestRecordNumber             : 74292
RecordCount                    : 1828
LogName                        : Microsoft-Windows-DeviceManagement-Enterprise-Diagnostics-Provider/Operational
LogType                        : Operational
LogIsolation                   : Application
IsEnabled                      : True
IsClassicLog                   : False
SecurityDescriptor             : O:BAG:SYD:(A;;0x2;;;S-1-15-2-1)(A;;0x2;;;S-1-15-3-1024-3153509613-960666767-3724611135-2725662640-12138253-543910227-1950414635-4190290187)(A;;0xf0007;;;SY)(A;;0x7;;;BA)(A;;0x7;;;SO)(A;;0x3;;;IU)(A;;0x3;;;SU)(A;;0x3;;;S-1-5-3)(A;;0x3;;;S-1-5-33)(A;;0x1;;;S-1-5-32-573)
LogFilePath                    : %SystemRoot%\System32\Winevt\Logs\Microsoft-Windows-DeviceManagement-Enterprise-Diagnostics-Provider%4Operational.evtx
MaximumSizeInBytes             : 1052672
LogMode                        : Circular
OwningProviderName             : Microsoft-Windows-DeviceManagement-Enterprise-Diagnostics-Provider
ProviderNames                  : {Microsoft-Windows-DeviceManagement-Pushrouter, Microsoft-Windows-DeviceManagement-Enterprise-Diagnostics-Provider}
ProviderLevel                  : 
ProviderKeywords               : 
ProviderBufferSize             : 64
ProviderMinimumNumberOfBuffers : 0
ProviderMaximumNumberOfBuffers : 64
ProviderLatency                : 1000
ProviderControlGuid            : 

FileSize                       : 1052672
IsLogFull                      : False
LastAccessTime                 : 3/31/2023 2:19:19 PM
LastWriteTime                  : 3/31/2023 2:19:19 PM
OldestRecordNumber             : 27667
RecordCount                    : 1783
LogName                        : Microsoft-Windows-DeviceManagement-Enterprise-Diagnostics-Provider/Admin
LogType                        : Administrative
LogIsolation                   : Application
IsEnabled                      : True
IsClassicLog                   : False
SecurityDescriptor             : O:BAG:SYD:(A;;0x2;;;S-1-15-2-1)(A;;0x2;;;S-1-15-3-1024-3153509613-960666767-3724611135-2725662640-12138253-543910227-1950414635-4190290187)(A;;0xf0007;;;SY)(A;;0x7;;;BA)(A;;0x7;;;SO)(A;;0x3;;;IU)(A;;0x3;;;SU)(A;;0x3;;;S-1-5-3)(A;;0x3;;;S-1-5-33)(A;;0x1;;;S-1-5-32-573)
LogFilePath                    : %SystemRoot%\System32\Winevt\Logs\Microsoft-Windows-DeviceManagement-Enterprise-Diagnostics-Provider%4Admin.evtx
MaximumSizeInBytes             : 1052672
LogMode                        : Circular
OwningProviderName             : Microsoft-Windows-DeviceManagement-Enterprise-Diagnostics-Provider
ProviderNames                  : {Microsoft-Windows-DeviceManagement-Enterprise-Diagnostics-Provider, Microsoft-WindowsPhone-ConfigManager2}
ProviderLevel                  : 
ProviderKeywords               : 
ProviderBufferSize             : 64
ProviderMinimumNumberOfBuffers : 0
ProviderMaximumNumberOfBuffers : 64
ProviderLatency                : 1000
ProviderControlGuid            : 

FileSize                       : 69632
IsLogFull                      : False
LastAccessTime                 : 3/31/2023 2:17:13 PM
LastWriteTime                  : 3/31/2023 2:17:13 PM
OldestRecordNumber             : 0
RecordCount                    : 0
LogName                        : Microsoft-Windows-DeviceGuard/Operational
LogType                        : Operational
LogIsolation                   : System
IsEnabled                      : True
IsClassicLog                   : False
SecurityDescriptor             : O:BAG:SYD:(A;;0xf0007;;;SY)(A;;0x7;;;BA)(A;;0x3;;;BO)(A;;0x5;;;SO)(A;;0x1;;;IU)(A;;0x3;;;SU)(A;;0x1;;;S-1-5-3)(A;;0x2;;;S-1-5-33)(A;;0x1;;;S-1-5-32-573)
LogFilePath                    : %SystemRoot%\System32\Winevt\Logs\Microsoft-Windows-DeviceGuard%4Operational.evtx
MaximumSizeInBytes             : 1052672
LogMode                        : Circular
OwningProviderName             : Microsoft-Windows-DeviceGuard
ProviderNames                  : {Microsoft-Windows-DeviceGuard}
ProviderLevel                  : 
ProviderKeywords               : 
ProviderBufferSize             : 64
ProviderMinimumNumberOfBuffers : 0
ProviderMaximumNumberOfBuffers : 16
ProviderLatency                : 1000
ProviderControlGuid            : 

FileSize                       : 69632
IsLogFull                      : False
LastAccessTime                 : 3/31/2023 2:17:13 PM
LastWriteTime                  : 3/31/2023 2:17:13 PM
OldestRecordNumber             : 0
RecordCount                    : 0
LogName                        : Microsoft-Windows-Deduplication/Scrubbing
LogType                        : Operational
LogIsolation                   : System
IsEnabled                      : True
IsClassicLog                   : False
SecurityDescriptor             : O:BAG:SYD:(A;;0xf0007;;;SY)(A;;0x7;;;BA)(A;;0x3;;;BO)(A;;0x5;;;SO)(A;;0x1;;;IU)(A;;0x3;;;SU)(A;;0x1;;;S-1-5-3)(A;;0x2;;;S-1-5-33)(A;;0x1;;;S-1-5-32-573)
LogFilePath                    : %SystemRoot%\System32\Winevt\Logs\Microsoft-Windows-Deduplication%4Scrubbing.evtx
MaximumSizeInBytes             : 10485760
LogMode                        : Circular
OwningProviderName             : Microsoft-Windows-Deduplication
ProviderNames                  : {Microsoft-Windows-Deduplication}
ProviderLevel                  : 
ProviderKeywords               : 
ProviderBufferSize             : 64
ProviderMinimumNumberOfBuffers : 0
ProviderMaximumNumberOfBuffers : 16
ProviderLatency                : 1000
ProviderControlGuid            : 

FileSize                       : 69632
IsLogFull                      : False
LastAccessTime                 : 3/31/2023 2:17:13 PM
LastWriteTime                  : 3/31/2023 2:17:13 PM
OldestRecordNumber             : 0
RecordCount                    : 0
LogName                        : Microsoft-Windows-Deduplication/Operational
LogType                        : Operational
LogIsolation                   : System
IsEnabled                      : True
IsClassicLog                   : False
SecurityDescriptor             : O:BAG:SYD:(A;;0xf0007;;;SY)(A;;0x7;;;BA)(A;;0x3;;;BO)(A;;0x5;;;SO)(A;;0x1;;;IU)(A;;0x3;;;SU)(A;;0x1;;;S-1-5-3)(A;;0x2;;;S-1-5-33)(A;;0x1;;;S-1-5-32-573)
LogFilePath                    : %SystemRoot%\System32\Winevt\Logs\Microsoft-Windows-Deduplication%4Operational.evtx
MaximumSizeInBytes             : 10485760
LogMode                        : Circular
OwningProviderName             : Microsoft-Windows-Deduplication
ProviderNames                  : {Microsoft-Windows-Deduplication}
ProviderLevel                  : 
ProviderKeywords               : 
ProviderBufferSize             : 64
ProviderMinimumNumberOfBuffers : 0
ProviderMaximumNumberOfBuffers : 16
ProviderLatency                : 1000
ProviderControlGuid            : 

FileSize                       : 69632
IsLogFull                      : False
LastAccessTime                 : 3/31/2023 2:17:13 PM
LastWriteTime                  : 3/31/2023 2:17:13 PM
OldestRecordNumber             : 0
RecordCount                    : 0
LogName                        : Microsoft-Windows-Deduplication/Diagnostic
LogType                        : Operational
LogIsolation                   : System
IsEnabled                      : True
IsClassicLog                   : False
SecurityDescriptor             : O:BAG:SYD:(A;;0xf0007;;;SY)(A;;0x7;;;BA)(A;;0x3;;;BO)(A;;0x5;;;SO)(A;;0x1;;;IU)(A;;0x3;;;SU)(A;;0x1;;;S-1-5-3)(A;;0x2;;;S-1-5-33)(A;;0x1;;;S-1-5-32-573)
LogFilePath                    : %SystemRoot%\System32\Winevt\Logs\Microsoft-Windows-Deduplication%4Diagnostic.evtx
MaximumSizeInBytes             : 104857600
LogMode                        : Circular
OwningProviderName             : Microsoft-Windows-Deduplication
ProviderNames                  : {Microsoft-Windows-Deduplication}
ProviderLevel                  : 
ProviderKeywords               : 
ProviderBufferSize             : 64
ProviderMinimumNumberOfBuffers : 0
ProviderMaximumNumberOfBuffers : 16
ProviderLatency                : 1000
ProviderControlGuid            : 

FileSize                       : 69632
IsLogFull                      : False
LastAccessTime                 : 3/31/2023 2:17:13 PM
LastWriteTime                  : 3/31/2023 2:17:13 PM
OldestRecordNumber             : 0
RecordCount                    : 0
LogName                        : Microsoft-Windows-DateTimeControlPanel/Operational
LogType                        : Operational
LogIsolation                   : Application
IsEnabled                      : True
IsClassicLog                   : False
SecurityDescriptor             : O:BAG:SYD:(A;;0x2;;;S-1-15-2-1)(A;;0x2;;;S-1-15-3-1024-3153509613-960666767-3724611135-2725662640-12138253-543910227-1950414635-4190290187)(A;;0xf0007;;;SY)(A;;0x7;;;BA)(A;;0x7;;;SO)(A;;0x3;;;IU)(A;;0x3;;;SU)(A;;0x3;;;S-1-5-3)(A;;0x3;;;S-1-5-33)(A;;0x1;;;S-1-5-32-573)
LogFilePath                    : %SystemRoot%\System32\Winevt\Logs\Microsoft-Windows-DateTimeControlPanel%4Operational.evtx
MaximumSizeInBytes             : 1052672
LogMode                        : Circular
OwningProviderName             : Microsoft-Windows-DateTimeControlPanel
ProviderNames                  : {Microsoft-Windows-DateTimeControlPanel}
ProviderLevel                  : 
ProviderKeywords               : 
ProviderBufferSize             : 64
ProviderMinimumNumberOfBuffers : 0
ProviderMaximumNumberOfBuffers : 64
ProviderLatency                : 1000
ProviderControlGuid            : 

FileSize                       : 69632
IsLogFull                      : False
LastAccessTime                 : 3/31/2023 2:17:13 PM
LastWriteTime                  : 3/31/2023 2:17:13 PM
OldestRecordNumber             : 0
RecordCount                    : 0
LogName                        : Microsoft-Windows-DataIntegrityScan/CrashRecovery
LogType                        : Administrative
LogIsolation                   : Application
IsEnabled                      : True
IsClassicLog                   : False
SecurityDescriptor             : O:BAG:SYD:(A;;0x2;;;S-1-15-2-1)(A;;0x2;;;S-1-15-3-1024-3153509613-960666767-3724611135-2725662640-12138253-543910227-1950414635-4190290187)(A;;0xf0007;;;SY)(A;;0x7;;;BA)(A;;0x7;;;SO)(A;;0x3;;;IU)(A;;0x3;;;SU)(A;;0x3;;;S-1-5-3)(A;;0x3;;;S-1-5-33)(A;;0x1;;;S-1-5-32-573)
LogFilePath                    : %SystemRoot%\System32\Winevt\Logs\Microsoft-Windows-DataIntegrityScan%4CrashRecovery.evtx
MaximumSizeInBytes             : 1052672
LogMode                        : Circular
OwningProviderName             : Microsoft-Windows-DataIntegrityScan
ProviderNames                  : {Microsoft-Windows-DataIntegrityScan}
ProviderLevel                  : 
ProviderKeywords               : 
ProviderBufferSize             : 64
ProviderMinimumNumberOfBuffers : 0
ProviderMaximumNumberOfBuffers : 64
ProviderLatency                : 1000
ProviderControlGuid            : 

FileSize                       : 69632
IsLogFull                      : False
LastAccessTime                 : 3/31/2023 2:17:13 PM
LastWriteTime                  : 3/31/2023 2:17:13 PM
OldestRecordNumber             : 0
RecordCount                    : 0
LogName                        : Microsoft-Windows-DataIntegrityScan/Admin
LogType                        : Administrative
LogIsolation                   : Application
IsEnabled                      : True
IsClassicLog                   : False
SecurityDescriptor             : O:BAG:SYD:(A;;0x2;;;S-1-15-2-1)(A;;0x2;;;S-1-15-3-1024-3153509613-960666767-3724611135-2725662640-12138253-543910227-1950414635-4190290187)(A;;0xf0007;;;SY)(A;;0x7;;;BA)(A;;0x7;;;SO)(A;;0x3;;;IU)(A;;0x3;;;SU)(A;;0x3;;;S-1-5-3)(A;;0x3;;;S-1-5-33)(A;;0x1;;;S-1-5-32-573)
LogFilePath                    : %SystemRoot%\System32\Winevt\Logs\Microsoft-Windows-DataIntegrityScan%4Admin.evtx
MaximumSizeInBytes             : 1052672
LogMode                        : Circular
OwningProviderName             : Microsoft-Windows-DataIntegrityScan
ProviderNames                  : {Microsoft-Windows-DataIntegrityScan}
ProviderLevel                  : 
ProviderKeywords               : 
ProviderBufferSize             : 64
ProviderMinimumNumberOfBuffers : 0
ProviderMaximumNumberOfBuffers : 64
ProviderLatency                : 1000
ProviderControlGuid            : 

FileSize                       : 69632
IsLogFull                      : False
LastAccessTime                 : 3/31/2023 2:17:13 PM
LastWriteTime                  : 3/31/2023 2:17:13 PM
OldestRecordNumber             : 0
RecordCount                    : 0
LogName                        : Microsoft-Windows-DAL-Provider/Operational
LogType                        : Operational
LogIsolation                   : Application
IsEnabled                      : True
IsClassicLog                   : False
SecurityDescriptor             : O:BAG:SYD:(A;;0x2;;;S-1-15-2-1)(A;;0x2;;;S-1-15-3-1024-3153509613-960666767-3724611135-2725662640-12138253-543910227-1950414635-4190290187)(A;;0xf0007;;;SY)(A;;0x7;;;BA)(A;;0x7;;;SO)(A;;0x3;;;IU)(A;;0x3;;;SU)(A;;0x3;;;S-1-5-3)(A;;0x3;;;S-1-5-33)(A;;0x1;;;S-1-5-32-573)
LogFilePath                    : %SystemRoot%\System32\Winevt\Logs\Microsoft-Windows-DAL-Provider%4Operational.evtx
MaximumSizeInBytes             : 1052672
LogMode                        : Circular
OwningProviderName             : Microsoft-Windows-DAL-Provider
ProviderNames                  : {Microsoft-Windows-DAL-Provider}
ProviderLevel                  : 
ProviderKeywords               : 
ProviderBufferSize             : 64
ProviderMinimumNumberOfBuffers : 0
ProviderMaximumNumberOfBuffers : 64
ProviderLatency                : 1000
ProviderControlGuid            : 

FileSize                       : 1052672
IsLogFull                      : False
LastAccessTime                 : 3/31/2023 5:30:15 PM
LastWriteTime                  : 3/31/2023 5:30:15 PM
OldestRecordNumber             : 5000
RecordCount                    : 2098
LogName                        : Microsoft-Windows-Crypto-DPAPI/Operational
LogType                        : Operational
LogIsolation                   : System
IsEnabled                      : True
IsClassicLog                   : False
SecurityDescriptor             : O:BAG:SYD:(A;;0xf0007;;;SY)(A;;0x7;;;BA)(A;;0x3;;;BO)(A;;0x5;;;SO)(A;;0x1;;;IU)(A;;0x3;;;SU)(A;;0x1;;;S-1-5-3)(A;;0x2;;;S-1-5-33)(A;;0x1;;;S-1-5-32-573)
LogFilePath                    : %SystemRoot%\System32\Winevt\Logs\Microsoft-Windows-Crypto-DPAPI%4Operational.evtx
MaximumSizeInBytes             : 1052672
LogMode                        : Circular
OwningProviderName             : Microsoft-Windows-Crypto-DPAPI
ProviderNames                  : {Microsoft-Windows-Crypto-DPAPI}
ProviderLevel                  : 
ProviderKeywords               : 
ProviderBufferSize             : 64
ProviderMinimumNumberOfBuffers : 0
ProviderMaximumNumberOfBuffers : 16
ProviderLatency                : 1000
ProviderControlGuid            : 

FileSize                       : 
IsLogFull                      : 
LastAccessTime                 : 
LastWriteTime                  : 
OldestRecordNumber             : 
RecordCount                    : 
LogName                        : Microsoft-Windows-Crypto-DPAPI/Debug
LogType                        : Operational
LogIsolation                   : System
IsEnabled                      : False
IsClassicLog                   : False
SecurityDescriptor             : O:BAG:SYD:(A;;0xf0007;;;SY)(A;;0x7;;;BA)(A;;0x3;;;BO)(A;;0x5;;;SO)(A;;0x1;;;IU)(A;;0x3;;;SU)(A;;0x1;;;S-1-5-3)(A;;0x2;;;S-1-5-33)(A;;0x1;;;S-1-5-32-573)
LogFilePath                    : %SystemRoot%\System32\Winevt\Logs\Microsoft-Windows-Crypto-DPAPI%4Debug.evtx
MaximumSizeInBytes             : 1052672
LogMode                        : Circular
OwningProviderName             : Microsoft-Windows-Crypto-DPAPI
ProviderNames                  : {Microsoft-Windows-Crypto-DPAPI}
ProviderLevel                  : 
ProviderKeywords               : 
ProviderBufferSize             : 64
ProviderMinimumNumberOfBuffers : 0
ProviderMaximumNumberOfBuffers : 16
ProviderLatency                : 1000
ProviderControlGuid            : 

FileSize                       : 69632
IsLogFull                      : False
LastAccessTime                 : 3/31/2023 5:37:36 PM
LastWriteTime                  : 4/28/2021 3:05:01 PM
OldestRecordNumber             : 0
RecordCount                    : 0
LogName                        : Microsoft-Windows-Crypto-DPAPI/BackUpKeySvc
LogType                        : Operational
LogIsolation                   : System
IsEnabled                      : True
IsClassicLog                   : False
SecurityDescriptor             : O:BAG:SYD:(A;;0xf0007;;;SY)(A;;0x7;;;BA)(A;;0x3;;;BO)(A;;0x5;;;SO)(A;;0x1;;;IU)(A;;0x3;;;SU)(A;;0x1;;;S-1-5-3)(A;;0x2;;;S-1-5-33)(A;;0x1;;;S-1-5-32-573)
LogFilePath                    : %SystemRoot%\System32\Winevt\Logs\Microsoft-Windows-Crypto-DPAPI%4BackUpKeySvc.evtx
MaximumSizeInBytes             : 1052672
LogMode                        : Circular
OwningProviderName             : Microsoft-Windows-Crypto-DPAPI
ProviderNames                  : {Microsoft-Windows-Crypto-DPAPI}
ProviderLevel                  : 
ProviderKeywords               : 
ProviderBufferSize             : 64
ProviderMinimumNumberOfBuffers : 0
ProviderMaximumNumberOfBuffers : 16
ProviderLatency                : 1000
ProviderControlGuid            : 

FileSize                       : 69632
IsLogFull                      : False
LastAccessTime                 : 3/31/2023 2:17:13 PM
LastWriteTime                  : 3/31/2023 2:17:13 PM
OldestRecordNumber             : 0
RecordCount                    : 0
LogName                        : Microsoft-Windows-CorruptedFileRecovery-Server/Operational
LogType                        : Operational
LogIsolation                   : System
IsEnabled                      : True
IsClassicLog                   : False
SecurityDescriptor             : O:BAG:SYD:(A;;0xf0007;;;SY)(A;;0x7;;;BA)(A;;0x3;;;BO)(A;;0x5;;;SO)(A;;0x1;;;IU)(A;;0x3;;;SU)(A;;0x1;;;S-1-5-3)(A;;0x2;;;S-1-5-33)(A;;0x1;;;S-1-5-32-573)
LogFilePath                    : %SystemRoot%\System32\Winevt\Logs\Microsoft-Windows-CorruptedFileRecovery-Server%4Operational.evtx
MaximumSizeInBytes             : 1052672
LogMode                        : Circular
OwningProviderName             : Microsoft-Windows-CorruptedFileRecovery-Server
ProviderNames                  : {Microsoft-Windows-CorruptedFileRecovery-Server}
ProviderLevel                  : 
ProviderKeywords               : 
ProviderBufferSize             : 64
ProviderMinimumNumberOfBuffers : 0
ProviderMaximumNumberOfBuffers : 16
ProviderLatency                : 1000
ProviderControlGuid            : 

FileSize                       : 69632
IsLogFull                      : False
LastAccessTime                 : 3/31/2023 2:17:13 PM
LastWriteTime                  : 3/31/2023 2:17:13 PM
OldestRecordNumber             : 0
RecordCount                    : 0
LogName                        : Microsoft-Windows-CorruptedFileRecovery-Client/Operational
LogType                        : Operational
LogIsolation                   : Application
IsEnabled                      : True
IsClassicLog                   : False
SecurityDescriptor             : O:BAG:SYD:(A;;0x2;;;S-1-15-2-1)(A;;0x2;;;S-1-15-3-1024-3153509613-960666767-3724611135-2725662640-12138253-543910227-1950414635-4190290187)(A;;0xf0007;;;SY)(A;;0x7;;;BA)(A;;0x7;;;SO)(A;;0x3;;;IU)(A;;0x3;;;SU)(A;;0x3;;;S-1-5-3)(A;;0x3;;;S-1-5-33)(A;;0x1;;;S-1-5-32-573)
LogFilePath                    : %SystemRoot%\System32\Winevt\Logs\Microsoft-Windows-CorruptedFileRecovery-Client%4Operational.evtx
MaximumSizeInBytes             : 1052672
LogMode                        : Circular
OwningProviderName             : Microsoft-Windows-CorruptedFileRecovery-Client
ProviderNames                  : {Microsoft-Windows-CorruptedFileRecovery-Client}
ProviderLevel                  : 
ProviderKeywords               : 
ProviderBufferSize             : 64
ProviderMinimumNumberOfBuffers : 0
ProviderMaximumNumberOfBuffers : 64
ProviderLatency                : 1000
ProviderControlGuid            : 

FileSize                       : 1052672
IsLogFull                      : False
LastAccessTime                 : 3/31/2023 2:24:19 PM
LastWriteTime                  : 3/31/2023 2:24:19 PM
OldestRecordNumber             : 6575
RecordCount                    : 2423
LogName                        : Microsoft-Windows-CoreSystem-SmsRouter-Events/Operational
LogType                        : Operational
LogIsolation                   : Application
IsEnabled                      : True
IsClassicLog                   : False
SecurityDescriptor             : O:BAG:SYD:(A;;0x2;;;S-1-15-2-1)(A;;0x2;;;S-1-15-3-1024-3153509613-960666767-3724611135-2725662640-12138253-543910227-1950414635-4190290187)(A;;0xf0007;;;SY)(A;;0x7;;;BA)(A;;0x7;;;SO)(A;;0x3;;;IU)(A;;0x3;;;SU)(A;;0x3;;;S-1-5-3)(A;;0x3;;;S-1-5-33)(A;;0x1;;;S-1-5-32-573)
LogFilePath                    : %SystemRoot%\System32\Winevt\Logs\Microsoft-Windows-CoreSystem-SmsRouter-Events%4Operational.evtx
MaximumSizeInBytes             : 1052672
LogMode                        : Circular
OwningProviderName             : Microsoft-Windows-CoreSystem-SmsRouter
ProviderNames                  : {Microsoft-Windows-CoreSystem-SmsRouter}
ProviderLevel                  : 
ProviderKeywords               : 
ProviderBufferSize             : 64
ProviderMinimumNumberOfBuffers : 0
ProviderMaximumNumberOfBuffers : 64
ProviderLatency                : 1000
ProviderControlGuid            : 

FileSize                       : 69632
IsLogFull                      : False
LastAccessTime                 : 3/31/2023 2:17:13 PM
LastWriteTime                  : 3/31/2023 2:17:13 PM
OldestRecordNumber             : 0
RecordCount                    : 0
LogName                        : Microsoft-Windows-CoreApplication/Operational
LogType                        : Operational
LogIsolation                   : Application
IsEnabled                      : True
IsClassicLog                   : False
SecurityDescriptor             : O:BAG:SYD:(A;;0x2;;;S-1-15-2-1)(A;;0x2;;;S-1-15-3-1024-3153509613-960666767-3724611135-2725662640-12138253-543910227-1950414635-4190290187)(A;;0xf0007;;;SY)(A;;0x7;;;BA)(A;;0x7;;;SO)(A;;0x3;;;IU)(A;;0x3;;;SU)(A;;0x3;;;S-1-5-3)(A;;0x3;;;S-1-5-33)(A;;0x1;;;S-1-5-32-573)
LogFilePath                    : %SystemRoot%\System32\Winevt\Logs\Microsoft-Windows-CoreApplication%4Operational.evtx
MaximumSizeInBytes             : 1052672
LogMode                        : Circular
OwningProviderName             : Microsoft-Windows-Immersive-Shell-API
ProviderNames                  : {Microsoft-Windows-Immersive-Shell-API}
ProviderLevel                  : 
ProviderKeywords               : 
ProviderBufferSize             : 64
ProviderMinimumNumberOfBuffers : 0
ProviderMaximumNumberOfBuffers : 64
ProviderLatency                : 1000
ProviderControlGuid            : 

FileSize                       : 69632
IsLogFull                      : False
LastAccessTime                 : 3/31/2023 2:17:13 PM
LastWriteTime                  : 3/31/2023 2:17:13 PM
OldestRecordNumber             : 0
RecordCount                    : 0
LogName                        : Microsoft-Windows-Containers-Wcnfs/Operational
LogType                        : Operational
LogIsolation                   : System
IsEnabled                      : True
IsClassicLog                   : False
SecurityDescriptor             : O:BAG:SYD:(A;;0xf0007;;;SY)(A;;0x7;;;BA)(A;;0x3;;;BO)(A;;0x5;;;SO)(A;;0x1;;;IU)(A;;0x3;;;SU)(A;;0x1;;;S-1-5-3)(A;;0x2;;;S-1-5-33)(A;;0x1;;;S-1-5-32-573)
LogFilePath                    : %SystemRoot%\System32\Winevt\Logs\Microsoft-Windows-Containers-Wcnfs%4Operational.evtx
MaximumSizeInBytes             : 1052672
LogMode                        : Circular
OwningProviderName             : Microsoft-Windows-Containers-Wcnfs
ProviderNames                  : {Microsoft-Windows-Containers-Wcnfs}
ProviderLevel                  : 
ProviderKeywords               : 
ProviderBufferSize             : 64
ProviderMinimumNumberOfBuffers : 0
ProviderMaximumNumberOfBuffers : 16
ProviderLatency                : 1000
ProviderControlGuid            : 

FileSize                       : 69632
IsLogFull                      : False
LastAccessTime                 : 3/31/2023 5:37:36 PM
LastWriteTime                  : 3/15/2023 8:25:04 PM
OldestRecordNumber             : 1
RecordCount                    : 101
LogName                        : Microsoft-Windows-Containers-Wcifs/Operational
LogType                        : Operational
LogIsolation                   : System
IsEnabled                      : True
IsClassicLog                   : False
SecurityDescriptor             : O:BAG:SYD:(A;;0xf0007;;;SY)(A;;0x7;;;BA)(A;;0x3;;;BO)(A;;0x5;;;SO)(A;;0x1;;;IU)(A;;0x3;;;SU)(A;;0x1;;;S-1-5-3)(A;;0x2;;;S-1-5-33)(A;;0x1;;;S-1-5-32-573)
LogFilePath                    : %SystemRoot%\System32\Winevt\Logs\Microsoft-Windows-Containers-Wcifs%4Operational.evtx
MaximumSizeInBytes             : 1052672
LogMode                        : Circular
OwningProviderName             : Microsoft-Windows-Containers-Wcifs
ProviderNames                  : {Microsoft-Windows-Containers-Wcifs}
ProviderLevel                  : 
ProviderKeywords               : 
ProviderBufferSize             : 64
ProviderMinimumNumberOfBuffers : 0
ProviderMaximumNumberOfBuffers : 16
ProviderLatency                : 1000
ProviderControlGuid            : 

FileSize                       : 69632
IsLogFull                      : False
LastAccessTime                 : 3/31/2023 5:37:36 PM
LastWriteTime                  : 3/6/2023 3:31:00 AM
OldestRecordNumber             : 0
RecordCount                    : 0
LogName                        : Microsoft-Windows-Containers-CCG/Admin
LogType                        : Administrative
LogIsolation                   : Application
IsEnabled                      : True
IsClassicLog                   : False
SecurityDescriptor             : O:BAG:SYD:(A;;0x2;;;S-1-15-2-1)(A;;0x2;;;S-1-15-3-1024-3153509613-960666767-3724611135-2725662640-12138253-543910227-1950414635-4190290187)(A;;0xf0007;;;SY)(A;;0x7;;;BA)(A;;0x7;;;SO)(A;;0x3;;;IU)(A;;0x3;;;SU)(A;;0x3;;;S-1-5-3)(A;;0x3;;;S-1-5-33)(A;;0x1;;;S-1-5-32-573)
LogFilePath                    : %SystemRoot%\System32\Winevt\Logs\Microsoft-Windows-Containers-CCG%4Admin.evtx
MaximumSizeInBytes             : 1052672
LogMode                        : Circular
OwningProviderName             : Microsoft-Windows-Containers-CCG
ProviderNames                  : {Microsoft-Windows-Containers-CCG}
ProviderLevel                  : 
ProviderKeywords               : 
ProviderBufferSize             : 64
ProviderMinimumNumberOfBuffers : 0
ProviderMaximumNumberOfBuffers : 64
ProviderLatency                : 1000
ProviderControlGuid            : 

FileSize                       : 69632
IsLogFull                      : False
LastAccessTime                 : 3/31/2023 5:37:36 PM
LastWriteTime                  : 3/15/2023 8:25:04 PM
OldestRecordNumber             : 1
RecordCount                    : 101
LogName                        : Microsoft-Windows-Containers-BindFlt/Operational
LogType                        : Operational
LogIsolation                   : System
IsEnabled                      : True
IsClassicLog                   : False
SecurityDescriptor             : O:BAG:SYD:(A;;0xf0007;;;SY)(A;;0x7;;;BA)(A;;0x3;;;BO)(A;;0x5;;;SO)(A;;0x1;;;IU)(A;;0x3;;;SU)(A;;0x1;;;S-1-5-3)(A;;0x2;;;S-1-5-33)(A;;0x1;;;S-1-5-32-573)
LogFilePath                    : %SystemRoot%\System32\Winevt\Logs\Microsoft-Windows-Containers-BindFlt%4Operational.evtx
MaximumSizeInBytes             : 1052672
LogMode                        : Circular
OwningProviderName             : Microsoft-Windows-Containers-BindFlt
ProviderNames                  : {Microsoft-Windows-Containers-BindFlt}
ProviderLevel                  : 
ProviderKeywords               : 
ProviderBufferSize             : 64
ProviderMinimumNumberOfBuffers : 0
ProviderMaximumNumberOfBuffers : 16
ProviderLatency                : 1000
ProviderControlGuid            : 

FileSize                       : 69632
IsLogFull                      : False
LastAccessTime                 : 3/31/2023 2:17:13 PM
LastWriteTime                  : 3/31/2023 2:17:13 PM
OldestRecordNumber             : 0
RecordCount                    : 0
LogName                        : Microsoft-Windows-Compat-Appraiser/Operational
LogType                        : Operational
LogIsolation                   : Application
IsEnabled                      : True
IsClassicLog                   : False
SecurityDescriptor             : O:BAG:SYD:(A;;0x2;;;S-1-15-2-1)(A;;0x2;;;S-1-15-3-1024-3153509613-960666767-3724611135-2725662640-12138253-543910227-1950414635-4190290187)(A;;0xf0007;;;SY)(A;;0x7;;;BA)(A;;0x7;;;SO)(A;;0x3;;;IU)(A;;0x3;;;SU)(A;;0x3;;;S-1-5-3)(A;;0x3;;;S-1-5-33)(A;;0x1;;;S-1-5-32-573)
LogFilePath                    : %SystemRoot%\System32\Winevt\Logs\Microsoft-Windows-Compat-Appraiser%4Operational.evtx
MaximumSizeInBytes             : 1052672
LogMode                        : Circular
OwningProviderName             : Microsoft-Windows-Compat-Appraiser
ProviderNames                  : {Microsoft-Windows-Compat-Appraiser}
ProviderLevel                  : 
ProviderKeywords               : 
ProviderBufferSize             : 64
ProviderMinimumNumberOfBuffers : 0
ProviderMaximumNumberOfBuffers : 64
ProviderLatency                : 1000
ProviderControlGuid            : 

FileSize                       : 1052672
IsLogFull                      : False
LastAccessTime                 : 3/31/2023 2:17:13 PM
LastWriteTime                  : 3/27/2023 10:01:41 PM
OldestRecordNumber             : 51009
RecordCount                    : 1415
LogName                        : Microsoft-Windows-CodeIntegrity/Operational
LogType                        : Operational
LogIsolation                   : System
IsEnabled                      : True
IsClassicLog                   : False
SecurityDescriptor             : O:BAG:SYD:(A;;0xf0007;;;SY)(A;;0x7;;;BA)(A;;0x3;;;BO)(A;;0x5;;;SO)(A;;0x1;;;IU)(A;;0x3;;;SU)(A;;0x1;;;S-1-5-3)(A;;0x2;;;S-1-5-33)(A;;0x1;;;S-1-5-32-573)
LogFilePath                    : %SystemRoot%\System32\Winevt\Logs\Microsoft-Windows-CodeIntegrity%4Operational.evtx
MaximumSizeInBytes             : 1052672
LogMode                        : Circular
OwningProviderName             : Microsoft-Windows-CodeIntegrity
ProviderNames                  : {Microsoft-Windows-CodeIntegrity}
ProviderLevel                  : 
ProviderKeywords               : 
ProviderBufferSize             : 64
ProviderMinimumNumberOfBuffers : 0
ProviderMaximumNumberOfBuffers : 16
ProviderLatency                : 1000
ProviderControlGuid            : 

FileSize                       : 1052672
IsLogFull                      : False
LastAccessTime                 : 3/31/2023 2:17:13 PM
LastWriteTime                  : 3/15/2023 8:30:04 PM
OldestRecordNumber             : 1
RecordCount                    : 401
LogName                        : Microsoft-Windows-CloudStore/Operational
LogType                        : Operational
LogIsolation                   : Application
IsEnabled                      : True
IsClassicLog                   : False
SecurityDescriptor             : O:BAG:SYD:(A;;0x2;;;S-1-15-2-1)(A;;0x2;;;S-1-15-3-1024-3153509613-960666767-3724611135-2725662640-12138253-543910227-1950414635-4190290187)(A;;0xf0007;;;SY)(A;;0x7;;;BA)(A;;0x7;;;SO)(A;;0x3;;;IU)(A;;0x3;;;SU)(A;;0x3;;;S-1-5-3)(A;;0x3;;;S-1-5-33)(A;;0x1;;;S-1-5-32-573)
LogFilePath                    : %SystemRoot%\System32\Winevt\Logs\Microsoft-Windows-CloudStore%4Operational.evtx
MaximumSizeInBytes             : 1052672
LogMode                        : Circular
OwningProviderName             : Microsoft-Windows-CloudStore
ProviderNames                  : {Microsoft-Windows-CloudStore}
ProviderLevel                  : 
ProviderKeywords               : 
ProviderBufferSize             : 64
ProviderMinimumNumberOfBuffers : 0
ProviderMaximumNumberOfBuffers : 64
ProviderLatency                : 1000
ProviderControlGuid            : 

FileSize                       : 
IsLogFull                      : 
LastAccessTime                 : 
LastWriteTime                  : 
OldestRecordNumber             : 
RecordCount                    : 
LogName                        : Microsoft-Windows-CloudStore/Debug
LogType                        : Operational
LogIsolation                   : Application
IsEnabled                      : False
IsClassicLog                   : False
SecurityDescriptor             : O:BAG:SYD:(A;;0x2;;;S-1-15-2-1)(A;;0x2;;;S-1-15-3-1024-3153509613-960666767-3724611135-2725662640-12138253-543910227-1950414635-4190290187)(A;;0xf0007;;;SY)(A;;0x7;;;BA)(A;;0x7;;;SO)(A;;0x3;;;IU)(A;;0x3;;;SU)(A;;0x3;;;S-1-5-3)(A;;0x3;;;S-1-5-33)(A;;0x1;;;S-1-5-32-573)
LogFilePath                    : %SystemRoot%\System32\Winevt\Logs\Microsoft-Windows-CloudStore%4Debug.evtx
MaximumSizeInBytes             : 10485760
LogMode                        : Circular
OwningProviderName             : Microsoft-Windows-CloudStore
ProviderNames                  : {Microsoft-Windows-CloudStore}
ProviderLevel                  : 
ProviderKeywords               : 
ProviderBufferSize             : 64
ProviderMinimumNumberOfBuffers : 0
ProviderMaximumNumberOfBuffers : 64
ProviderLatency                : 1000
ProviderControlGuid            : 

FileSize                       : 69632
IsLogFull                      : False
LastAccessTime                 : 3/31/2023 2:17:13 PM
LastWriteTime                  : 3/31/2023 2:17:13 PM
OldestRecordNumber             : 0
RecordCount                    : 0
LogName                        : Microsoft-Windows-Cleanmgr/Diagnostic
LogType                        : Operational
LogIsolation                   : Application
IsEnabled                      : True
IsClassicLog                   : False
SecurityDescriptor             : O:BAG:SYD:(A;;0x2;;;S-1-15-2-1)(A;;0x2;;;S-1-15-3-1024-3153509613-960666767-3724611135-2725662640-12138253-543910227-1950414635-4190290187)(A;;0xf0007;;;SY)(A;;0x7;;;BA)(A;;0x7;;;SO)(A;;0x3;;;IU)(A;;0x3;;;SU)(A;;0x3;;;S-1-5-3)(A;;0x3;;;S-1-5-33)(A;;0x1;;;S-1-5-32-573)
LogFilePath                    : %SystemRoot%\System32\Winevt\Logs\Microsoft-Windows-Cleanmgr%4Diagnostic.evtx
MaximumSizeInBytes             : 8388608
LogMode                        : Circular
OwningProviderName             : Microsoft-Windows-Cleanmgr
ProviderNames                  : {Microsoft-Windows-Cleanmgr}
ProviderLevel                  : 
ProviderKeywords               : 
ProviderBufferSize             : 64
ProviderMinimumNumberOfBuffers : 0
ProviderMaximumNumberOfBuffers : 64
ProviderLatency                : 1000
ProviderControlGuid            : 

FileSize                       : 
IsLogFull                      : 
LastAccessTime                 : 
LastWriteTime                  : 
OldestRecordNumber             : 
RecordCount                    : 
LogName                        : Microsoft-Windows-CertPoleEng/Operational
LogType                        : Operational
LogIsolation                   : Application
IsEnabled                      : False
IsClassicLog                   : False
SecurityDescriptor             : O:BAG:SYD:(A;;0x2;;;S-1-15-2-1)(A;;0x2;;;S-1-15-3-1024-3153509613-960666767-3724611135-2725662640-12138253-543910227-1950414635-4190290187)(A;;0xf0007;;;SY)(A;;0x7;;;BA)(A;;0x7;;;SO)(A;;0x3;;;IU)(A;;0x3;;;SU)(A;;0x3;;;S-1-5-3)(A;;0x3;;;S-1-5-33)(A;;0x1;;;S-1-5-32-573)
LogFilePath                    : %SystemRoot%\System32\Winevt\Logs\Microsoft-Windows-CertPoleEng%4Operational.evtx
MaximumSizeInBytes             : 1052672
LogMode                        : Circular
OwningProviderName             : Microsoft-Windows-CertPolEng
ProviderNames                  : {Microsoft-Windows-CertPolEng}
ProviderLevel                  : 
ProviderKeywords               : 
ProviderBufferSize             : 64
ProviderMinimumNumberOfBuffers : 0
ProviderMaximumNumberOfBuffers : 64
ProviderLatency                : 1000
ProviderControlGuid            : 

FileSize                       : 69632
IsLogFull                      : False
LastAccessTime                 : 3/31/2023 5:37:36 PM
LastWriteTime                  : 6/29/2022 10:31:09 PM
OldestRecordNumber             : 1
RecordCount                    : 57
LogName                        : Microsoft-Windows-CertificateServicesClient-Lifecycle-User/Operational
LogType                        : Operational
LogIsolation                   : Application
IsEnabled                      : True
IsClassicLog                   : False
SecurityDescriptor             : O:BAG:SYD:(A;;0x2;;;S-1-15-2-1)(A;;0x2;;;S-1-15-3-1024-3153509613-960666767-3724611135-2725662640-12138253-543910227-1950414635-4190290187)(A;;0xf0007;;;SY)(A;;0x7;;;BA)(A;;0x7;;;SO)(A;;0x3;;;IU)(A;;0x3;;;SU)(A;;0x3;;;S-1-5-3)(A;;0x3;;;S-1-5-33)(A;;0x1;;;S-1-5-32-573)
LogFilePath                    : %SystemRoot%\System32\Winevt\Logs\Microsoft-Windows-CertificateServicesClient-Lifecycle-User%4Operational.evtx
MaximumSizeInBytes             : 1052672
LogMode                        : Circular
OwningProviderName             : Microsoft-Windows-CertificateServicesClient-Lifecycle-User
ProviderNames                  : {Microsoft-Windows-CertificateServicesClient-Lifecycle-User}
ProviderLevel                  : 
ProviderKeywords               : 
ProviderBufferSize             : 64
ProviderMinimumNumberOfBuffers : 0
ProviderMaximumNumberOfBuffers : 64
ProviderLatency                : 1000
ProviderControlGuid            : 

FileSize                       : 69632
IsLogFull                      : False
LastAccessTime                 : 3/31/2023 2:17:13 PM
LastWriteTime                  : 3/31/2023 2:17:13 PM
OldestRecordNumber             : 0
RecordCount                    : 0
LogName                        : Microsoft-Windows-CertificateServicesClient-Lifecycle-System/Operational
LogType                        : Operational
LogIsolation                   : System
IsEnabled                      : True
IsClassicLog                   : False
SecurityDescriptor             : O:BAG:SYD:(A;;0xf0007;;;SY)(A;;0x7;;;BA)(A;;0x3;;;BO)(A;;0x5;;;SO)(A;;0x1;;;IU)(A;;0x3;;;SU)(A;;0x1;;;S-1-5-3)(A;;0x2;;;S-1-5-33)(A;;0x1;;;S-1-5-32-573)
LogFilePath                    : %SystemRoot%\System32\Winevt\Logs\Microsoft-Windows-CertificateServicesClient-Lifecycle-System%4Operational.evtx
MaximumSizeInBytes             : 1052672
LogMode                        : Circular
OwningProviderName             : Microsoft-Windows-CertificateServicesClient-Lifecycle-System
ProviderNames                  : {Microsoft-Windows-CertificateServicesClient-Lifecycle-System}
ProviderLevel                  : 
ProviderKeywords               : 
ProviderBufferSize             : 64
ProviderMinimumNumberOfBuffers : 0
ProviderMaximumNumberOfBuffers : 16
ProviderLatency                : 1000
ProviderControlGuid            : 

FileSize                       : 
IsLogFull                      : 
LastAccessTime                 : 
LastWriteTime                  : 
OldestRecordNumber             : 
RecordCount                    : 
LogName                        : Microsoft-Windows-CertificateServicesClient-CredentialRoaming/Operational
LogType                        : Operational
LogIsolation                   : Application
IsEnabled                      : False
IsClassicLog                   : False
SecurityDescriptor             : O:BAG:SYD:(A;;0x2;;;S-1-15-2-1)(A;;0x2;;;S-1-15-3-1024-3153509613-960666767-3724611135-2725662640-12138253-543910227-1950414635-4190290187)(A;;0xf0007;;;SY)(A;;0x7;;;BA)(A;;0x7;;;SO)(A;;0x3;;;IU)(A;;0x3;;;SU)(A;;0x3;;;S-1-5-3)(A;;0x3;;;S-1-5-33)(A;;0x1;;;S-1-5-32-573)
LogFilePath                    : %SystemRoot%\System32\Winevt\Logs\Microsoft-Windows-CertificateServicesClient-CredentialRoaming%4Operational.evtx
MaximumSizeInBytes             : 1052672
LogMode                        : Circular
OwningProviderName             : Microsoft-Windows-CertificateServicesClient-CredentialRoaming
ProviderNames                  : {Microsoft-Windows-CertificateServicesClient-CredentialRoaming}
ProviderLevel                  : 
ProviderKeywords               : 
ProviderBufferSize             : 64
ProviderMinimumNumberOfBuffers : 0
ProviderMaximumNumberOfBuffers : 64
ProviderLatency                : 1000
ProviderControlGuid            : 

FileSize                       : 69632
IsLogFull                      : False
LastAccessTime                 : 3/31/2023 2:17:13 PM
LastWriteTime                  : 3/31/2023 2:17:13 PM
OldestRecordNumber             : 0
RecordCount                    : 0
LogName                        : Microsoft-Windows-BranchCacheSMB/Operational
LogType                        : Operational
LogIsolation                   : Application
IsEnabled                      : True
IsClassicLog                   : False
SecurityDescriptor             : O:BAG:SYD:(A;;0x2;;;S-1-15-2-1)(A;;0x2;;;S-1-15-3-1024-3153509613-960666767-3724611135-2725662640-12138253-543910227-1950414635-4190290187)(A;;0xf0007;;;SY)(A;;0x7;;;BA)(A;;0x7;;;SO)(A;;0x3;;;IU)(A;;0x3;;;SU)(A;;0x3;;;S-1-5-3)(A;;0x3;;;S-1-5-33)(A;;0x1;;;S-1-5-32-573)
LogFilePath                    : %SystemRoot%\System32\Winevt\Logs\Microsoft-Windows-BranchCacheSMB%4Operational.evtx
MaximumSizeInBytes             : 1052672
LogMode                        : Circular
OwningProviderName             : Microsoft-Windows-BranchCacheSMB
ProviderNames                  : {Microsoft-Windows-BranchCacheSMB}
ProviderLevel                  : 
ProviderKeywords               : 
ProviderBufferSize             : 64
ProviderMinimumNumberOfBuffers : 0
ProviderMaximumNumberOfBuffers : 64
ProviderLatency                : 1000
ProviderControlGuid            : 

FileSize                       : 69632
IsLogFull                      : False
LastAccessTime                 : 3/31/2023 2:17:13 PM
LastWriteTime                  : 3/31/2023 2:17:13 PM
OldestRecordNumber             : 0
RecordCount                    : 0
LogName                        : Microsoft-Windows-BranchCache/Operational
LogType                        : Operational
LogIsolation                   : Application
IsEnabled                      : True
IsClassicLog                   : False
SecurityDescriptor             : O:BAG:SYD:(A;;0x2;;;S-1-15-2-1)(A;;0x2;;;S-1-15-3-1024-3153509613-960666767-3724611135-2725662640-12138253-543910227-1950414635-4190290187)(A;;0xf0007;;;SY)(A;;0x7;;;BA)(A;;0x7;;;SO)(A;;0x3;;;IU)(A;;0x3;;;SU)(A;;0x3;;;S-1-5-3)(A;;0x3;;;S-1-5-33)(A;;0x1;;;S-1-5-32-573)
LogFilePath                    : %SystemRoot%\System32\Winevt\Logs\Microsoft-Windows-BranchCache%4Operational.evtx
MaximumSizeInBytes             : 1052672
LogMode                        : Circular
OwningProviderName             : Microsoft-Windows-BranchCache
ProviderNames                  : {Microsoft-Windows-BranchCache}
ProviderLevel                  : 
ProviderKeywords               : 
ProviderBufferSize             : 64
ProviderMinimumNumberOfBuffers : 0
ProviderMaximumNumberOfBuffers : 64
ProviderLatency                : 1000
ProviderControlGuid            : 

FileSize                       : 
IsLogFull                      : 
LastAccessTime                 : 
LastWriteTime                  : 
OldestRecordNumber             : 
RecordCount                    : 
LogName                        : Microsoft-Windows-Bluetooth-Policy/Operational
LogType                        : Operational
LogIsolation                   : System
IsEnabled                      : False
IsClassicLog                   : False
SecurityDescriptor             : O:BAG:SYD:(A;;0xf0007;;;SY)(A;;0x7;;;BA)(A;;0x3;;;BO)(A;;0x5;;;SO)(A;;0x1;;;IU)(A;;0x3;;;SU)(A;;0x1;;;S-1-5-3)(A;;0x2;;;S-1-5-33)(A;;0x1;;;S-1-5-32-573)
LogFilePath                    : %SystemRoot%\System32\Winevt\Logs\Microsoft-Windows-Bluetooth-Policy%4Operational.evtx
MaximumSizeInBytes             : 1052672
LogMode                        : Circular
OwningProviderName             : Microsoft-Windows-Bluetooth-Policy
ProviderNames                  : {Microsoft-Windows-Bluetooth-Policy}
ProviderLevel                  : 
ProviderKeywords               : 
ProviderBufferSize             : 64
ProviderMinimumNumberOfBuffers : 0
ProviderMaximumNumberOfBuffers : 16
ProviderLatency                : 1000
ProviderControlGuid            : 

FileSize                       : 69632
IsLogFull                      : False
LastAccessTime                 : 3/31/2023 2:17:13 PM
LastWriteTime                  : 3/31/2023 2:17:13 PM
OldestRecordNumber             : 0
RecordCount                    : 0
LogName                        : Microsoft-Windows-Bluetooth-MTPEnum/Operational
LogType                        : Operational
LogIsolation                   : System
IsEnabled                      : True
IsClassicLog                   : False
SecurityDescriptor             : O:BAG:SYD:(A;;0xf0007;;;SY)(A;;0x7;;;BA)(A;;0x3;;;BO)(A;;0x5;;;SO)(A;;0x1;;;IU)(A;;0x3;;;SU)(A;;0x1;;;S-1-5-3)(A;;0x2;;;S-1-5-33)(A;;0x1;;;S-1-5-32-573)
LogFilePath                    : %SystemRoot%\System32\Winevt\Logs\Microsoft-Windows-Bluetooth-MTPEnum%4Operational.evtx
MaximumSizeInBytes             : 1052672
LogMode                        : Circular
OwningProviderName             : Microsoft-Windows-Bluetooth-MTPEnum
ProviderNames                  : {Microsoft-Windows-Bluetooth-MTPEnum}
ProviderLevel                  : 
ProviderKeywords               : 
ProviderBufferSize             : 64
ProviderMinimumNumberOfBuffers : 0
ProviderMaximumNumberOfBuffers : 16
ProviderLatency                : 1000
ProviderControlGuid            : 

FileSize                       : 
IsLogFull                      : 
LastAccessTime                 : 
LastWriteTime                  : 
OldestRecordNumber             : 
RecordCount                    : 
LogName                        : Microsoft-Windows-Bluetooth-Bthmini/Operational
LogType                        : Operational
LogIsolation                   : System
IsEnabled                      : False
IsClassicLog                   : False
SecurityDescriptor             : O:BAG:SYD:(A;;0xf0007;;;SY)(A;;0x7;;;BA)(A;;0x3;;;BO)(A;;0x5;;;SO)(A;;0x1;;;IU)(A;;0x3;;;SU)(A;;0x1;;;S-1-5-3)(A;;0x2;;;S-1-5-33)(A;;0x1;;;S-1-5-32-573)
LogFilePath                    : %SystemRoot%\System32\Winevt\Logs\Microsoft-Windows-Bluetooth-Bthmini%4Operational.evtx
MaximumSizeInBytes             : 1052672
LogMode                        : Circular
OwningProviderName             : Microsoft-Windows-Bluetooth-Bthmini
ProviderNames                  : {Microsoft-Windows-Bluetooth-Bthmini}
ProviderLevel                  : 
ProviderKeywords               : 
ProviderBufferSize             : 64
ProviderMinimumNumberOfBuffers : 0
ProviderMaximumNumberOfBuffers : 16
ProviderLatency                : 1000
ProviderControlGuid            : 

FileSize                       : 69632
IsLogFull                      : False
LastAccessTime                 : 3/31/2023 2:17:13 PM
LastWriteTime                  : 3/31/2023 2:17:13 PM
OldestRecordNumber             : 0
RecordCount                    : 0
LogName                        : Microsoft-Windows-Bluetooth-BthLEPrepairing/Operational
LogType                        : Operational
LogIsolation                   : System
IsEnabled                      : True
IsClassicLog                   : False
SecurityDescriptor             : O:BAG:SYD:(A;;0xf0007;;;SY)(A;;0x7;;;BA)(A;;0x3;;;BO)(A;;0x5;;;SO)(A;;0x1;;;IU)(A;;0x3;;;SU)(A;;0x1;;;S-1-5-3)(A;;0x2;;;S-1-5-33)(A;;0x1;;;S-1-5-32-573)
LogFilePath                    : %SystemRoot%\System32\Winevt\Logs\Microsoft-Windows-Bluetooth-BthLEPrepairing%4Operational.evtx
MaximumSizeInBytes             : 1052672
LogMode                        : Circular
OwningProviderName             : Microsoft-Windows-Bluetooth-BthLEPrepairing
ProviderNames                  : {Microsoft-Windows-Bluetooth-BthLEPrepairing}
ProviderLevel                  : 
ProviderKeywords               : 
ProviderBufferSize             : 64
ProviderMinimumNumberOfBuffers : 0
ProviderMaximumNumberOfBuffers : 16
ProviderLatency                : 1000
ProviderControlGuid            : 

